<!DOCTYPE html PUBLIC "-//W3C//DTD XHTML 1.1//EN" "https://www.w3.org/TR/xhtml11/DTD/xhtml11.dtd">
<html xmlns="https://www.w3.org/1999/xhtml">
<head>
<meta http-equiv="content-type" content="text/html; charset=UTF-8"/>
<title>TestNG Report</title>
<style type="text/css">table {margin-bottom:10px;border-collapse:collapse;empty-cells:show}th,td {border:1px solid #009;padding:.25em .5em}th {vertical-align:bottom}td {vertical-align:top}table a {font-weight:bold}.stripe td {background-color: #E6EBF9}.num {text-align:right}.passedodd td {background-color: #3F3}.passedeven td {background-color: #0A0}.skippedodd td {background-color: #DDD}.skippedeven td {background-color: #CCC}.failedodd td,.attn {background-color: #F33}.failedeven td,.stripe .attn {background-color: #D00}.stacktrace {white-space:pre;font-family:monospace}.totop {font-size:85%;text-align:center;border-bottom:2px solid #000}.invisible {display:none}</style>
</head>
<body>
<table>
<tr><th>Test</th><th># Passed</th><th># Skipped</th><th># Retried</th><th># Failed</th><th>Time (ms)</th><th>Included Groups</th><th>Excluded Groups</th></tr>
<tr><th colspan="8">ProjectSuite</th></tr>
<tr><td><a href="#t0">EdgeTest</a></td><td class="num">14</td><td class="num">0</td><td class="num attn">5</td><td class="num attn">1</td><td class="num">988,628</td><td></td><td></td></tr>
</table>
<table id='summary'><thead><tr><th>Class</th><th>Method</th><th>Start</th><th>Time (ms)</th></tr></thead><tbody><tr><th colspan="4">ProjectSuite</th></tr></tbody><tbody id="t0"><tr><th colspan="4">EdgeTest &#8212; failed</th></tr><tr class="failedeven"><td rowspan="1">Amazon.ProjectOne.Testcase_3</td><td><a href="#m0">UnSucessfulLogin_Testcase_3</a></td><td rowspan="1">1711717472574</td><td rowspan="1">13455</td></tr><tr><th colspan="4">EdgeTest &#8212; retried</th></tr><tr class="retriedeven"><td rowspan="2">Amazon.ProjectOne.Testcase_14</td><td><a href="#m1">ProductReview_Testcase_14</a></td><td rowspan="2">1711718141381</td><td rowspan="2">20343</td></tr><tr class="retriedeven"><td><a href="#m2">ProductReview_Testcase_14</a></td></tr><tr class="retriedodd"><td rowspan="3">Amazon.ProjectOne.Testcase_3</td><td><a href="#m3">UnSucessfulLogin_Testcase_3</a></td><td rowspan="3">1711717359920</td><td rowspan="3">18143</td></tr><tr class="retriedodd"><td><a href="#m4">UnSucessfulLogin_Testcase_3</a></td></tr><tr class="retriedodd"><td><a href="#m5">UnSucessfulLogin_Testcase_3</a></td></tr><tr><th colspan="4">EdgeTest &#8212; passed</th></tr><tr class="passedeven"><td rowspan="1">Amazon.ProjectOne.Testcase_1</td><td><a href="#m6">SucesfulRegisterNewUser_Testcase_1</a></td><td rowspan="1">1711717316639</td><td rowspan="1">4021</td></tr><tr class="passedodd"><td rowspan="1">Amazon.ProjectOne.Testcase_10</td><td><a href="#m7">EditCartPage_Testcase_10</a></td><td rowspan="1">1711717771977</td><td rowspan="1">42179</td></tr><tr class="passedeven"><td rowspan="1">Amazon.ProjectOne.Testcase_11</td><td><a href="#m8">ProductCheckOutToOrderReview_Testcase_11</a></td><td rowspan="1">1711717828888</td><td rowspan="1">83139</td></tr><tr class="passedodd"><td rowspan="1">Amazon.ProjectOne.Testcase_12</td><td><a href="#m9">CheckAllPaymentsMethods_Testcase_12</a></td><td rowspan="1">1711717925405</td><td rowspan="1">115285</td></tr><tr class="passedeven"><td rowspan="1">Amazon.ProjectOne.Testcase_13</td><td><a href="#m10">ApplyCouponCode_Testcase_13</a></td><td rowspan="1">1711718059468</td><td rowspan="1">66270</td></tr><tr class="passedodd"><td rowspan="1">Amazon.ProjectOne.Testcase_14</td><td><a href="#m11">ProductReview_Testcase_14</a></td><td rowspan="1">1711718218834</td><td rowspan="1">35487</td></tr><tr class="passedeven"><td rowspan="1">Amazon.ProjectOne.Testcase_15</td><td><a href="#m12">ReachCartWithoutLogin_Testcase_15</a></td><td rowspan="1">1711718269095</td><td rowspan="1">22287</td></tr><tr class="passedodd"><td rowspan="1">Amazon.ProjectOne.Testcase_2</td><td><a href="#m13">SucessfulLogin_Testcase_2</a></td><td rowspan="1">1711717331950</td><td rowspan="1">8519</td></tr><tr class="passedeven"><td rowspan="1">Amazon.ProjectOne.Testcase_4</td><td><a href="#m14">EditUserdetails_Testcase_4</a></td><td rowspan="1">1711717503474</td><td rowspan="1">23356</td></tr><tr class="passedodd"><td rowspan="1">Amazon.ProjectOne.Testcase_5</td><td><a href="#m15">SearchShoes_Testcase_5</a></td><td rowspan="1">1711717542131</td><td rowspan="1">12724</td></tr><tr class="passedeven"><td rowspan="1">Amazon.ProjectOne.Testcase_6</td><td><a href="#m16">SearchShoesWithFilters_Testcase_6</a></td><td rowspan="1">1711717572502</td><td rowspan="1">39848</td></tr><tr class="passedodd"><td rowspan="1">Amazon.ProjectOne.Testcase_7</td><td><a href="#m17">OpenProductDetailsPage_Testcase_7</a></td><td rowspan="1">1711717628137</td><td rowspan="1">55915</td></tr><tr class="passedeven"><td rowspan="1">Amazon.ProjectOne.Testcase_8</td><td><a href="#m18">SortProductBasedOnrelevance_Testcase_8</a></td><td rowspan="1">1711717698048</td><td rowspan="1">19328</td></tr><tr class="passedodd"><td rowspan="1">Amazon.ProjectOne.Testcase_9</td><td><a href="#m19">AddToCart_Testcase_9</a></td><td rowspan="1">1711717730143</td><td rowspan="1">24809</td></tr></tbody>
</table>
<h2>EdgeTest</h2><h3 id="m0">Amazon.ProjectOne.Testcase_3#UnSucessfulLogin_Testcase_3</h3><table class="result"><tr><th>Messages</th></tr><tr><td><div class="messages">Test Case Started</div></td></tr><tr><th>Exception</th></tr><tr><td><div class="stacktrace">org.openqa.selenium.NoSuchElementException: no such element: Unable to locate element: {&quot;method&quot;:&quot;xpath&quot;,&quot;selector&quot;:&quot;//span[@class=&apos;a-list-item&apos;]&quot;}
  (Session info: MicrosoftEdge=122.0.2365.92)
For documentation on this error, please visit: https://www.selenium.dev/documentation/webdriver/troubleshooting/errors#no-such-element-exception
Build info: version: &apos;4.16.1&apos;, revision: &apos;9b4c83354e&apos;
System info: os.name: &apos;Windows 11&apos;, os.arch: &apos;amd64&apos;, os.version: &apos;10.0&apos;, java.version: &apos;17.0.9&apos;
Driver info: org.openqa.selenium.edge.EdgeDriver
Command: [bdcf8cd65a60909fb059d49658a2faa5, findElement {using=xpath, value=//span[@class=&apos;a-list-item&apos;]}]
Capabilities {acceptInsecureCerts: false, browserName: MicrosoftEdge, browserVersion: 122.0.2365.92, fedcm:accounts: true, ms:edgeOptions: {debuggerAddress: localhost:56318}, msedge: {msedgedriverVersion: 122.0.2365.106 (a5761ec7165..., userDataDir: C:\Users\Richard\AppData\Lo...}, networkConnectionEnabled: false, pageLoadStrategy: normal, platformName: windows, proxy: Proxy(), se:cdp: ws://localhost:56318/devtoo..., se:cdpVersion: 122.0.2365.92, setWindowRect: true, strictFileInteractability: false, timeouts: {implicit: 0, pageLoad: 300000, script: 30000}, unhandledPromptBehavior: dismiss and notify, webauthn:extension:credBlob: true, webauthn:extension:largeBlob: true, webauthn:extension:minPinLength: true, webauthn:extension:prf: true, webauthn:virtualAuthenticators: true}
Session ID: bdcf8cd65a60909fb059d49658a2faa5
	at org.openqa.selenium.remote.codec.w3c.W3CHttpResponseCodec.createException(W3CHttpResponseCodec.java:200)
	at org.openqa.selenium.remote.codec.w3c.W3CHttpResponseCodec.decode(W3CHttpResponseCodec.java:133)
	at org.openqa.selenium.remote.codec.w3c.W3CHttpResponseCodec.decode(W3CHttpResponseCodec.java:52)
	at org.openqa.selenium.remote.HttpCommandExecutor.execute(HttpCommandExecutor.java:191)
	at org.openqa.selenium.remote.service.DriverCommandExecutor.invokeExecute(DriverCommandExecutor.java:200)
	at org.openqa.selenium.remote.service.DriverCommandExecutor.execute(DriverCommandExecutor.java:175)
	at org.openqa.selenium.remote.RemoteWebDriver.execute(RemoteWebDriver.java:523)
	at org.openqa.selenium.remote.ElementLocation$ElementFinder$2.findElement(ElementLocation.java:165)
	at org.openqa.selenium.remote.ElementLocation.findElement(ElementLocation.java:59)
	at org.openqa.selenium.remote.RemoteWebDriver.findElement(RemoteWebDriver.java:360)
	at org.openqa.selenium.remote.RemoteWebDriver.findElement(RemoteWebDriver.java:354)
	at org.openqa.selenium.support.pagefactory.DefaultElementLocator.findElement(DefaultElementLocator.java:68)
	at org.openqa.selenium.support.pagefactory.internal.LocatingElementHandler.invoke(LocatingElementHandler.java:38)
	at jdk.proxy2/jdk.proxy2.$Proxy15.isDisplayed(Unknown Source)
	at Amazon.ProjectOne.Amz_B2C_Sign_In_Page_4.ChectText(Amz_B2C_Sign_In_Page_4.java:22)
	at Amazon.ProjectOne.Testcase_3.UnSucessfulLogin_Testcase_3(Testcase_3.java:41)
	at java.base/java.util.ArrayList.forEach(ArrayList.java:1511)
... Removed 32 stack frames</div></td></tr></table><p class="totop"><a href="#summary">back to summary</a></p>
<h3 id="m1">Amazon.ProjectOne.Testcase_14#ProductReview_Testcase_14</h3><table class="result"><tr><th>Messages</th></tr><tr><td><div class="messages">Test Case Started<br/>Routing to the login Page is Done<br/>Sucessful Login is Done</div></td></tr><tr><th>Exception</th></tr><tr><td><div class="stacktrace">org.openqa.selenium.json.JsonException: java.lang.reflect.InvocationTargetException
Build info: version: &apos;4.16.1&apos;, revision: &apos;9b4c83354e&apos;
System info: os.name: &apos;Windows 11&apos;, os.arch: &apos;amd64&apos;, os.version: &apos;10.0&apos;, java.version: &apos;17.0.9&apos;
Driver info: org.openqa.selenium.edge.EdgeDriver
Command: [fcdb6528edc01ee55b0a99d685837326, actions {actions=[org.openqa.selenium.interactions.Sequence@73a116d]}]
Capabilities {acceptInsecureCerts: false, browserName: MicrosoftEdge, browserVersion: 122.0.2365.92, fedcm:accounts: true, ms:edgeOptions: {debuggerAddress: localhost:58780}, msedge: {msedgedriverVersion: 122.0.2365.106 (a5761ec7165..., userDataDir: C:\Users\Richard\AppData\Lo...}, networkConnectionEnabled: false, pageLoadStrategy: normal, platformName: windows, proxy: Proxy(), se:cdp: ws://localhost:58780/devtoo..., se:cdpVersion: 122.0.2365.92, setWindowRect: true, strictFileInteractability: false, timeouts: {implicit: 0, pageLoad: 300000, script: 30000}, unhandledPromptBehavior: dismiss and notify, webauthn:extension:credBlob: true, webauthn:extension:largeBlob: true, webauthn:extension:minPinLength: true, webauthn:extension:prf: true, webauthn:virtualAuthenticators: true}
Session ID: fcdb6528edc01ee55b0a99d685837326
	at org.openqa.selenium.json.JsonOutput.convertUsingMethod(JsonOutput.java:520)
	at org.openqa.selenium.json.JsonOutput.lambda$new$16(JsonOutput.java:182)
	at org.openqa.selenium.json.JsonOutput.write0(JsonOutput.java:409)
	at org.openqa.selenium.json.JsonOutput.lambda$new$22(JsonOutput.java:204)
	at java.base/java.util.stream.ForEachOps$ForEachOp$OfRef.accept(ForEachOps.java:183)
	at java.base/java.util.stream.ReferencePipeline$2$1.accept(ReferencePipeline.java:179)
	at java.base/java.util.Iterator.forEachRemaining(Iterator.java:133)
	at java.base/java.util.Spliterators$IteratorSpliterator.forEachRemaining(Spliterators.java:1845)
	at java.base/java.util.stream.AbstractPipeline.copyInto(AbstractPipeline.java:509)
	at java.base/java.util.stream.AbstractPipeline.wrapAndCopyInto(AbstractPipeline.java:499)
	at java.base/java.util.stream.ForEachOps$ForEachOp.evaluateSequential(ForEachOps.java:150)
	at java.base/java.util.stream.ForEachOps$ForEachOp$OfRef.evaluateSequential(ForEachOps.java:173)
	at java.base/java.util.stream.AbstractPipeline.evaluate(AbstractPipeline.java:234)
	at java.base/java.util.stream.ReferencePipeline.forEach(ReferencePipeline.java:596)
	at org.openqa.selenium.json.JsonOutput.lambda$new$23(JsonOutput.java:204)
	at org.openqa.selenium.json.JsonOutput.write0(JsonOutput.java:409)
	at org.openqa.selenium.json.JsonOutput.lambda$new$24(JsonOutput.java:222)
	at com.google.common.collect.SingletonImmutableBiMap.forEach(SingletonImmutableBiMap.java:68)
	at org.openqa.selenium.json.JsonOutput.lambda$new$25(JsonOutput.java:217)
	at org.openqa.selenium.json.JsonOutput.write0(JsonOutput.java:409)
	at org.openqa.selenium.json.JsonOutput.write(JsonOutput.java:400)
	at org.openqa.selenium.json.Json.toJson(Json.java:133)
	at org.openqa.selenium.json.Json.toJson(Json.java:119)
	at org.openqa.selenium.remote.codec.AbstractHttpCommandCodec.encode(AbstractHttpCommandCodec.java:280)
	at org.openqa.selenium.remote.codec.AbstractHttpCommandCodec.encode(AbstractHttpCommandCodec.java:130)
	at org.openqa.selenium.remote.HttpCommandExecutor.execute(HttpCommandExecutor.java:179)
	at org.openqa.selenium.remote.service.DriverCommandExecutor.invokeExecute(DriverCommandExecutor.java:200)
	at org.openqa.selenium.remote.service.DriverCommandExecutor.execute(DriverCommandExecutor.java:175)
	at org.openqa.selenium.remote.RemoteWebDriver.execute(RemoteWebDriver.java:523)
	at org.openqa.selenium.remote.RemoteWebDriver.perform(RemoteWebDriver.java:609)
	at org.openqa.selenium.interactions.Actions$BuiltAction.perform(Actions.java:598)
	at org.openqa.selenium.interactions.Actions.perform(Actions.java:567)
	at Amazon.ProjectOne.Testcase_14.ProductReview_Testcase_14(Testcase_14.java:52)
	at java.base/java.util.ArrayList.forEach(ArrayList.java:1511)
	Suppressed: org.openqa.selenium.json.JsonException: Attempting to close incomplete json stream
Build info: version: &apos;4.16.1&apos;, revision: &apos;9b4c83354e&apos;
System info: os.name: &apos;Windows 11&apos;, os.arch: &apos;amd64&apos;, os.version: &apos;10.0&apos;, java.version: &apos;17.0.9&apos;
Driver info: driver.version: RemoteWebDriver
		at org.openqa.selenium.json.JsonOutput.close(JsonOutput.java:431)
		at org.openqa.selenium.json.Json.toJson(Json.java:131)
		... 39 more
	at org.openqa.selenium.json.JsonOutput.convertUsingMethod(JsonOutput.java:516)
	... 60 more
Caused by: org.openqa.selenium.NoSuchElementException: no such element: Unable to locate element: {&quot;method&quot;:&quot;xpath&quot;,&quot;selector&quot;:&quot;(//span[@class=&apos;nav-icon nav-arrow&apos;])[2]&quot;}
  (Session info: MicrosoftEdge=122.0.2365.92)
For documentation on this error, please visit: https://www.selenium.dev/documentation/webdriver/troubleshooting/errors#no-such-element-exception
Build info: version: &apos;4.16.1&apos;, revision: &apos;9b4c83354e&apos;
System info: os.name: &apos;Windows 11&apos;, os.arch: &apos;amd64&apos;, os.version: &apos;10.0&apos;, java.version: &apos;17.0.9&apos;
Driver info: org.openqa.selenium.edge.EdgeDriver
Command: [fcdb6528edc01ee55b0a99d685837326, findElement {using=xpath, value=(//span[@class=&apos;nav-icon nav-arrow&apos;])[2]}]
Capabilities {acceptInsecureCerts: false, browserName: MicrosoftEdge, browserVersion: 122.0.2365.92, fedcm:accounts: true, ms:edgeOptions: {debuggerAddress: localhost:58780}, msedge: {msedgedriverVersion: 122.0.2365.106 (a5761ec7165..., userDataDir: C:\Users\Richard\AppData\Lo...}, networkConnectionEnabled: false, pageLoadStrategy: normal, platformName: windows, proxy: Proxy(), se:cdp: ws://localhost:58780/devtoo..., se:cdpVersion: 122.0.2365.92, setWindowRect: true, strictFileInteractability: false, timeouts: {implicit: 0, pageLoad: 300000, script: 30000}, unhandledPromptBehavior: dismiss and notify, webauthn:extension:credBlob: true, webauthn:extension:largeBlob: true, webauthn:extension:minPinLength: true, webauthn:extension:prf: true, webauthn:virtualAuthenticators: true}
Session ID: fcdb6528edc01ee55b0a99d685837326
	at org.openqa.selenium.remote.codec.w3c.W3CHttpResponseCodec.createException(W3CHttpResponseCodec.java:200)
	at org.openqa.selenium.remote.codec.w3c.W3CHttpResponseCodec.decode(W3CHttpResponseCodec.java:133)
	at org.openqa.selenium.remote.codec.w3c.W3CHttpResponseCodec.decode(W3CHttpResponseCodec.java:52)
	at org.openqa.selenium.remote.HttpCommandExecutor.execute(HttpCommandExecutor.java:191)
	at org.openqa.selenium.remote.service.DriverCommandExecutor.invokeExecute(DriverCommandExecutor.java:200)
	at org.openqa.selenium.remote.service.DriverCommandExecutor.execute(DriverCommandExecutor.java:175)
	at org.openqa.selenium.remote.RemoteWebDriver.execute(RemoteWebDriver.java:523)
	at org.openqa.selenium.remote.ElementLocation$ElementFinder$2.findElement(ElementLocation.java:165)
	at org.openqa.selenium.remote.ElementLocation.findElement(ElementLocation.java:59)
	at org.openqa.selenium.remote.RemoteWebDriver.findElement(RemoteWebDriver.java:360)
	at org.openqa.selenium.remote.RemoteWebDriver.findElement(RemoteWebDriver.java:354)
	at org.openqa.selenium.support.pagefactory.DefaultElementLocator.findElement(DefaultElementLocator.java:68)
	at org.openqa.selenium.support.pagefactory.internal.LocatingElementHandler.invoke(LocatingElementHandler.java:38)
	at jdk.proxy2/jdk.proxy2.$Proxy15.getWrappedElement(Unknown Source)
	at org.openqa.selenium.interactions.PointerInput$Origin.asArg(PointerInput.java:259)
	at org.openqa.selenium.interactions.PointerInput$Move.encode(PointerInput.java:208)
	at org.openqa.selenium.interactions.Sequence.encode(Sequence.java:72)
	at org.openqa.selenium.interactions.Sequence.toJson(Sequence.java:81)
	... 65 more
... Removed 37 stack frames</div></td></tr></table><p class="totop"><a href="#summary">back to summary</a></p>
<h3 id="m2">Amazon.ProjectOne.Testcase_14#ProductReview_Testcase_14</h3><table class="result"><tr><th>Messages</th></tr><tr><td><div class="messages">Test Case Started<br/>Routing to the login Page is Done<br/>Sucessful Login is Done</div></td></tr><tr><th>Exception</th></tr><tr><td><div class="stacktrace">org.openqa.selenium.json.JsonException: java.lang.reflect.InvocationTargetException
Build info: version: &apos;4.16.1&apos;, revision: &apos;9b4c83354e&apos;
System info: os.name: &apos;Windows 11&apos;, os.arch: &apos;amd64&apos;, os.version: &apos;10.0&apos;, java.version: &apos;17.0.9&apos;
Driver info: org.openqa.selenium.edge.EdgeDriver
Command: [457291bed3e026b98a42882cdef8a82d, actions {actions=[org.openqa.selenium.interactions.Sequence@44618fe6]}]
Capabilities {acceptInsecureCerts: false, browserName: MicrosoftEdge, browserVersion: 122.0.2365.92, fedcm:accounts: true, ms:edgeOptions: {debuggerAddress: localhost:58925}, msedge: {msedgedriverVersion: 122.0.2365.106 (a5761ec7165..., userDataDir: C:\Users\Richard\AppData\Lo...}, networkConnectionEnabled: false, pageLoadStrategy: normal, platformName: windows, proxy: Proxy(), se:cdp: ws://localhost:58925/devtoo..., se:cdpVersion: 122.0.2365.92, setWindowRect: true, strictFileInteractability: false, timeouts: {implicit: 0, pageLoad: 300000, script: 30000}, unhandledPromptBehavior: dismiss and notify, webauthn:extension:credBlob: true, webauthn:extension:largeBlob: true, webauthn:extension:minPinLength: true, webauthn:extension:prf: true, webauthn:virtualAuthenticators: true}
Session ID: 457291bed3e026b98a42882cdef8a82d
	at org.openqa.selenium.json.JsonOutput.convertUsingMethod(JsonOutput.java:520)
	at org.openqa.selenium.json.JsonOutput.lambda$new$16(JsonOutput.java:182)
	at org.openqa.selenium.json.JsonOutput.write0(JsonOutput.java:409)
	at org.openqa.selenium.json.JsonOutput.lambda$new$22(JsonOutput.java:204)
	at java.base/java.util.stream.ForEachOps$ForEachOp$OfRef.accept(ForEachOps.java:183)
	at java.base/java.util.stream.ReferencePipeline$2$1.accept(ReferencePipeline.java:179)
	at java.base/java.util.Iterator.forEachRemaining(Iterator.java:133)
	at java.base/java.util.Spliterators$IteratorSpliterator.forEachRemaining(Spliterators.java:1845)
	at java.base/java.util.stream.AbstractPipeline.copyInto(AbstractPipeline.java:509)
	at java.base/java.util.stream.AbstractPipeline.wrapAndCopyInto(AbstractPipeline.java:499)
	at java.base/java.util.stream.ForEachOps$ForEachOp.evaluateSequential(ForEachOps.java:150)
	at java.base/java.util.stream.ForEachOps$ForEachOp$OfRef.evaluateSequential(ForEachOps.java:173)
	at java.base/java.util.stream.AbstractPipeline.evaluate(AbstractPipeline.java:234)
	at java.base/java.util.stream.ReferencePipeline.forEach(ReferencePipeline.java:596)
	at org.openqa.selenium.json.JsonOutput.lambda$new$23(JsonOutput.java:204)
	at org.openqa.selenium.json.JsonOutput.write0(JsonOutput.java:409)
	at org.openqa.selenium.json.JsonOutput.lambda$new$24(JsonOutput.java:222)
	at com.google.common.collect.SingletonImmutableBiMap.forEach(SingletonImmutableBiMap.java:68)
	at org.openqa.selenium.json.JsonOutput.lambda$new$25(JsonOutput.java:217)
	at org.openqa.selenium.json.JsonOutput.write0(JsonOutput.java:409)
	at org.openqa.selenium.json.JsonOutput.write(JsonOutput.java:400)
	at org.openqa.selenium.json.Json.toJson(Json.java:133)
	at org.openqa.selenium.json.Json.toJson(Json.java:119)
	at org.openqa.selenium.remote.codec.AbstractHttpCommandCodec.encode(AbstractHttpCommandCodec.java:280)
	at org.openqa.selenium.remote.codec.AbstractHttpCommandCodec.encode(AbstractHttpCommandCodec.java:130)
	at org.openqa.selenium.remote.HttpCommandExecutor.execute(HttpCommandExecutor.java:179)
	at org.openqa.selenium.remote.service.DriverCommandExecutor.invokeExecute(DriverCommandExecutor.java:200)
	at org.openqa.selenium.remote.service.DriverCommandExecutor.execute(DriverCommandExecutor.java:175)
	at org.openqa.selenium.remote.RemoteWebDriver.execute(RemoteWebDriver.java:523)
	at org.openqa.selenium.remote.RemoteWebDriver.perform(RemoteWebDriver.java:609)
	at org.openqa.selenium.interactions.Actions$BuiltAction.perform(Actions.java:598)
	at org.openqa.selenium.interactions.Actions.perform(Actions.java:567)
	at Amazon.ProjectOne.Testcase_14.ProductReview_Testcase_14(Testcase_14.java:52)
	at java.base/java.util.ArrayList.forEach(ArrayList.java:1511)
	Suppressed: org.openqa.selenium.json.JsonException: Attempting to close incomplete json stream
Build info: version: &apos;4.16.1&apos;, revision: &apos;9b4c83354e&apos;
System info: os.name: &apos;Windows 11&apos;, os.arch: &apos;amd64&apos;, os.version: &apos;10.0&apos;, java.version: &apos;17.0.9&apos;
Driver info: driver.version: RemoteWebDriver
		at org.openqa.selenium.json.JsonOutput.close(JsonOutput.java:431)
		at org.openqa.selenium.json.Json.toJson(Json.java:131)
		... 39 more
	at org.openqa.selenium.json.JsonOutput.convertUsingMethod(JsonOutput.java:516)
	... 60 more
Caused by: org.openqa.selenium.NoSuchElementException: no such element: Unable to locate element: {&quot;method&quot;:&quot;xpath&quot;,&quot;selector&quot;:&quot;(//span[@class=&apos;nav-icon nav-arrow&apos;])[2]&quot;}
  (Session info: MicrosoftEdge=122.0.2365.92)
For documentation on this error, please visit: https://www.selenium.dev/documentation/webdriver/troubleshooting/errors#no-such-element-exception
Build info: version: &apos;4.16.1&apos;, revision: &apos;9b4c83354e&apos;
System info: os.name: &apos;Windows 11&apos;, os.arch: &apos;amd64&apos;, os.version: &apos;10.0&apos;, java.version: &apos;17.0.9&apos;
Driver info: org.openqa.selenium.edge.EdgeDriver
Command: [457291bed3e026b98a42882cdef8a82d, findElement {using=xpath, value=(//span[@class=&apos;nav-icon nav-arrow&apos;])[2]}]
Capabilities {acceptInsecureCerts: false, browserName: MicrosoftEdge, browserVersion: 122.0.2365.92, fedcm:accounts: true, ms:edgeOptions: {debuggerAddress: localhost:58925}, msedge: {msedgedriverVersion: 122.0.2365.106 (a5761ec7165..., userDataDir: C:\Users\Richard\AppData\Lo...}, networkConnectionEnabled: false, pageLoadStrategy: normal, platformName: windows, proxy: Proxy(), se:cdp: ws://localhost:58925/devtoo..., se:cdpVersion: 122.0.2365.92, setWindowRect: true, strictFileInteractability: false, timeouts: {implicit: 0, pageLoad: 300000, script: 30000}, unhandledPromptBehavior: dismiss and notify, webauthn:extension:credBlob: true, webauthn:extension:largeBlob: true, webauthn:extension:minPinLength: true, webauthn:extension:prf: true, webauthn:virtualAuthenticators: true}
Session ID: 457291bed3e026b98a42882cdef8a82d
	at org.openqa.selenium.remote.codec.w3c.W3CHttpResponseCodec.createException(W3CHttpResponseCodec.java:200)
	at org.openqa.selenium.remote.codec.w3c.W3CHttpResponseCodec.decode(W3CHttpResponseCodec.java:133)
	at org.openqa.selenium.remote.codec.w3c.W3CHttpResponseCodec.decode(W3CHttpResponseCodec.java:52)
	at org.openqa.selenium.remote.HttpCommandExecutor.execute(HttpCommandExecutor.java:191)
	at org.openqa.selenium.remote.service.DriverCommandExecutor.invokeExecute(DriverCommandExecutor.java:200)
	at org.openqa.selenium.remote.service.DriverCommandExecutor.execute(DriverCommandExecutor.java:175)
	at org.openqa.selenium.remote.RemoteWebDriver.execute(RemoteWebDriver.java:523)
	at org.openqa.selenium.remote.ElementLocation$ElementFinder$2.findElement(ElementLocation.java:165)
	at org.openqa.selenium.remote.ElementLocation.findElement(ElementLocation.java:59)
	at org.openqa.selenium.remote.RemoteWebDriver.findElement(RemoteWebDriver.java:360)
	at org.openqa.selenium.remote.RemoteWebDriver.findElement(RemoteWebDriver.java:354)
	at org.openqa.selenium.support.pagefactory.DefaultElementLocator.findElement(DefaultElementLocator.java:68)
	at org.openqa.selenium.support.pagefactory.internal.LocatingElementHandler.invoke(LocatingElementHandler.java:38)
	at jdk.proxy2/jdk.proxy2.$Proxy15.getWrappedElement(Unknown Source)
	at org.openqa.selenium.interactions.PointerInput$Origin.asArg(PointerInput.java:259)
	at org.openqa.selenium.interactions.PointerInput$Move.encode(PointerInput.java:208)
	at org.openqa.selenium.interactions.Sequence.encode(Sequence.java:72)
	at org.openqa.selenium.interactions.Sequence.toJson(Sequence.java:81)
	... 65 more
... Removed 37 stack frames</div></td></tr></table><p class="totop"><a href="#summary">back to summary</a></p>
<h3 id="m3">Amazon.ProjectOne.Testcase_3#UnSucessfulLogin_Testcase_3</h3><table class="result"><tr><th>Messages</th></tr><tr><td><div class="messages">Test Case Started</div></td></tr><tr><th>Exception</th></tr><tr><td><div class="stacktrace">org.openqa.selenium.NoSuchElementException: no such element: Unable to locate element: {&quot;method&quot;:&quot;xpath&quot;,&quot;selector&quot;:&quot;//span[@class=&apos;a-list-item&apos;]&quot;}
  (Session info: MicrosoftEdge=122.0.2365.92)
For documentation on this error, please visit: https://www.selenium.dev/documentation/webdriver/troubleshooting/errors#no-such-element-exception
Build info: version: &apos;4.16.1&apos;, revision: &apos;9b4c83354e&apos;
System info: os.name: &apos;Windows 11&apos;, os.arch: &apos;amd64&apos;, os.version: &apos;10.0&apos;, java.version: &apos;17.0.9&apos;
Driver info: org.openqa.selenium.edge.EdgeDriver
Command: [a9f74d478e64eb10ff05e4d623a08b04, findElement {using=xpath, value=//span[@class=&apos;a-list-item&apos;]}]
Capabilities {acceptInsecureCerts: false, browserName: MicrosoftEdge, browserVersion: 122.0.2365.92, fedcm:accounts: true, ms:edgeOptions: {debuggerAddress: localhost:55865}, msedge: {msedgedriverVersion: 122.0.2365.106 (a5761ec7165..., userDataDir: C:\Users\Richard\AppData\Lo...}, networkConnectionEnabled: false, pageLoadStrategy: normal, platformName: windows, proxy: Proxy(), se:cdp: ws://localhost:55865/devtoo..., se:cdpVersion: 122.0.2365.92, setWindowRect: true, strictFileInteractability: false, timeouts: {implicit: 0, pageLoad: 300000, script: 30000}, unhandledPromptBehavior: dismiss and notify, webauthn:extension:credBlob: true, webauthn:extension:largeBlob: true, webauthn:extension:minPinLength: true, webauthn:extension:prf: true, webauthn:virtualAuthenticators: true}
Session ID: a9f74d478e64eb10ff05e4d623a08b04
	at org.openqa.selenium.remote.codec.w3c.W3CHttpResponseCodec.createException(W3CHttpResponseCodec.java:200)
	at org.openqa.selenium.remote.codec.w3c.W3CHttpResponseCodec.decode(W3CHttpResponseCodec.java:133)
	at org.openqa.selenium.remote.codec.w3c.W3CHttpResponseCodec.decode(W3CHttpResponseCodec.java:52)
	at org.openqa.selenium.remote.HttpCommandExecutor.execute(HttpCommandExecutor.java:191)
	at org.openqa.selenium.remote.service.DriverCommandExecutor.invokeExecute(DriverCommandExecutor.java:200)
	at org.openqa.selenium.remote.service.DriverCommandExecutor.execute(DriverCommandExecutor.java:175)
	at org.openqa.selenium.remote.RemoteWebDriver.execute(RemoteWebDriver.java:523)
	at org.openqa.selenium.remote.ElementLocation$ElementFinder$2.findElement(ElementLocation.java:165)
	at org.openqa.selenium.remote.ElementLocation.findElement(ElementLocation.java:59)
	at org.openqa.selenium.remote.RemoteWebDriver.findElement(RemoteWebDriver.java:360)
	at org.openqa.selenium.remote.RemoteWebDriver.findElement(RemoteWebDriver.java:354)
	at org.openqa.selenium.support.pagefactory.DefaultElementLocator.findElement(DefaultElementLocator.java:68)
	at org.openqa.selenium.support.pagefactory.internal.LocatingElementHandler.invoke(LocatingElementHandler.java:38)
	at jdk.proxy2/jdk.proxy2.$Proxy15.isDisplayed(Unknown Source)
	at Amazon.ProjectOne.Amz_B2C_Sign_In_Page_4.ChectText(Amz_B2C_Sign_In_Page_4.java:22)
	at Amazon.ProjectOne.Testcase_3.UnSucessfulLogin_Testcase_3(Testcase_3.java:41)
	at java.base/java.util.ArrayList.forEach(ArrayList.java:1511)
... Removed 32 stack frames</div></td></tr></table><p class="totop"><a href="#summary">back to summary</a></p>
<h3 id="m4">Amazon.ProjectOne.Testcase_3#UnSucessfulLogin_Testcase_3</h3><table class="result"><tr><th>Messages</th></tr><tr><td><div class="messages">Test Case Started</div></td></tr><tr><th>Exception</th></tr><tr><td><div class="stacktrace">org.openqa.selenium.NoSuchElementException: no such element: Unable to locate element: {&quot;method&quot;:&quot;xpath&quot;,&quot;selector&quot;:&quot;//span[@class=&apos;a-list-item&apos;]&quot;}
  (Session info: MicrosoftEdge=122.0.2365.92)
For documentation on this error, please visit: https://www.selenium.dev/documentation/webdriver/troubleshooting/errors#no-such-element-exception
Build info: version: &apos;4.16.1&apos;, revision: &apos;9b4c83354e&apos;
System info: os.name: &apos;Windows 11&apos;, os.arch: &apos;amd64&apos;, os.version: &apos;10.0&apos;, java.version: &apos;17.0.9&apos;
Driver info: org.openqa.selenium.edge.EdgeDriver
Command: [07b95cb3d95b94754fef3263b19837f5, findElement {using=xpath, value=//span[@class=&apos;a-list-item&apos;]}]
Capabilities {acceptInsecureCerts: false, browserName: MicrosoftEdge, browserVersion: 122.0.2365.92, fedcm:accounts: true, ms:edgeOptions: {debuggerAddress: localhost:56021}, msedge: {msedgedriverVersion: 122.0.2365.106 (a5761ec7165..., userDataDir: C:\Users\Richard\AppData\Lo...}, networkConnectionEnabled: false, pageLoadStrategy: normal, platformName: windows, proxy: Proxy(), se:cdp: ws://localhost:56021/devtoo..., se:cdpVersion: 122.0.2365.92, setWindowRect: true, strictFileInteractability: false, timeouts: {implicit: 0, pageLoad: 300000, script: 30000}, unhandledPromptBehavior: dismiss and notify, webauthn:extension:credBlob: true, webauthn:extension:largeBlob: true, webauthn:extension:minPinLength: true, webauthn:extension:prf: true, webauthn:virtualAuthenticators: true}
Session ID: 07b95cb3d95b94754fef3263b19837f5
	at org.openqa.selenium.remote.codec.w3c.W3CHttpResponseCodec.createException(W3CHttpResponseCodec.java:200)
	at org.openqa.selenium.remote.codec.w3c.W3CHttpResponseCodec.decode(W3CHttpResponseCodec.java:133)
	at org.openqa.selenium.remote.codec.w3c.W3CHttpResponseCodec.decode(W3CHttpResponseCodec.java:52)
	at org.openqa.selenium.remote.HttpCommandExecutor.execute(HttpCommandExecutor.java:191)
	at org.openqa.selenium.remote.service.DriverCommandExecutor.invokeExecute(DriverCommandExecutor.java:200)
	at org.openqa.selenium.remote.service.DriverCommandExecutor.execute(DriverCommandExecutor.java:175)
	at org.openqa.selenium.remote.RemoteWebDriver.execute(RemoteWebDriver.java:523)
	at org.openqa.selenium.remote.ElementLocation$ElementFinder$2.findElement(ElementLocation.java:165)
	at org.openqa.selenium.remote.ElementLocation.findElement(ElementLocation.java:59)
	at org.openqa.selenium.remote.RemoteWebDriver.findElement(RemoteWebDriver.java:360)
	at org.openqa.selenium.remote.RemoteWebDriver.findElement(RemoteWebDriver.java:354)
	at org.openqa.selenium.support.pagefactory.DefaultElementLocator.findElement(DefaultElementLocator.java:68)
	at org.openqa.selenium.support.pagefactory.internal.LocatingElementHandler.invoke(LocatingElementHandler.java:38)
	at jdk.proxy2/jdk.proxy2.$Proxy15.isDisplayed(Unknown Source)
	at Amazon.ProjectOne.Amz_B2C_Sign_In_Page_4.ChectText(Amz_B2C_Sign_In_Page_4.java:22)
	at Amazon.ProjectOne.Testcase_3.UnSucessfulLogin_Testcase_3(Testcase_3.java:41)
	at java.base/java.util.ArrayList.forEach(ArrayList.java:1511)
... Removed 32 stack frames</div></td></tr></table><p class="totop"><a href="#summary">back to summary</a></p>
<h3 id="m5">Amazon.ProjectOne.Testcase_3#UnSucessfulLogin_Testcase_3</h3><table class="result"><tr><th>Messages</th></tr><tr><td><div class="messages">Test Case Started</div></td></tr><tr><th>Exception</th></tr><tr><td><div class="stacktrace">org.openqa.selenium.NoSuchElementException: no such element: Unable to locate element: {&quot;method&quot;:&quot;xpath&quot;,&quot;selector&quot;:&quot;//span[@class=&apos;a-list-item&apos;]&quot;}
  (Session info: MicrosoftEdge=122.0.2365.92)
For documentation on this error, please visit: https://www.selenium.dev/documentation/webdriver/troubleshooting/errors#no-such-element-exception
Build info: version: &apos;4.16.1&apos;, revision: &apos;9b4c83354e&apos;
System info: os.name: &apos;Windows 11&apos;, os.arch: &apos;amd64&apos;, os.version: &apos;10.0&apos;, java.version: &apos;17.0.9&apos;
Driver info: org.openqa.selenium.edge.EdgeDriver
Command: [f20a5999eefdc407f8f9dde248600022, findElement {using=xpath, value=//span[@class=&apos;a-list-item&apos;]}]
Capabilities {acceptInsecureCerts: false, browserName: MicrosoftEdge, browserVersion: 122.0.2365.92, fedcm:accounts: true, ms:edgeOptions: {debuggerAddress: localhost:56167}, msedge: {msedgedriverVersion: 122.0.2365.106 (a5761ec7165..., userDataDir: C:\Users\Richard\AppData\Lo...}, networkConnectionEnabled: false, pageLoadStrategy: normal, platformName: windows, proxy: Proxy(), se:cdp: ws://localhost:56167/devtoo..., se:cdpVersion: 122.0.2365.92, setWindowRect: true, strictFileInteractability: false, timeouts: {implicit: 0, pageLoad: 300000, script: 30000}, unhandledPromptBehavior: dismiss and notify, webauthn:extension:credBlob: true, webauthn:extension:largeBlob: true, webauthn:extension:minPinLength: true, webauthn:extension:prf: true, webauthn:virtualAuthenticators: true}
Session ID: f20a5999eefdc407f8f9dde248600022
	at org.openqa.selenium.remote.codec.w3c.W3CHttpResponseCodec.createException(W3CHttpResponseCodec.java:200)
	at org.openqa.selenium.remote.codec.w3c.W3CHttpResponseCodec.decode(W3CHttpResponseCodec.java:133)
	at org.openqa.selenium.remote.codec.w3c.W3CHttpResponseCodec.decode(W3CHttpResponseCodec.java:52)
	at org.openqa.selenium.remote.HttpCommandExecutor.execute(HttpCommandExecutor.java:191)
	at org.openqa.selenium.remote.service.DriverCommandExecutor.invokeExecute(DriverCommandExecutor.java:200)
	at org.openqa.selenium.remote.service.DriverCommandExecutor.execute(DriverCommandExecutor.java:175)
	at org.openqa.selenium.remote.RemoteWebDriver.execute(RemoteWebDriver.java:523)
	at org.openqa.selenium.remote.ElementLocation$ElementFinder$2.findElement(ElementLocation.java:165)
	at org.openqa.selenium.remote.ElementLocation.findElement(ElementLocation.java:59)
	at org.openqa.selenium.remote.RemoteWebDriver.findElement(RemoteWebDriver.java:360)
	at org.openqa.selenium.remote.RemoteWebDriver.findElement(RemoteWebDriver.java:354)
	at org.openqa.selenium.support.pagefactory.DefaultElementLocator.findElement(DefaultElementLocator.java:68)
	at org.openqa.selenium.support.pagefactory.internal.LocatingElementHandler.invoke(LocatingElementHandler.java:38)
	at jdk.proxy2/jdk.proxy2.$Proxy15.isDisplayed(Unknown Source)
	at Amazon.ProjectOne.Amz_B2C_Sign_In_Page_4.ChectText(Amz_B2C_Sign_In_Page_4.java:22)
	at Amazon.ProjectOne.Testcase_3.UnSucessfulLogin_Testcase_3(Testcase_3.java:41)
	at java.base/java.util.ArrayList.forEach(ArrayList.java:1511)
... Removed 32 stack frames</div></td></tr></table><p class="totop"><a href="#summary">back to summary</a></p>
<h3 id="m6">Amazon.ProjectOne.Testcase_1#SucesfulRegisterNewUser_Testcase_1</h3><table class="result"><tr><th>Messages</th></tr><tr><td><div class="messages">Test Case Started<br/>Routing to the Registration is Done<br/>New Profile is creation is Done<br/>Test has Passed</div></td></tr></table><p class="totop"><a href="#summary">back to summary</a></p>
<h3 id="m7">Amazon.ProjectOne.Testcase_10#EditCartPage_Testcase_10</h3><table class="result"><tr><th>Messages</th></tr><tr><td><div class="messages">Test Case Started<br/>Routing to the login Page is Done<br/>Sucessful Login is Done<br/>Search for Shoe/product is Done<br/>Search for Shoe/product is Done<br/>Routing to the Product details is Done<br/>Adding Product to the cart is Done<br/>Routing to the Cart is Done<br/>Changing the product quantities in the Cart is Done<br/>Deleting the product in the Cart is Done<br/>Test has Passed</div></td></tr></table><p class="totop"><a href="#summary">back to summary</a></p>
<h3 id="m8">Amazon.ProjectOne.Testcase_11#ProductCheckOutToOrderReview_Testcase_11</h3><table class="result"><tr><th>Messages</th></tr><tr><td><div class="messages">Test Case Started<br/>Routing to the login Page is Done<br/>Routing to the login Page is Done<br/>Search for Shoe/product is Done<br/>Search for Shoe/product is Done<br/>Routing to the Product details is Done<br/>Adding Product to the cart is Done<br/>Routing to the Cart is Done<br/>Routing to the Payments page is Done<br/>Adding credit card deatils is Done<br/>Click on Order is Done<br/>Test has Passed</div></td></tr></table><p class="totop"><a href="#summary">back to summary</a></p>
<h3 id="m9">Amazon.ProjectOne.Testcase_12#CheckAllPaymentsMethods_Testcase_12</h3><table class="result"><tr><th>Messages</th></tr><tr><td><div class="messages">Test Case Started<br/>Routing to the login Page is Done<br/>Sucessful Login is Done<br/>Search for Shoe/product is Done<br/>Search for Shoe/product is Done<br/>Routing to the Product details is Done<br/>Adding Product to the cart is Done<br/>Routing to the Cart is Done<br/>Routing to the Payments page is Done<br/>Click on diff payment methods is Done<br/>Adding credit card deatils is Done<br/>Click on Order is Done<br/>Test has Passed</div></td></tr></table><p class="totop"><a href="#summary">back to summary</a></p>
<h3 id="m10">Amazon.ProjectOne.Testcase_13#ApplyCouponCode_Testcase_13</h3><table class="result"><tr><th>Messages</th></tr><tr><td><div class="messages">Test Case Started<br/>Routing to the login Page is Done<br/>Sucessful Login is Done<br/>Search for Shoe/product is Done<br/>Search for Shoe/product is Done<br/>Routing to the Product details is Done<br/>Adding Product to the cart is Done<br/>Routing to the Cart is Done<br/>Routing to the Payments page is Done<br/>Click on Order is Done<br/>Adding the coupon details is Done<br/>Test has Passed</div></td></tr></table><p class="totop"><a href="#summary">back to summary</a></p>
<h3 id="m11">Amazon.ProjectOne.Testcase_14#ProductReview_Testcase_14</h3><table class="result"><tr><th>Messages</th></tr><tr><td><div class="messages">Test Case Started<br/>Routing to the login Page is Done<br/>Sucessful Login is Done<br/>Routing to the order listing page is Done<br/>Routing to the Add review page is Done<br/>Adding the product review is Done<br/>Test has Passed</div></td></tr></table><p class="totop"><a href="#summary">back to summary</a></p>
<h3 id="m12">Amazon.ProjectOne.Testcase_15#ReachCartWithoutLogin_Testcase_15</h3><table class="result"><tr><th>Messages</th></tr><tr><td><div class="messages">Test Case Started<br/>Search for Shoe/product is Done<br/>Search for Shoe/product is Done<br/>Adding Product to the cart is Done<br/>Routing to the Cart is Done<br/>Test has Passed</div></td></tr></table><p class="totop"><a href="#summary">back to summary</a></p>
<h3 id="m13">Amazon.ProjectOne.Testcase_2#SucessfulLogin_Testcase_2</h3><table class="result"><tr><th>Messages</th></tr><tr><td><div class="messages">Test Case Started<br/>Routing to the login Page is Done<br/>Sucessful login is Done<br/>Test has Passed</div></td></tr></table><p class="totop"><a href="#summary">back to summary</a></p>
<h3 id="m14">Amazon.ProjectOne.Testcase_4#EditUserdetails_Testcase_4</h3><table class="result"><tr><th>Messages</th></tr><tr><td><div class="messages">Test Case Started<br/>Routing to the login Page is Done<br/>Sucessful Login is Done<br/>Sucessful Editing the User deatils is Done<br/>Test has Passed</div></td></tr></table><p class="totop"><a href="#summary">back to summary</a></p>
<h3 id="m15">Amazon.ProjectOne.Testcase_5#SearchShoes_Testcase_5</h3><table class="result"><tr><th>Messages</th></tr><tr><td><div class="messages">Test Case Started<br/>Routing to the login Page is Done<br/>Sucessful Login is Done<br/>Search for Shoe/product is Done<br/>Test has Passed</div></td></tr></table><p class="totop"><a href="#summary">back to summary</a></p>
<h3 id="m16">Amazon.ProjectOne.Testcase_6#SearchShoesWithFilters_Testcase_6</h3><table class="result"><tr><th>Messages</th></tr><tr><td><div class="messages">Test Case Started<br/>Routing to the login Page is Done<br/>Sucessful Login is Done<br/>Search for Shoe/product is Done<br/>Applying filters is Done<br/>Test has Passed</div></td></tr></table><p class="totop"><a href="#summary">back to summary</a></p>
<h3 id="m17">Amazon.ProjectOne.Testcase_7#OpenProductDetailsPage_Testcase_7</h3><table class="result"><tr><th>Messages</th></tr><tr><td><div class="messages">Test Case Started<br/>Routing to the login Page is Done<br/>Sucessful Login is Done<br/>Search for Shoe/product is Done<br/>Applying filters is Done<br/>Search for Shoe/product is Done<br/>Routing to the Product details is Done<br/>Test has Passed</div></td></tr></table><p class="totop"><a href="#summary">back to summary</a></p>
<h3 id="m18">Amazon.ProjectOne.Testcase_8#SortProductBasedOnrelevance_Testcase_8</h3><table class="result"><tr><th>Messages</th></tr><tr><td><div class="messages">Test Case Started<br/>Routing to the login Page is Done<br/>Sucessful Login is Done<br/>Search for Shoe/product is Done<br/>Changing the relevance is Done<br/>Test has Passed</div></td></tr></table><p class="totop"><a href="#summary">back to summary</a></p>
<h3 id="m19">Amazon.ProjectOne.Testcase_9#AddToCart_Testcase_9</h3><table class="result"><tr><th>Messages</th></tr><tr><td><div class="messages">Test Case Started<br/>Routing to the login Page is Done<br/>Sucessful Login is Done<br/>Search for Shoe/product is Done<br/>Routing to the Product details is Done<br/>Adding Product to the cart is Done<br/>Test has Passed</div></td></tr></table><p class="totop"><a href="#summary">back to summary</a></p>
</body>
</html>
