<!DOCTYPE html>

<html>
  <head>
  <meta charset='utf-8'>
  <title>TestNG reports</title>

    <link type="text/css" href="testng-reports1.css" rel="stylesheet" id="ultra" />
    <link type="text/css" href="testng-reports.css" rel="stylesheet" id="retro" disabled="false"/>
    <script type="text/javascript" src="jquery.min.js"></script>
    <script type="text/javascript" src="testng-reports.js"></script>
    <script type="text/javascript" src="https://www.google.com/jsapi"></script>
    <script type='text/javascript'>
      google.load('visualization', '1', {packages:['table']});
      google.setOnLoadCallback(drawTable);
      var suiteTableInitFunctions = new Array();
      var suiteTableData = new Array();
    </script>
    <!--
      <script type="text/javascript" src="jquery-ui/js/jquery-ui-1.8.16.custom.min.js"></script>
     -->
  </head>

  <body>
    <div class="top-banner-root">
      <span class="top-banner-title-font">Test results</span>
      <button id="button" class="button">Switch Retro Theme</button> <!-- button -->
      <br/>
      <span class="top-banner-font-1">1 suite, 1 failed test</span>
    </div> <!-- top-banner-root -->
    <div class="navigator-root">
      <div class="navigator-suite-header">
        <span>All suites</span>
        <a href="#" title="Collapse/expand all the suites" class="collapse-all-link">
          <img src="collapseall.gif" class="collapse-all-icon">
          </img> <!-- collapse-all-icon -->
        </a> <!-- collapse-all-link -->
      </div> <!-- navigator-suite-header -->
      <div class="suite">
        <div class="rounded-window">
          <div class="suite-header light-rounded-window-top">
            <a href="#" panel-name="suite-ProjectSuite" class="navigator-link">
              <span class="suite-name border-failed">ProjectSuite</span>
            </a> <!-- navigator-link -->
          </div> <!-- suite-header light-rounded-window-top -->
          <div class="navigator-suite-content">
            <div class="suite-section-title">
              <span>Info</span>
            </div> <!-- suite-section-title -->
            <div class="suite-section-content">
              <ul>
                <li>
                  <a href="#" panel-name="test-xml-ProjectSuite" class="navigator-link ">
                    <span>C:\Users\Richard\eclipse-workspace\ProjectOne\Project_1_EdgeBr.xml</span>
                  </a> <!-- navigator-link  -->
                </li>
                <li>
                  <a href="#" panel-name="testlist-ProjectSuite" class="navigator-link ">
                    <span class="test-stats">1 test</span>
                  </a> <!-- navigator-link  -->
                </li>
                <li>
                  <a href="#" panel-name="group-ProjectSuite" class="navigator-link ">
                    <span>0 groups</span>
                  </a> <!-- navigator-link  -->
                </li>
                <li>
                  <a href="#" panel-name="times-ProjectSuite" class="navigator-link ">
                    <span>Times</span>
                  </a> <!-- navigator-link  -->
                </li>
                <li>
                  <a href="#" panel-name="reporter-ProjectSuite" class="navigator-link ">
                    <span>Reporter output</span>
                  </a> <!-- navigator-link  -->
                </li>
                <li>
                  <a href="#" panel-name="ignored-methods-ProjectSuite" class="navigator-link ">
                    <span>Ignored methods</span>
                  </a> <!-- navigator-link  -->
                </li>
                <li>
                  <a href="#" panel-name="chronological-ProjectSuite" class="navigator-link ">
                    <span>Chronological view</span>
                  </a> <!-- navigator-link  -->
                </li>
              </ul>
            </div> <!-- suite-section-content -->
            <div class="result-section">
              <div class="suite-section-title">
                <span>Results</span>
              </div> <!-- suite-section-title -->
              <div class="suite-section-content">
                <ul>
                  <li>
                    <span class="method-stats">20 methods, 1 failed,  5 skipped,  14 passed</span>
                  </li>
                  <li>
                    <span class="method-list-title failed">Failed methods</span>
                    <span class="show-or-hide-methods failed">
                      <a href="#" panel-name="suite-ProjectSuite" class="hide-methods failed suite-ProjectSuite"> (hide)</a> <!-- hide-methods failed suite-ProjectSuite -->
                      <a href="#" panel-name="suite-ProjectSuite" class="show-methods failed suite-ProjectSuite"> (show)</a> <!-- show-methods failed suite-ProjectSuite -->
                    </span>
                    <div class="method-list-content failed suite-ProjectSuite">
                      <span>
                        <img src="failed.png" width="3%"/>
                        <a href="#" panel-name="suite-ProjectSuite" title="Amazon.ProjectOne.Testcase_3" class="method navigator-link" hash-for-method="UnSucessfulLogin_Testcase_3">UnSucessfulLogin_Testcase_3</a> <!-- method navigator-link -->
                      </span>
                      <br/>
                    </div> <!-- method-list-content failed suite-ProjectSuite -->
                  </li>
                  <li>
                    <span class="method-list-title skipped">Retried methods</span>
                    <span class="show-or-hide-methods skipped">
                      <a href="#" panel-name="suite-ProjectSuite" class="hide-methods skipped suite-ProjectSuite"> (hide)</a> <!-- hide-methods skipped suite-ProjectSuite -->
                      <a href="#" panel-name="suite-ProjectSuite" class="show-methods skipped suite-ProjectSuite"> (show)</a> <!-- show-methods skipped suite-ProjectSuite -->
                    </span>
                    <div class="method-list-content skipped suite-ProjectSuite">
                      <span>
                        <img src="skipped.png" width="3%"/>
                        <a href="#" panel-name="suite-ProjectSuite" title="Amazon.ProjectOne.Testcase_14" class="method navigator-link" hash-for-method="ProductReview_Testcase_14">ProductReview_Testcase_14</a> <!-- method navigator-link -->
                      </span>
                      <br/>
                      <span>
                        <img src="skipped.png" width="3%"/>
                        <a href="#" panel-name="suite-ProjectSuite" title="Amazon.ProjectOne.Testcase_14" class="method navigator-link" hash-for-method="ProductReview_Testcase_14">ProductReview_Testcase_14</a> <!-- method navigator-link -->
                      </span>
                      <br/>
                      <span>
                        <img src="skipped.png" width="3%"/>
                        <a href="#" panel-name="suite-ProjectSuite" title="Amazon.ProjectOne.Testcase_3" class="method navigator-link" hash-for-method="UnSucessfulLogin_Testcase_3">UnSucessfulLogin_Testcase_3</a> <!-- method navigator-link -->
                      </span>
                      <br/>
                      <span>
                        <img src="skipped.png" width="3%"/>
                        <a href="#" panel-name="suite-ProjectSuite" title="Amazon.ProjectOne.Testcase_3" class="method navigator-link" hash-for-method="UnSucessfulLogin_Testcase_3">UnSucessfulLogin_Testcase_3</a> <!-- method navigator-link -->
                      </span>
                      <br/>
                      <span>
                        <img src="skipped.png" width="3%"/>
                        <a href="#" panel-name="suite-ProjectSuite" title="Amazon.ProjectOne.Testcase_3" class="method navigator-link" hash-for-method="UnSucessfulLogin_Testcase_3">UnSucessfulLogin_Testcase_3</a> <!-- method navigator-link -->
                      </span>
                      <br/>
                    </div> <!-- method-list-content skipped suite-ProjectSuite -->
                  </li>
                  <li>
                    <span class="method-list-title passed">Passed methods</span>
                    <span class="show-or-hide-methods passed">
                      <a href="#" panel-name="suite-ProjectSuite" class="hide-methods passed suite-ProjectSuite"> (hide)</a> <!-- hide-methods passed suite-ProjectSuite -->
                      <a href="#" panel-name="suite-ProjectSuite" class="show-methods passed suite-ProjectSuite"> (show)</a> <!-- show-methods passed suite-ProjectSuite -->
                    </span>
                    <div class="method-list-content passed suite-ProjectSuite">
                      <span>
                        <img src="passed.png" width="3%"/>
                        <a href="#" panel-name="suite-ProjectSuite" title="Amazon.ProjectOne.Testcase_9" class="method navigator-link" hash-for-method="AddToCart_Testcase_9">AddToCart_Testcase_9</a> <!-- method navigator-link -->
                      </span>
                      <br/>
                      <span>
                        <img src="passed.png" width="3%"/>
                        <a href="#" panel-name="suite-ProjectSuite" title="Amazon.ProjectOne.Testcase_13" class="method navigator-link" hash-for-method="ApplyCouponCode_Testcase_13">ApplyCouponCode_Testcase_13</a> <!-- method navigator-link -->
                      </span>
                      <br/>
                      <span>
                        <img src="passed.png" width="3%"/>
                        <a href="#" panel-name="suite-ProjectSuite" title="Amazon.ProjectOne.Testcase_12" class="method navigator-link" hash-for-method="CheckAllPaymentsMethods_Testcase_12">CheckAllPaymentsMethods_Testcase_12</a> <!-- method navigator-link -->
                      </span>
                      <br/>
                      <span>
                        <img src="passed.png" width="3%"/>
                        <a href="#" panel-name="suite-ProjectSuite" title="Amazon.ProjectOne.Testcase_10" class="method navigator-link" hash-for-method="EditCartPage_Testcase_10">EditCartPage_Testcase_10</a> <!-- method navigator-link -->
                      </span>
                      <br/>
                      <span>
                        <img src="passed.png" width="3%"/>
                        <a href="#" panel-name="suite-ProjectSuite" title="Amazon.ProjectOne.Testcase_4" class="method navigator-link" hash-for-method="EditUserdetails_Testcase_4">EditUserdetails_Testcase_4</a> <!-- method navigator-link -->
                      </span>
                      <br/>
                      <span>
                        <img src="passed.png" width="3%"/>
                        <a href="#" panel-name="suite-ProjectSuite" title="Amazon.ProjectOne.Testcase_7" class="method navigator-link" hash-for-method="OpenProductDetailsPage_Testcase_7">OpenProductDetailsPage_Testcase_7</a> <!-- method navigator-link -->
                      </span>
                      <br/>
                      <span>
                        <img src="passed.png" width="3%"/>
                        <a href="#" panel-name="suite-ProjectSuite" title="Amazon.ProjectOne.Testcase_11" class="method navigator-link" hash-for-method="ProductCheckOutToOrderReview_Testcase_11">ProductCheckOutToOrderReview_Testcase_11</a> <!-- method navigator-link -->
                      </span>
                      <br/>
                      <span>
                        <img src="passed.png" width="3%"/>
                        <a href="#" panel-name="suite-ProjectSuite" title="Amazon.ProjectOne.Testcase_14" class="method navigator-link" hash-for-method="ProductReview_Testcase_14">ProductReview_Testcase_14</a> <!-- method navigator-link -->
                      </span>
                      <br/>
                      <span>
                        <img src="passed.png" width="3%"/>
                        <a href="#" panel-name="suite-ProjectSuite" title="Amazon.ProjectOne.Testcase_15" class="method navigator-link" hash-for-method="ReachCartWithoutLogin_Testcase_15">ReachCartWithoutLogin_Testcase_15</a> <!-- method navigator-link -->
                      </span>
                      <br/>
                      <span>
                        <img src="passed.png" width="3%"/>
                        <a href="#" panel-name="suite-ProjectSuite" title="Amazon.ProjectOne.Testcase_6" class="method navigator-link" hash-for-method="SearchShoesWithFilters_Testcase_6">SearchShoesWithFilters_Testcase_6</a> <!-- method navigator-link -->
                      </span>
                      <br/>
                      <span>
                        <img src="passed.png" width="3%"/>
                        <a href="#" panel-name="suite-ProjectSuite" title="Amazon.ProjectOne.Testcase_5" class="method navigator-link" hash-for-method="SearchShoes_Testcase_5">SearchShoes_Testcase_5</a> <!-- method navigator-link -->
                      </span>
                      <br/>
                      <span>
                        <img src="passed.png" width="3%"/>
                        <a href="#" panel-name="suite-ProjectSuite" title="Amazon.ProjectOne.Testcase_8" class="method navigator-link" hash-for-method="SortProductBasedOnrelevance_Testcase_8">SortProductBasedOnrelevance_Testcase_8</a> <!-- method navigator-link -->
                      </span>
                      <br/>
                      <span>
                        <img src="passed.png" width="3%"/>
                        <a href="#" panel-name="suite-ProjectSuite" title="Amazon.ProjectOne.Testcase_1" class="method navigator-link" hash-for-method="SucesfulRegisterNewUser_Testcase_1">SucesfulRegisterNewUser_Testcase_1</a> <!-- method navigator-link -->
                      </span>
                      <br/>
                      <span>
                        <img src="passed.png" width="3%"/>
                        <a href="#" panel-name="suite-ProjectSuite" title="Amazon.ProjectOne.Testcase_2" class="method navigator-link" hash-for-method="SucessfulLogin_Testcase_2">SucessfulLogin_Testcase_2</a> <!-- method navigator-link -->
                      </span>
                      <br/>
                    </div> <!-- method-list-content passed suite-ProjectSuite -->
                  </li>
                </ul>
              </div> <!-- suite-section-content -->
            </div> <!-- result-section -->
          </div> <!-- navigator-suite-content -->
        </div> <!-- rounded-window -->
      </div> <!-- suite -->
    </div> <!-- navigator-root -->
    <div class="wrapper">
      <div class="main-panel-root">
        <div panel-name="suite-ProjectSuite" class="panel ProjectSuite">
          <div class="suite-ProjectSuite-class-failed">
            <div class="main-panel-header rounded-window-top">
              <img src="failed.png"/>
              <span class="class-name">Amazon.ProjectOne.Testcase_3</span>
            </div> <!-- main-panel-header rounded-window-top -->
            <div class="main-panel-content rounded-window-bottom">
              <div class="method">
                <div class="method-content">
                  <a name="UnSucessfulLogin_Testcase_3">
                  </a> <!-- UnSucessfulLogin_Testcase_3 -->
                  <span class="method-name">UnSucessfulLogin_Testcase_3</span>
                  <div class="stack-trace">org.openqa.selenium.NoSuchElementException: no such element: Unable to locate element: {&quot;method&quot;:&quot;xpath&quot;,&quot;selector&quot;:&quot;//span[@class=&apos;a-list-item&apos;]&quot;}
  (Session info: MicrosoftEdge=122.0.2365.92)
For documentation on this error, please visit: https://www.selenium.dev/documentation/webdriver/troubleshooting/errors#no-such-element-exception
Build info: version: &apos;4.16.1&apos;, revision: &apos;9b4c83354e&apos;
System info: os.name: &apos;Windows 11&apos;, os.arch: &apos;amd64&apos;, os.version: &apos;10.0&apos;, java.version: &apos;17.0.9&apos;
Driver info: org.openqa.selenium.edge.EdgeDriver
Command: [bdcf8cd65a60909fb059d49658a2faa5, findElement {using=xpath, value=//span[@class=&apos;a-list-item&apos;]}]
Capabilities {acceptInsecureCerts: false, browserName: MicrosoftEdge, browserVersion: 122.0.2365.92, fedcm:accounts: true, ms:edgeOptions: {debuggerAddress: localhost:56318}, msedge: {msedgedriverVersion: 122.0.2365.106 (a5761ec7165..., userDataDir: C:\Users\Richard\AppData\Lo...}, networkConnectionEnabled: false, pageLoadStrategy: normal, platformName: windows, proxy: Proxy(), se:cdp: ws://localhost:56318/devtoo..., se:cdpVersion: 122.0.2365.92, setWindowRect: true, strictFileInteractability: false, timeouts: {implicit: 0, pageLoad: 300000, script: 30000}, unhandledPromptBehavior: dismiss and notify, webauthn:extension:credBlob: true, webauthn:extension:largeBlob: true, webauthn:extension:minPinLength: true, webauthn:extension:prf: true, webauthn:virtualAuthenticators: true}
Session ID: bdcf8cd65a60909fb059d49658a2faa5
	at org.openqa.selenium.remote.codec.w3c.W3CHttpResponseCodec.createException(W3CHttpResponseCodec.java:200)
	at org.openqa.selenium.remote.codec.w3c.W3CHttpResponseCodec.decode(W3CHttpResponseCodec.java:133)
	at org.openqa.selenium.remote.codec.w3c.W3CHttpResponseCodec.decode(W3CHttpResponseCodec.java:52)
	at org.openqa.selenium.remote.HttpCommandExecutor.execute(HttpCommandExecutor.java:191)
	at org.openqa.selenium.remote.service.DriverCommandExecutor.invokeExecute(DriverCommandExecutor.java:200)
	at org.openqa.selenium.remote.service.DriverCommandExecutor.execute(DriverCommandExecutor.java:175)
	at org.openqa.selenium.remote.RemoteWebDriver.execute(RemoteWebDriver.java:523)
	at org.openqa.selenium.remote.ElementLocation$ElementFinder$2.findElement(ElementLocation.java:165)
	at org.openqa.selenium.remote.ElementLocation.findElement(ElementLocation.java:59)
	at org.openqa.selenium.remote.RemoteWebDriver.findElement(RemoteWebDriver.java:360)
	at org.openqa.selenium.remote.RemoteWebDriver.findElement(RemoteWebDriver.java:354)
	at org.openqa.selenium.support.pagefactory.DefaultElementLocator.findElement(DefaultElementLocator.java:68)
	at org.openqa.selenium.support.pagefactory.internal.LocatingElementHandler.invoke(LocatingElementHandler.java:38)
	at jdk.proxy2/jdk.proxy2.$Proxy15.isDisplayed(Unknown Source)
	at Amazon.ProjectOne.Amz_B2C_Sign_In_Page_4.ChectText(Amz_B2C_Sign_In_Page_4.java:22)
	at Amazon.ProjectOne.Testcase_3.UnSucessfulLogin_Testcase_3(Testcase_3.java:41)
	at java.base/java.util.ArrayList.forEach(ArrayList.java:1511)
... Removed 32 stack frames
</div> <!-- stack-trace -->
                </div> <!-- method-content -->
              </div> <!-- method -->
            </div> <!-- main-panel-content rounded-window-bottom -->
          </div> <!-- suite-ProjectSuite-class-failed -->
          <div class="suite-ProjectSuite-class-skipped">
            <div class="main-panel-header rounded-window-top">
              <img src="skipped.png"/>
              <span class="class-name">Amazon.ProjectOne.Testcase_14</span>
            </div> <!-- main-panel-header rounded-window-top -->
            <div class="main-panel-content rounded-window-bottom">
              <div class="method">
                <div class="method-content">
                  <a name="ProductReview_Testcase_14">
                  </a> <!-- ProductReview_Testcase_14 -->
                  <span class="method-name">ProductReview_Testcase_14</span>
                  <div class="stack-trace">org.openqa.selenium.json.JsonException: java.lang.reflect.InvocationTargetException
Build info: version: &apos;4.16.1&apos;, revision: &apos;9b4c83354e&apos;
System info: os.name: &apos;Windows 11&apos;, os.arch: &apos;amd64&apos;, os.version: &apos;10.0&apos;, java.version: &apos;17.0.9&apos;
Driver info: org.openqa.selenium.edge.EdgeDriver
Command: [fcdb6528edc01ee55b0a99d685837326, actions {actions=[org.openqa.selenium.interactions.Sequence@73a116d]}]
Capabilities {acceptInsecureCerts: false, browserName: MicrosoftEdge, browserVersion: 122.0.2365.92, fedcm:accounts: true, ms:edgeOptions: {debuggerAddress: localhost:58780}, msedge: {msedgedriverVersion: 122.0.2365.106 (a5761ec7165..., userDataDir: C:\Users\Richard\AppData\Lo...}, networkConnectionEnabled: false, pageLoadStrategy: normal, platformName: windows, proxy: Proxy(), se:cdp: ws://localhost:58780/devtoo..., se:cdpVersion: 122.0.2365.92, setWindowRect: true, strictFileInteractability: false, timeouts: {implicit: 0, pageLoad: 300000, script: 30000}, unhandledPromptBehavior: dismiss and notify, webauthn:extension:credBlob: true, webauthn:extension:largeBlob: true, webauthn:extension:minPinLength: true, webauthn:extension:prf: true, webauthn:virtualAuthenticators: true}
Session ID: fcdb6528edc01ee55b0a99d685837326
	at org.openqa.selenium.json.JsonOutput.convertUsingMethod(JsonOutput.java:520)
	at org.openqa.selenium.json.JsonOutput.lambda$new$16(JsonOutput.java:182)
	at org.openqa.selenium.json.JsonOutput.write0(JsonOutput.java:409)
	at org.openqa.selenium.json.JsonOutput.lambda$new$22(JsonOutput.java:204)
	at java.base/java.util.stream.ForEachOps$ForEachOp$OfRef.accept(ForEachOps.java:183)
	at java.base/java.util.stream.ReferencePipeline$2$1.accept(ReferencePipeline.java:179)
	at java.base/java.util.Iterator.forEachRemaining(Iterator.java:133)
	at java.base/java.util.Spliterators$IteratorSpliterator.forEachRemaining(Spliterators.java:1845)
	at java.base/java.util.stream.AbstractPipeline.copyInto(AbstractPipeline.java:509)
	at java.base/java.util.stream.AbstractPipeline.wrapAndCopyInto(AbstractPipeline.java:499)
	at java.base/java.util.stream.ForEachOps$ForEachOp.evaluateSequential(ForEachOps.java:150)
	at java.base/java.util.stream.ForEachOps$ForEachOp$OfRef.evaluateSequential(ForEachOps.java:173)
	at java.base/java.util.stream.AbstractPipeline.evaluate(AbstractPipeline.java:234)
	at java.base/java.util.stream.ReferencePipeline.forEach(ReferencePipeline.java:596)
	at org.openqa.selenium.json.JsonOutput.lambda$new$23(JsonOutput.java:204)
	at org.openqa.selenium.json.JsonOutput.write0(JsonOutput.java:409)
	at org.openqa.selenium.json.JsonOutput.lambda$new$24(JsonOutput.java:222)
	at com.google.common.collect.SingletonImmutableBiMap.forEach(SingletonImmutableBiMap.java:68)
	at org.openqa.selenium.json.JsonOutput.lambda$new$25(JsonOutput.java:217)
	at org.openqa.selenium.json.JsonOutput.write0(JsonOutput.java:409)
	at org.openqa.selenium.json.JsonOutput.write(JsonOutput.java:400)
	at org.openqa.selenium.json.Json.toJson(Json.java:133)
	at org.openqa.selenium.json.Json.toJson(Json.java:119)
	at org.openqa.selenium.remote.codec.AbstractHttpCommandCodec.encode(AbstractHttpCommandCodec.java:280)
	at org.openqa.selenium.remote.codec.AbstractHttpCommandCodec.encode(AbstractHttpCommandCodec.java:130)
	at org.openqa.selenium.remote.HttpCommandExecutor.execute(HttpCommandExecutor.java:179)
	at org.openqa.selenium.remote.service.DriverCommandExecutor.invokeExecute(DriverCommandExecutor.java:200)
	at org.openqa.selenium.remote.service.DriverCommandExecutor.execute(DriverCommandExecutor.java:175)
	at org.openqa.selenium.remote.RemoteWebDriver.execute(RemoteWebDriver.java:523)
	at org.openqa.selenium.remote.RemoteWebDriver.perform(RemoteWebDriver.java:609)
	at org.openqa.selenium.interactions.Actions$BuiltAction.perform(Actions.java:598)
	at org.openqa.selenium.interactions.Actions.perform(Actions.java:567)
	at Amazon.ProjectOne.Testcase_14.ProductReview_Testcase_14(Testcase_14.java:52)
	at java.base/java.util.ArrayList.forEach(ArrayList.java:1511)
	Suppressed: org.openqa.selenium.json.JsonException: Attempting to close incomplete json stream
Build info: version: &apos;4.16.1&apos;, revision: &apos;9b4c83354e&apos;
System info: os.name: &apos;Windows 11&apos;, os.arch: &apos;amd64&apos;, os.version: &apos;10.0&apos;, java.version: &apos;17.0.9&apos;
Driver info: driver.version: RemoteWebDriver
		at org.openqa.selenium.json.JsonOutput.close(JsonOutput.java:431)
		at org.openqa.selenium.json.Json.toJson(Json.java:131)
		... 39 more
	at org.openqa.selenium.json.JsonOutput.convertUsingMethod(JsonOutput.java:516)
	... 60 more
Caused by: org.openqa.selenium.NoSuchElementException: no such element: Unable to locate element: {&quot;method&quot;:&quot;xpath&quot;,&quot;selector&quot;:&quot;(//span[@class=&apos;nav-icon nav-arrow&apos;])[2]&quot;}
  (Session info: MicrosoftEdge=122.0.2365.92)
For documentation on this error, please visit: https://www.selenium.dev/documentation/webdriver/troubleshooting/errors#no-such-element-exception
Build info: version: &apos;4.16.1&apos;, revision: &apos;9b4c83354e&apos;
System info: os.name: &apos;Windows 11&apos;, os.arch: &apos;amd64&apos;, os.version: &apos;10.0&apos;, java.version: &apos;17.0.9&apos;
Driver info: org.openqa.selenium.edge.EdgeDriver
Command: [fcdb6528edc01ee55b0a99d685837326, findElement {using=xpath, value=(//span[@class=&apos;nav-icon nav-arrow&apos;])[2]}]
Capabilities {acceptInsecureCerts: false, browserName: MicrosoftEdge, browserVersion: 122.0.2365.92, fedcm:accounts: true, ms:edgeOptions: {debuggerAddress: localhost:58780}, msedge: {msedgedriverVersion: 122.0.2365.106 (a5761ec7165..., userDataDir: C:\Users\Richard\AppData\Lo...}, networkConnectionEnabled: false, pageLoadStrategy: normal, platformName: windows, proxy: Proxy(), se:cdp: ws://localhost:58780/devtoo..., se:cdpVersion: 122.0.2365.92, setWindowRect: true, strictFileInteractability: false, timeouts: {implicit: 0, pageLoad: 300000, script: 30000}, unhandledPromptBehavior: dismiss and notify, webauthn:extension:credBlob: true, webauthn:extension:largeBlob: true, webauthn:extension:minPinLength: true, webauthn:extension:prf: true, webauthn:virtualAuthenticators: true}
Session ID: fcdb6528edc01ee55b0a99d685837326
	at org.openqa.selenium.remote.codec.w3c.W3CHttpResponseCodec.createException(W3CHttpResponseCodec.java:200)
	at org.openqa.selenium.remote.codec.w3c.W3CHttpResponseCodec.decode(W3CHttpResponseCodec.java:133)
	at org.openqa.selenium.remote.codec.w3c.W3CHttpResponseCodec.decode(W3CHttpResponseCodec.java:52)
	at org.openqa.selenium.remote.HttpCommandExecutor.execute(HttpCommandExecutor.java:191)
	at org.openqa.selenium.remote.service.DriverCommandExecutor.invokeExecute(DriverCommandExecutor.java:200)
	at org.openqa.selenium.remote.service.DriverCommandExecutor.execute(DriverCommandExecutor.java:175)
	at org.openqa.selenium.remote.RemoteWebDriver.execute(RemoteWebDriver.java:523)
	at org.openqa.selenium.remote.ElementLocation$ElementFinder$2.findElement(ElementLocation.java:165)
	at org.openqa.selenium.remote.ElementLocation.findElement(ElementLocation.java:59)
	at org.openqa.selenium.remote.RemoteWebDriver.findElement(RemoteWebDriver.java:360)
	at org.openqa.selenium.remote.RemoteWebDriver.findElement(RemoteWebDriver.java:354)
	at org.openqa.selenium.support.pagefactory.DefaultElementLocator.findElement(DefaultElementLocator.java:68)
	at org.openqa.selenium.support.pagefactory.internal.LocatingElementHandler.invoke(LocatingElementHandler.java:38)
	at jdk.proxy2/jdk.proxy2.$Proxy15.getWrappedElement(Unknown Source)
	at org.openqa.selenium.interactions.PointerInput$Origin.asArg(PointerInput.java:259)
	at org.openqa.selenium.interactions.PointerInput$Move.encode(PointerInput.java:208)
	at org.openqa.selenium.interactions.Sequence.encode(Sequence.java:72)
	at org.openqa.selenium.interactions.Sequence.toJson(Sequence.java:81)
	... 65 more
... Removed 37 stack frames
</div> <!-- stack-trace -->
                </div> <!-- method-content -->
              </div> <!-- method -->
              <div class="method">
                <div class="method-content">
                  <a name="ProductReview_Testcase_14">
                  </a> <!-- ProductReview_Testcase_14 -->
                  <span class="method-name">ProductReview_Testcase_14</span>
                  <div class="stack-trace">org.openqa.selenium.json.JsonException: java.lang.reflect.InvocationTargetException
Build info: version: &apos;4.16.1&apos;, revision: &apos;9b4c83354e&apos;
System info: os.name: &apos;Windows 11&apos;, os.arch: &apos;amd64&apos;, os.version: &apos;10.0&apos;, java.version: &apos;17.0.9&apos;
Driver info: org.openqa.selenium.edge.EdgeDriver
Command: [457291bed3e026b98a42882cdef8a82d, actions {actions=[org.openqa.selenium.interactions.Sequence@44618fe6]}]
Capabilities {acceptInsecureCerts: false, browserName: MicrosoftEdge, browserVersion: 122.0.2365.92, fedcm:accounts: true, ms:edgeOptions: {debuggerAddress: localhost:58925}, msedge: {msedgedriverVersion: 122.0.2365.106 (a5761ec7165..., userDataDir: C:\Users\Richard\AppData\Lo...}, networkConnectionEnabled: false, pageLoadStrategy: normal, platformName: windows, proxy: Proxy(), se:cdp: ws://localhost:58925/devtoo..., se:cdpVersion: 122.0.2365.92, setWindowRect: true, strictFileInteractability: false, timeouts: {implicit: 0, pageLoad: 300000, script: 30000}, unhandledPromptBehavior: dismiss and notify, webauthn:extension:credBlob: true, webauthn:extension:largeBlob: true, webauthn:extension:minPinLength: true, webauthn:extension:prf: true, webauthn:virtualAuthenticators: true}
Session ID: 457291bed3e026b98a42882cdef8a82d
	at org.openqa.selenium.json.JsonOutput.convertUsingMethod(JsonOutput.java:520)
	at org.openqa.selenium.json.JsonOutput.lambda$new$16(JsonOutput.java:182)
	at org.openqa.selenium.json.JsonOutput.write0(JsonOutput.java:409)
	at org.openqa.selenium.json.JsonOutput.lambda$new$22(JsonOutput.java:204)
	at java.base/java.util.stream.ForEachOps$ForEachOp$OfRef.accept(ForEachOps.java:183)
	at java.base/java.util.stream.ReferencePipeline$2$1.accept(ReferencePipeline.java:179)
	at java.base/java.util.Iterator.forEachRemaining(Iterator.java:133)
	at java.base/java.util.Spliterators$IteratorSpliterator.forEachRemaining(Spliterators.java:1845)
	at java.base/java.util.stream.AbstractPipeline.copyInto(AbstractPipeline.java:509)
	at java.base/java.util.stream.AbstractPipeline.wrapAndCopyInto(AbstractPipeline.java:499)
	at java.base/java.util.stream.ForEachOps$ForEachOp.evaluateSequential(ForEachOps.java:150)
	at java.base/java.util.stream.ForEachOps$ForEachOp$OfRef.evaluateSequential(ForEachOps.java:173)
	at java.base/java.util.stream.AbstractPipeline.evaluate(AbstractPipeline.java:234)
	at java.base/java.util.stream.ReferencePipeline.forEach(ReferencePipeline.java:596)
	at org.openqa.selenium.json.JsonOutput.lambda$new$23(JsonOutput.java:204)
	at org.openqa.selenium.json.JsonOutput.write0(JsonOutput.java:409)
	at org.openqa.selenium.json.JsonOutput.lambda$new$24(JsonOutput.java:222)
	at com.google.common.collect.SingletonImmutableBiMap.forEach(SingletonImmutableBiMap.java:68)
	at org.openqa.selenium.json.JsonOutput.lambda$new$25(JsonOutput.java:217)
	at org.openqa.selenium.json.JsonOutput.write0(JsonOutput.java:409)
	at org.openqa.selenium.json.JsonOutput.write(JsonOutput.java:400)
	at org.openqa.selenium.json.Json.toJson(Json.java:133)
	at org.openqa.selenium.json.Json.toJson(Json.java:119)
	at org.openqa.selenium.remote.codec.AbstractHttpCommandCodec.encode(AbstractHttpCommandCodec.java:280)
	at org.openqa.selenium.remote.codec.AbstractHttpCommandCodec.encode(AbstractHttpCommandCodec.java:130)
	at org.openqa.selenium.remote.HttpCommandExecutor.execute(HttpCommandExecutor.java:179)
	at org.openqa.selenium.remote.service.DriverCommandExecutor.invokeExecute(DriverCommandExecutor.java:200)
	at org.openqa.selenium.remote.service.DriverCommandExecutor.execute(DriverCommandExecutor.java:175)
	at org.openqa.selenium.remote.RemoteWebDriver.execute(RemoteWebDriver.java:523)
	at org.openqa.selenium.remote.RemoteWebDriver.perform(RemoteWebDriver.java:609)
	at org.openqa.selenium.interactions.Actions$BuiltAction.perform(Actions.java:598)
	at org.openqa.selenium.interactions.Actions.perform(Actions.java:567)
	at Amazon.ProjectOne.Testcase_14.ProductReview_Testcase_14(Testcase_14.java:52)
	at java.base/java.util.ArrayList.forEach(ArrayList.java:1511)
	Suppressed: org.openqa.selenium.json.JsonException: Attempting to close incomplete json stream
Build info: version: &apos;4.16.1&apos;, revision: &apos;9b4c83354e&apos;
System info: os.name: &apos;Windows 11&apos;, os.arch: &apos;amd64&apos;, os.version: &apos;10.0&apos;, java.version: &apos;17.0.9&apos;
Driver info: driver.version: RemoteWebDriver
		at org.openqa.selenium.json.JsonOutput.close(JsonOutput.java:431)
		at org.openqa.selenium.json.Json.toJson(Json.java:131)
		... 39 more
	at org.openqa.selenium.json.JsonOutput.convertUsingMethod(JsonOutput.java:516)
	... 60 more
Caused by: org.openqa.selenium.NoSuchElementException: no such element: Unable to locate element: {&quot;method&quot;:&quot;xpath&quot;,&quot;selector&quot;:&quot;(//span[@class=&apos;nav-icon nav-arrow&apos;])[2]&quot;}
  (Session info: MicrosoftEdge=122.0.2365.92)
For documentation on this error, please visit: https://www.selenium.dev/documentation/webdriver/troubleshooting/errors#no-such-element-exception
Build info: version: &apos;4.16.1&apos;, revision: &apos;9b4c83354e&apos;
System info: os.name: &apos;Windows 11&apos;, os.arch: &apos;amd64&apos;, os.version: &apos;10.0&apos;, java.version: &apos;17.0.9&apos;
Driver info: org.openqa.selenium.edge.EdgeDriver
Command: [457291bed3e026b98a42882cdef8a82d, findElement {using=xpath, value=(//span[@class=&apos;nav-icon nav-arrow&apos;])[2]}]
Capabilities {acceptInsecureCerts: false, browserName: MicrosoftEdge, browserVersion: 122.0.2365.92, fedcm:accounts: true, ms:edgeOptions: {debuggerAddress: localhost:58925}, msedge: {msedgedriverVersion: 122.0.2365.106 (a5761ec7165..., userDataDir: C:\Users\Richard\AppData\Lo...}, networkConnectionEnabled: false, pageLoadStrategy: normal, platformName: windows, proxy: Proxy(), se:cdp: ws://localhost:58925/devtoo..., se:cdpVersion: 122.0.2365.92, setWindowRect: true, strictFileInteractability: false, timeouts: {implicit: 0, pageLoad: 300000, script: 30000}, unhandledPromptBehavior: dismiss and notify, webauthn:extension:credBlob: true, webauthn:extension:largeBlob: true, webauthn:extension:minPinLength: true, webauthn:extension:prf: true, webauthn:virtualAuthenticators: true}
Session ID: 457291bed3e026b98a42882cdef8a82d
	at org.openqa.selenium.remote.codec.w3c.W3CHttpResponseCodec.createException(W3CHttpResponseCodec.java:200)
	at org.openqa.selenium.remote.codec.w3c.W3CHttpResponseCodec.decode(W3CHttpResponseCodec.java:133)
	at org.openqa.selenium.remote.codec.w3c.W3CHttpResponseCodec.decode(W3CHttpResponseCodec.java:52)
	at org.openqa.selenium.remote.HttpCommandExecutor.execute(HttpCommandExecutor.java:191)
	at org.openqa.selenium.remote.service.DriverCommandExecutor.invokeExecute(DriverCommandExecutor.java:200)
	at org.openqa.selenium.remote.service.DriverCommandExecutor.execute(DriverCommandExecutor.java:175)
	at org.openqa.selenium.remote.RemoteWebDriver.execute(RemoteWebDriver.java:523)
	at org.openqa.selenium.remote.ElementLocation$ElementFinder$2.findElement(ElementLocation.java:165)
	at org.openqa.selenium.remote.ElementLocation.findElement(ElementLocation.java:59)
	at org.openqa.selenium.remote.RemoteWebDriver.findElement(RemoteWebDriver.java:360)
	at org.openqa.selenium.remote.RemoteWebDriver.findElement(RemoteWebDriver.java:354)
	at org.openqa.selenium.support.pagefactory.DefaultElementLocator.findElement(DefaultElementLocator.java:68)
	at org.openqa.selenium.support.pagefactory.internal.LocatingElementHandler.invoke(LocatingElementHandler.java:38)
	at jdk.proxy2/jdk.proxy2.$Proxy15.getWrappedElement(Unknown Source)
	at org.openqa.selenium.interactions.PointerInput$Origin.asArg(PointerInput.java:259)
	at org.openqa.selenium.interactions.PointerInput$Move.encode(PointerInput.java:208)
	at org.openqa.selenium.interactions.Sequence.encode(Sequence.java:72)
	at org.openqa.selenium.interactions.Sequence.toJson(Sequence.java:81)
	... 65 more
... Removed 37 stack frames
</div> <!-- stack-trace -->
                </div> <!-- method-content -->
              </div> <!-- method -->
            </div> <!-- main-panel-content rounded-window-bottom -->
          </div> <!-- suite-ProjectSuite-class-skipped -->
          <div class="suite-ProjectSuite-class-skipped">
            <div class="main-panel-header rounded-window-top">
              <img src="skipped.png"/>
              <span class="class-name">Amazon.ProjectOne.Testcase_3</span>
            </div> <!-- main-panel-header rounded-window-top -->
            <div class="main-panel-content rounded-window-bottom">
              <div class="method">
                <div class="method-content">
                  <a name="UnSucessfulLogin_Testcase_3">
                  </a> <!-- UnSucessfulLogin_Testcase_3 -->
                  <span class="method-name">UnSucessfulLogin_Testcase_3</span>
                  <div class="stack-trace">org.openqa.selenium.NoSuchElementException: no such element: Unable to locate element: {&quot;method&quot;:&quot;xpath&quot;,&quot;selector&quot;:&quot;//span[@class=&apos;a-list-item&apos;]&quot;}
  (Session info: MicrosoftEdge=122.0.2365.92)
For documentation on this error, please visit: https://www.selenium.dev/documentation/webdriver/troubleshooting/errors#no-such-element-exception
Build info: version: &apos;4.16.1&apos;, revision: &apos;9b4c83354e&apos;
System info: os.name: &apos;Windows 11&apos;, os.arch: &apos;amd64&apos;, os.version: &apos;10.0&apos;, java.version: &apos;17.0.9&apos;
Driver info: org.openqa.selenium.edge.EdgeDriver
Command: [a9f74d478e64eb10ff05e4d623a08b04, findElement {using=xpath, value=//span[@class=&apos;a-list-item&apos;]}]
Capabilities {acceptInsecureCerts: false, browserName: MicrosoftEdge, browserVersion: 122.0.2365.92, fedcm:accounts: true, ms:edgeOptions: {debuggerAddress: localhost:55865}, msedge: {msedgedriverVersion: 122.0.2365.106 (a5761ec7165..., userDataDir: C:\Users\Richard\AppData\Lo...}, networkConnectionEnabled: false, pageLoadStrategy: normal, platformName: windows, proxy: Proxy(), se:cdp: ws://localhost:55865/devtoo..., se:cdpVersion: 122.0.2365.92, setWindowRect: true, strictFileInteractability: false, timeouts: {implicit: 0, pageLoad: 300000, script: 30000}, unhandledPromptBehavior: dismiss and notify, webauthn:extension:credBlob: true, webauthn:extension:largeBlob: true, webauthn:extension:minPinLength: true, webauthn:extension:prf: true, webauthn:virtualAuthenticators: true}
Session ID: a9f74d478e64eb10ff05e4d623a08b04
	at org.openqa.selenium.remote.codec.w3c.W3CHttpResponseCodec.createException(W3CHttpResponseCodec.java:200)
	at org.openqa.selenium.remote.codec.w3c.W3CHttpResponseCodec.decode(W3CHttpResponseCodec.java:133)
	at org.openqa.selenium.remote.codec.w3c.W3CHttpResponseCodec.decode(W3CHttpResponseCodec.java:52)
	at org.openqa.selenium.remote.HttpCommandExecutor.execute(HttpCommandExecutor.java:191)
	at org.openqa.selenium.remote.service.DriverCommandExecutor.invokeExecute(DriverCommandExecutor.java:200)
	at org.openqa.selenium.remote.service.DriverCommandExecutor.execute(DriverCommandExecutor.java:175)
	at org.openqa.selenium.remote.RemoteWebDriver.execute(RemoteWebDriver.java:523)
	at org.openqa.selenium.remote.ElementLocation$ElementFinder$2.findElement(ElementLocation.java:165)
	at org.openqa.selenium.remote.ElementLocation.findElement(ElementLocation.java:59)
	at org.openqa.selenium.remote.RemoteWebDriver.findElement(RemoteWebDriver.java:360)
	at org.openqa.selenium.remote.RemoteWebDriver.findElement(RemoteWebDriver.java:354)
	at org.openqa.selenium.support.pagefactory.DefaultElementLocator.findElement(DefaultElementLocator.java:68)
	at org.openqa.selenium.support.pagefactory.internal.LocatingElementHandler.invoke(LocatingElementHandler.java:38)
	at jdk.proxy2/jdk.proxy2.$Proxy15.isDisplayed(Unknown Source)
	at Amazon.ProjectOne.Amz_B2C_Sign_In_Page_4.ChectText(Amz_B2C_Sign_In_Page_4.java:22)
	at Amazon.ProjectOne.Testcase_3.UnSucessfulLogin_Testcase_3(Testcase_3.java:41)
	at java.base/java.util.ArrayList.forEach(ArrayList.java:1511)
... Removed 32 stack frames
</div> <!-- stack-trace -->
                </div> <!-- method-content -->
              </div> <!-- method -->
              <div class="method">
                <div class="method-content">
                  <a name="UnSucessfulLogin_Testcase_3">
                  </a> <!-- UnSucessfulLogin_Testcase_3 -->
                  <span class="method-name">UnSucessfulLogin_Testcase_3</span>
                  <div class="stack-trace">org.openqa.selenium.NoSuchElementException: no such element: Unable to locate element: {&quot;method&quot;:&quot;xpath&quot;,&quot;selector&quot;:&quot;//span[@class=&apos;a-list-item&apos;]&quot;}
  (Session info: MicrosoftEdge=122.0.2365.92)
For documentation on this error, please visit: https://www.selenium.dev/documentation/webdriver/troubleshooting/errors#no-such-element-exception
Build info: version: &apos;4.16.1&apos;, revision: &apos;9b4c83354e&apos;
System info: os.name: &apos;Windows 11&apos;, os.arch: &apos;amd64&apos;, os.version: &apos;10.0&apos;, java.version: &apos;17.0.9&apos;
Driver info: org.openqa.selenium.edge.EdgeDriver
Command: [07b95cb3d95b94754fef3263b19837f5, findElement {using=xpath, value=//span[@class=&apos;a-list-item&apos;]}]
Capabilities {acceptInsecureCerts: false, browserName: MicrosoftEdge, browserVersion: 122.0.2365.92, fedcm:accounts: true, ms:edgeOptions: {debuggerAddress: localhost:56021}, msedge: {msedgedriverVersion: 122.0.2365.106 (a5761ec7165..., userDataDir: C:\Users\Richard\AppData\Lo...}, networkConnectionEnabled: false, pageLoadStrategy: normal, platformName: windows, proxy: Proxy(), se:cdp: ws://localhost:56021/devtoo..., se:cdpVersion: 122.0.2365.92, setWindowRect: true, strictFileInteractability: false, timeouts: {implicit: 0, pageLoad: 300000, script: 30000}, unhandledPromptBehavior: dismiss and notify, webauthn:extension:credBlob: true, webauthn:extension:largeBlob: true, webauthn:extension:minPinLength: true, webauthn:extension:prf: true, webauthn:virtualAuthenticators: true}
Session ID: 07b95cb3d95b94754fef3263b19837f5
	at org.openqa.selenium.remote.codec.w3c.W3CHttpResponseCodec.createException(W3CHttpResponseCodec.java:200)
	at org.openqa.selenium.remote.codec.w3c.W3CHttpResponseCodec.decode(W3CHttpResponseCodec.java:133)
	at org.openqa.selenium.remote.codec.w3c.W3CHttpResponseCodec.decode(W3CHttpResponseCodec.java:52)
	at org.openqa.selenium.remote.HttpCommandExecutor.execute(HttpCommandExecutor.java:191)
	at org.openqa.selenium.remote.service.DriverCommandExecutor.invokeExecute(DriverCommandExecutor.java:200)
	at org.openqa.selenium.remote.service.DriverCommandExecutor.execute(DriverCommandExecutor.java:175)
	at org.openqa.selenium.remote.RemoteWebDriver.execute(RemoteWebDriver.java:523)
	at org.openqa.selenium.remote.ElementLocation$ElementFinder$2.findElement(ElementLocation.java:165)
	at org.openqa.selenium.remote.ElementLocation.findElement(ElementLocation.java:59)
	at org.openqa.selenium.remote.RemoteWebDriver.findElement(RemoteWebDriver.java:360)
	at org.openqa.selenium.remote.RemoteWebDriver.findElement(RemoteWebDriver.java:354)
	at org.openqa.selenium.support.pagefactory.DefaultElementLocator.findElement(DefaultElementLocator.java:68)
	at org.openqa.selenium.support.pagefactory.internal.LocatingElementHandler.invoke(LocatingElementHandler.java:38)
	at jdk.proxy2/jdk.proxy2.$Proxy15.isDisplayed(Unknown Source)
	at Amazon.ProjectOne.Amz_B2C_Sign_In_Page_4.ChectText(Amz_B2C_Sign_In_Page_4.java:22)
	at Amazon.ProjectOne.Testcase_3.UnSucessfulLogin_Testcase_3(Testcase_3.java:41)
	at java.base/java.util.ArrayList.forEach(ArrayList.java:1511)
... Removed 32 stack frames
</div> <!-- stack-trace -->
                </div> <!-- method-content -->
              </div> <!-- method -->
              <div class="method">
                <div class="method-content">
                  <a name="UnSucessfulLogin_Testcase_3">
                  </a> <!-- UnSucessfulLogin_Testcase_3 -->
                  <span class="method-name">UnSucessfulLogin_Testcase_3</span>
                  <div class="stack-trace">org.openqa.selenium.NoSuchElementException: no such element: Unable to locate element: {&quot;method&quot;:&quot;xpath&quot;,&quot;selector&quot;:&quot;//span[@class=&apos;a-list-item&apos;]&quot;}
  (Session info: MicrosoftEdge=122.0.2365.92)
For documentation on this error, please visit: https://www.selenium.dev/documentation/webdriver/troubleshooting/errors#no-such-element-exception
Build info: version: &apos;4.16.1&apos;, revision: &apos;9b4c83354e&apos;
System info: os.name: &apos;Windows 11&apos;, os.arch: &apos;amd64&apos;, os.version: &apos;10.0&apos;, java.version: &apos;17.0.9&apos;
Driver info: org.openqa.selenium.edge.EdgeDriver
Command: [f20a5999eefdc407f8f9dde248600022, findElement {using=xpath, value=//span[@class=&apos;a-list-item&apos;]}]
Capabilities {acceptInsecureCerts: false, browserName: MicrosoftEdge, browserVersion: 122.0.2365.92, fedcm:accounts: true, ms:edgeOptions: {debuggerAddress: localhost:56167}, msedge: {msedgedriverVersion: 122.0.2365.106 (a5761ec7165..., userDataDir: C:\Users\Richard\AppData\Lo...}, networkConnectionEnabled: false, pageLoadStrategy: normal, platformName: windows, proxy: Proxy(), se:cdp: ws://localhost:56167/devtoo..., se:cdpVersion: 122.0.2365.92, setWindowRect: true, strictFileInteractability: false, timeouts: {implicit: 0, pageLoad: 300000, script: 30000}, unhandledPromptBehavior: dismiss and notify, webauthn:extension:credBlob: true, webauthn:extension:largeBlob: true, webauthn:extension:minPinLength: true, webauthn:extension:prf: true, webauthn:virtualAuthenticators: true}
Session ID: f20a5999eefdc407f8f9dde248600022
	at org.openqa.selenium.remote.codec.w3c.W3CHttpResponseCodec.createException(W3CHttpResponseCodec.java:200)
	at org.openqa.selenium.remote.codec.w3c.W3CHttpResponseCodec.decode(W3CHttpResponseCodec.java:133)
	at org.openqa.selenium.remote.codec.w3c.W3CHttpResponseCodec.decode(W3CHttpResponseCodec.java:52)
	at org.openqa.selenium.remote.HttpCommandExecutor.execute(HttpCommandExecutor.java:191)
	at org.openqa.selenium.remote.service.DriverCommandExecutor.invokeExecute(DriverCommandExecutor.java:200)
	at org.openqa.selenium.remote.service.DriverCommandExecutor.execute(DriverCommandExecutor.java:175)
	at org.openqa.selenium.remote.RemoteWebDriver.execute(RemoteWebDriver.java:523)
	at org.openqa.selenium.remote.ElementLocation$ElementFinder$2.findElement(ElementLocation.java:165)
	at org.openqa.selenium.remote.ElementLocation.findElement(ElementLocation.java:59)
	at org.openqa.selenium.remote.RemoteWebDriver.findElement(RemoteWebDriver.java:360)
	at org.openqa.selenium.remote.RemoteWebDriver.findElement(RemoteWebDriver.java:354)
	at org.openqa.selenium.support.pagefactory.DefaultElementLocator.findElement(DefaultElementLocator.java:68)
	at org.openqa.selenium.support.pagefactory.internal.LocatingElementHandler.invoke(LocatingElementHandler.java:38)
	at jdk.proxy2/jdk.proxy2.$Proxy15.isDisplayed(Unknown Source)
	at Amazon.ProjectOne.Amz_B2C_Sign_In_Page_4.ChectText(Amz_B2C_Sign_In_Page_4.java:22)
	at Amazon.ProjectOne.Testcase_3.UnSucessfulLogin_Testcase_3(Testcase_3.java:41)
	at java.base/java.util.ArrayList.forEach(ArrayList.java:1511)
... Removed 32 stack frames
</div> <!-- stack-trace -->
                </div> <!-- method-content -->
              </div> <!-- method -->
            </div> <!-- main-panel-content rounded-window-bottom -->
          </div> <!-- suite-ProjectSuite-class-skipped -->
          <div class="suite-ProjectSuite-class-passed">
            <div class="main-panel-header rounded-window-top">
              <img src="passed.png"/>
              <span class="class-name">Amazon.ProjectOne.Testcase_13</span>
            </div> <!-- main-panel-header rounded-window-top -->
            <div class="main-panel-content rounded-window-bottom">
              <div class="method">
                <div class="method-content">
                  <a name="ApplyCouponCode_Testcase_13">
                  </a> <!-- ApplyCouponCode_Testcase_13 -->
                  <span class="method-name">ApplyCouponCode_Testcase_13</span>
                </div> <!-- method-content -->
              </div> <!-- method -->
            </div> <!-- main-panel-content rounded-window-bottom -->
          </div> <!-- suite-ProjectSuite-class-passed -->
          <div class="suite-ProjectSuite-class-passed">
            <div class="main-panel-header rounded-window-top">
              <img src="passed.png"/>
              <span class="class-name">Amazon.ProjectOne.Testcase_6</span>
            </div> <!-- main-panel-header rounded-window-top -->
            <div class="main-panel-content rounded-window-bottom">
              <div class="method">
                <div class="method-content">
                  <a name="SearchShoesWithFilters_Testcase_6">
                  </a> <!-- SearchShoesWithFilters_Testcase_6 -->
                  <span class="method-name">SearchShoesWithFilters_Testcase_6</span>
                </div> <!-- method-content -->
              </div> <!-- method -->
            </div> <!-- main-panel-content rounded-window-bottom -->
          </div> <!-- suite-ProjectSuite-class-passed -->
          <div class="suite-ProjectSuite-class-passed">
            <div class="main-panel-header rounded-window-top">
              <img src="passed.png"/>
              <span class="class-name">Amazon.ProjectOne.Testcase_14</span>
            </div> <!-- main-panel-header rounded-window-top -->
            <div class="main-panel-content rounded-window-bottom">
              <div class="method">
                <div class="method-content">
                  <a name="ProductReview_Testcase_14">
                  </a> <!-- ProductReview_Testcase_14 -->
                  <span class="method-name">ProductReview_Testcase_14</span>
                </div> <!-- method-content -->
              </div> <!-- method -->
            </div> <!-- main-panel-content rounded-window-bottom -->
          </div> <!-- suite-ProjectSuite-class-passed -->
          <div class="suite-ProjectSuite-class-passed">
            <div class="main-panel-header rounded-window-top">
              <img src="passed.png"/>
              <span class="class-name">Amazon.ProjectOne.Testcase_5</span>
            </div> <!-- main-panel-header rounded-window-top -->
            <div class="main-panel-content rounded-window-bottom">
              <div class="method">
                <div class="method-content">
                  <a name="SearchShoes_Testcase_5">
                  </a> <!-- SearchShoes_Testcase_5 -->
                  <span class="method-name">SearchShoes_Testcase_5</span>
                </div> <!-- method-content -->
              </div> <!-- method -->
            </div> <!-- main-panel-content rounded-window-bottom -->
          </div> <!-- suite-ProjectSuite-class-passed -->
          <div class="suite-ProjectSuite-class-passed">
            <div class="main-panel-header rounded-window-top">
              <img src="passed.png"/>
              <span class="class-name">Amazon.ProjectOne.Testcase_1</span>
            </div> <!-- main-panel-header rounded-window-top -->
            <div class="main-panel-content rounded-window-bottom">
              <div class="method">
                <div class="method-content">
                  <a name="SucesfulRegisterNewUser_Testcase_1">
                  </a> <!-- SucesfulRegisterNewUser_Testcase_1 -->
                  <span class="method-name">SucesfulRegisterNewUser_Testcase_1</span>
                </div> <!-- method-content -->
              </div> <!-- method -->
            </div> <!-- main-panel-content rounded-window-bottom -->
          </div> <!-- suite-ProjectSuite-class-passed -->
          <div class="suite-ProjectSuite-class-passed">
            <div class="main-panel-header rounded-window-top">
              <img src="passed.png"/>
              <span class="class-name">Amazon.ProjectOne.Testcase_7</span>
            </div> <!-- main-panel-header rounded-window-top -->
            <div class="main-panel-content rounded-window-bottom">
              <div class="method">
                <div class="method-content">
                  <a name="OpenProductDetailsPage_Testcase_7">
                  </a> <!-- OpenProductDetailsPage_Testcase_7 -->
                  <span class="method-name">OpenProductDetailsPage_Testcase_7</span>
                </div> <!-- method-content -->
              </div> <!-- method -->
            </div> <!-- main-panel-content rounded-window-bottom -->
          </div> <!-- suite-ProjectSuite-class-passed -->
          <div class="suite-ProjectSuite-class-passed">
            <div class="main-panel-header rounded-window-top">
              <img src="passed.png"/>
              <span class="class-name">Amazon.ProjectOne.Testcase_12</span>
            </div> <!-- main-panel-header rounded-window-top -->
            <div class="main-panel-content rounded-window-bottom">
              <div class="method">
                <div class="method-content">
                  <a name="CheckAllPaymentsMethods_Testcase_12">
                  </a> <!-- CheckAllPaymentsMethods_Testcase_12 -->
                  <span class="method-name">CheckAllPaymentsMethods_Testcase_12</span>
                </div> <!-- method-content -->
              </div> <!-- method -->
            </div> <!-- main-panel-content rounded-window-bottom -->
          </div> <!-- suite-ProjectSuite-class-passed -->
          <div class="suite-ProjectSuite-class-passed">
            <div class="main-panel-header rounded-window-top">
              <img src="passed.png"/>
              <span class="class-name">Amazon.ProjectOne.Testcase_11</span>
            </div> <!-- main-panel-header rounded-window-top -->
            <div class="main-panel-content rounded-window-bottom">
              <div class="method">
                <div class="method-content">
                  <a name="ProductCheckOutToOrderReview_Testcase_11">
                  </a> <!-- ProductCheckOutToOrderReview_Testcase_11 -->
                  <span class="method-name">ProductCheckOutToOrderReview_Testcase_11</span>
                </div> <!-- method-content -->
              </div> <!-- method -->
            </div> <!-- main-panel-content rounded-window-bottom -->
          </div> <!-- suite-ProjectSuite-class-passed -->
          <div class="suite-ProjectSuite-class-passed">
            <div class="main-panel-header rounded-window-top">
              <img src="passed.png"/>
              <span class="class-name">Amazon.ProjectOne.Testcase_8</span>
            </div> <!-- main-panel-header rounded-window-top -->
            <div class="main-panel-content rounded-window-bottom">
              <div class="method">
                <div class="method-content">
                  <a name="SortProductBasedOnrelevance_Testcase_8">
                  </a> <!-- SortProductBasedOnrelevance_Testcase_8 -->
                  <span class="method-name">SortProductBasedOnrelevance_Testcase_8</span>
                </div> <!-- method-content -->
              </div> <!-- method -->
            </div> <!-- main-panel-content rounded-window-bottom -->
          </div> <!-- suite-ProjectSuite-class-passed -->
          <div class="suite-ProjectSuite-class-passed">
            <div class="main-panel-header rounded-window-top">
              <img src="passed.png"/>
              <span class="class-name">Amazon.ProjectOne.Testcase_10</span>
            </div> <!-- main-panel-header rounded-window-top -->
            <div class="main-panel-content rounded-window-bottom">
              <div class="method">
                <div class="method-content">
                  <a name="EditCartPage_Testcase_10">
                  </a> <!-- EditCartPage_Testcase_10 -->
                  <span class="method-name">EditCartPage_Testcase_10</span>
                </div> <!-- method-content -->
              </div> <!-- method -->
            </div> <!-- main-panel-content rounded-window-bottom -->
          </div> <!-- suite-ProjectSuite-class-passed -->
          <div class="suite-ProjectSuite-class-passed">
            <div class="main-panel-header rounded-window-top">
              <img src="passed.png"/>
              <span class="class-name">Amazon.ProjectOne.Testcase_9</span>
            </div> <!-- main-panel-header rounded-window-top -->
            <div class="main-panel-content rounded-window-bottom">
              <div class="method">
                <div class="method-content">
                  <a name="AddToCart_Testcase_9">
                  </a> <!-- AddToCart_Testcase_9 -->
                  <span class="method-name">AddToCart_Testcase_9</span>
                </div> <!-- method-content -->
              </div> <!-- method -->
            </div> <!-- main-panel-content rounded-window-bottom -->
          </div> <!-- suite-ProjectSuite-class-passed -->
          <div class="suite-ProjectSuite-class-passed">
            <div class="main-panel-header rounded-window-top">
              <img src="passed.png"/>
              <span class="class-name">Amazon.ProjectOne.Testcase_4</span>
            </div> <!-- main-panel-header rounded-window-top -->
            <div class="main-panel-content rounded-window-bottom">
              <div class="method">
                <div class="method-content">
                  <a name="EditUserdetails_Testcase_4">
                  </a> <!-- EditUserdetails_Testcase_4 -->
                  <span class="method-name">EditUserdetails_Testcase_4</span>
                </div> <!-- method-content -->
              </div> <!-- method -->
            </div> <!-- main-panel-content rounded-window-bottom -->
          </div> <!-- suite-ProjectSuite-class-passed -->
          <div class="suite-ProjectSuite-class-passed">
            <div class="main-panel-header rounded-window-top">
              <img src="passed.png"/>
              <span class="class-name">Amazon.ProjectOne.Testcase_2</span>
            </div> <!-- main-panel-header rounded-window-top -->
            <div class="main-panel-content rounded-window-bottom">
              <div class="method">
                <div class="method-content">
                  <a name="SucessfulLogin_Testcase_2">
                  </a> <!-- SucessfulLogin_Testcase_2 -->
                  <span class="method-name">SucessfulLogin_Testcase_2</span>
                </div> <!-- method-content -->
              </div> <!-- method -->
            </div> <!-- main-panel-content rounded-window-bottom -->
          </div> <!-- suite-ProjectSuite-class-passed -->
          <div class="suite-ProjectSuite-class-passed">
            <div class="main-panel-header rounded-window-top">
              <img src="passed.png"/>
              <span class="class-name">Amazon.ProjectOne.Testcase_15</span>
            </div> <!-- main-panel-header rounded-window-top -->
            <div class="main-panel-content rounded-window-bottom">
              <div class="method">
                <div class="method-content">
                  <a name="ReachCartWithoutLogin_Testcase_15">
                  </a> <!-- ReachCartWithoutLogin_Testcase_15 -->
                  <span class="method-name">ReachCartWithoutLogin_Testcase_15</span>
                </div> <!-- method-content -->
              </div> <!-- method -->
            </div> <!-- main-panel-content rounded-window-bottom -->
          </div> <!-- suite-ProjectSuite-class-passed -->
        </div> <!-- panel ProjectSuite -->
        <div panel-name="test-xml-ProjectSuite" class="panel">
          <div class="main-panel-header rounded-window-top">
            <span class="header-content">C:\Users\Richard\eclipse-workspace\ProjectOne\Project_1_EdgeBr.xml</span>
          </div> <!-- main-panel-header rounded-window-top -->
          <div class="main-panel-content rounded-window-bottom">
            <pre>
&lt;?xml version=&quot;1.0&quot; encoding=&quot;UTF-8&quot;?&gt;
&lt;!DOCTYPE suite SYSTEM &quot;https://testng.org/testng-1.0.dtd&quot;&gt;
&lt;suite name=&quot;ProjectSuite&quot; guice-stage=&quot;DEVELOPMENT&quot;&gt;
  &lt;test thread-count=&quot;5&quot; name=&quot;EdgeTest&quot;&gt;
    &lt;parameter name=&quot;browser&quot; value=&quot;edge&quot;/&gt;
    &lt;classes&gt;
      &lt;class name=&quot;Amazon.ProjectOne.Testcase_1&quot;/&gt;
      &lt;class name=&quot;Amazon.ProjectOne.Testcase_2&quot;/&gt;
      &lt;class name=&quot;Amazon.ProjectOne.Testcase_3&quot;/&gt;
      &lt;class name=&quot;Amazon.ProjectOne.Testcase_4&quot;/&gt;
      &lt;class name=&quot;Amazon.ProjectOne.Testcase_5&quot;/&gt;
      &lt;class name=&quot;Amazon.ProjectOne.Testcase_6&quot;/&gt;
      &lt;class name=&quot;Amazon.ProjectOne.Testcase_7&quot;/&gt;
      &lt;class name=&quot;Amazon.ProjectOne.Testcase_8&quot;/&gt;
      &lt;class name=&quot;Amazon.ProjectOne.Testcase_9&quot;/&gt;
      &lt;class name=&quot;Amazon.ProjectOne.Testcase_10&quot;/&gt;
      &lt;class name=&quot;Amazon.ProjectOne.Testcase_11&quot;/&gt;
      &lt;class name=&quot;Amazon.ProjectOne.Testcase_12&quot;/&gt;
      &lt;class name=&quot;Amazon.ProjectOne.Testcase_13&quot;/&gt;
      &lt;class name=&quot;Amazon.ProjectOne.Testcase_14&quot;/&gt;
      &lt;class name=&quot;Amazon.ProjectOne.Testcase_15&quot;/&gt;
    &lt;/classes&gt;
  &lt;/test&gt; &lt;!-- EdgeTest --&gt;
&lt;/suite&gt; &lt;!-- ProjectSuite --&gt;
            </pre>
          </div> <!-- main-panel-content rounded-window-bottom -->
        </div> <!-- panel -->
        <div panel-name="testlist-ProjectSuite" class="panel">
          <div class="main-panel-header rounded-window-top">
            <span class="header-content">Tests for ProjectSuite</span>
          </div> <!-- main-panel-header rounded-window-top -->
          <div class="main-panel-content rounded-window-bottom">
            <ul>
              <li>
                <span class="test-name">EdgeTest (15 classes)</span>
              </li>
            </ul>
          </div> <!-- main-panel-content rounded-window-bottom -->
        </div> <!-- panel -->
        <div panel-name="group-ProjectSuite" class="panel">
          <div class="main-panel-header rounded-window-top">
            <span class="header-content">Groups for ProjectSuite</span>
          </div> <!-- main-panel-header rounded-window-top -->
          <div class="main-panel-content rounded-window-bottom">
          </div> <!-- main-panel-content rounded-window-bottom -->
        </div> <!-- panel -->
        <div panel-name="times-ProjectSuite" class="panel">
          <div class="main-panel-header rounded-window-top">
            <span class="header-content">Times for ProjectSuite</span>
          </div> <!-- main-panel-header rounded-window-top -->
          <div class="main-panel-content rounded-window-bottom">
            <div class="times-div">
              <script type="text/javascript">
suiteTableInitFunctions.push('tableData_ProjectSuite');
function tableData_ProjectSuite() {
var data = new google.visualization.DataTable();
data.addColumn('number', 'Number');
data.addColumn('string', 'Method');
data.addColumn('string', 'Class');
data.addColumn('number', 'Time (ms)');
data.addRows(20);
data.setCell(0, 0, 0)
data.setCell(0, 1, 'CheckAllPaymentsMethods_Testcase_12')
data.setCell(0, 2, 'Amazon.ProjectOne.Testcase_12')
data.setCell(0, 3, 115285);
data.setCell(1, 0, 1)
data.setCell(1, 1, 'ProductCheckOutToOrderReview_Testcase_11')
data.setCell(1, 2, 'Amazon.ProjectOne.Testcase_11')
data.setCell(1, 3, 83139);
data.setCell(2, 0, 2)
data.setCell(2, 1, 'ApplyCouponCode_Testcase_13')
data.setCell(2, 2, 'Amazon.ProjectOne.Testcase_13')
data.setCell(2, 3, 66270);
data.setCell(3, 0, 3)
data.setCell(3, 1, 'OpenProductDetailsPage_Testcase_7')
data.setCell(3, 2, 'Amazon.ProjectOne.Testcase_7')
data.setCell(3, 3, 55915);
data.setCell(4, 0, 4)
data.setCell(4, 1, 'EditCartPage_Testcase_10')
data.setCell(4, 2, 'Amazon.ProjectOne.Testcase_10')
data.setCell(4, 3, 42179);
data.setCell(5, 0, 5)
data.setCell(5, 1, 'SearchShoesWithFilters_Testcase_6')
data.setCell(5, 2, 'Amazon.ProjectOne.Testcase_6')
data.setCell(5, 3, 39848);
data.setCell(6, 0, 6)
data.setCell(6, 1, 'ProductReview_Testcase_14')
data.setCell(6, 2, 'Amazon.ProjectOne.Testcase_14')
data.setCell(6, 3, 35487);
data.setCell(7, 0, 7)
data.setCell(7, 1, 'AddToCart_Testcase_9')
data.setCell(7, 2, 'Amazon.ProjectOne.Testcase_9')
data.setCell(7, 3, 24809);
data.setCell(8, 0, 8)
data.setCell(8, 1, 'EditUserdetails_Testcase_4')
data.setCell(8, 2, 'Amazon.ProjectOne.Testcase_4')
data.setCell(8, 3, 23356);
data.setCell(9, 0, 9)
data.setCell(9, 1, 'ReachCartWithoutLogin_Testcase_15')
data.setCell(9, 2, 'Amazon.ProjectOne.Testcase_15')
data.setCell(9, 3, 22287);
data.setCell(10, 0, 10)
data.setCell(10, 1, 'UnSucessfulLogin_Testcase_3')
data.setCell(10, 2, 'Amazon.ProjectOne.Testcase_3')
data.setCell(10, 3, 20758);
data.setCell(11, 0, 11)
data.setCell(11, 1, 'ProductReview_Testcase_14')
data.setCell(11, 2, 'Amazon.ProjectOne.Testcase_14')
data.setCell(11, 3, 20343);
data.setCell(12, 0, 12)
data.setCell(12, 1, 'SortProductBasedOnrelevance_Testcase_8')
data.setCell(12, 2, 'Amazon.ProjectOne.Testcase_8')
data.setCell(12, 3, 19328);
data.setCell(13, 0, 13)
data.setCell(13, 1, 'UnSucessfulLogin_Testcase_3')
data.setCell(13, 2, 'Amazon.ProjectOne.Testcase_3')
data.setCell(13, 3, 18143);
data.setCell(14, 0, 14)
data.setCell(14, 1, 'ProductReview_Testcase_14')
data.setCell(14, 2, 'Amazon.ProjectOne.Testcase_14')
data.setCell(14, 3, 17034);
data.setCell(15, 0, 15)
data.setCell(15, 1, 'UnSucessfulLogin_Testcase_3')
data.setCell(15, 2, 'Amazon.ProjectOne.Testcase_3')
data.setCell(15, 3, 16189);
data.setCell(16, 0, 16)
data.setCell(16, 1, 'UnSucessfulLogin_Testcase_3')
data.setCell(16, 2, 'Amazon.ProjectOne.Testcase_3')
data.setCell(16, 3, 13455);
data.setCell(17, 0, 17)
data.setCell(17, 1, 'SearchShoes_Testcase_5')
data.setCell(17, 2, 'Amazon.ProjectOne.Testcase_5')
data.setCell(17, 3, 12724);
data.setCell(18, 0, 18)
data.setCell(18, 1, 'SucessfulLogin_Testcase_2')
data.setCell(18, 2, 'Amazon.ProjectOne.Testcase_2')
data.setCell(18, 3, 8519);
data.setCell(19, 0, 19)
data.setCell(19, 1, 'SucesfulRegisterNewUser_Testcase_1')
data.setCell(19, 2, 'Amazon.ProjectOne.Testcase_1')
data.setCell(19, 3, 4021);
window.suiteTableData['ProjectSuite']= { tableData: data, tableDiv: 'times-div-ProjectSuite'}
return data;
}
              </script>
              <span class="suite-total-time">Total running time: 10 minutes</span>
              <div id="times-div-ProjectSuite">
              </div> <!-- times-div-ProjectSuite -->
            </div> <!-- times-div -->
          </div> <!-- main-panel-content rounded-window-bottom -->
        </div> <!-- panel -->
        <div panel-name="reporter-ProjectSuite" class="panel">
          <div class="main-panel-header rounded-window-top">
            <span class="header-content">Reporter output for ProjectSuite</span>
          </div> <!-- main-panel-header rounded-window-top -->
          <div class="main-panel-content rounded-window-bottom">
            <div class="reporter-method-div">
              <span class="reporter-method-name">SucesfulRegisterNewUser_Testcase_1</span>
              <div class="reporter-method-output-div">
                <span class="reporter-method-output">Test Case Started</span>
                <span class="reporter-method-output">Routing to the Registration is Done</span>
                <span class="reporter-method-output">New Profile is creation is Done</span>
                <span class="reporter-method-output">Test has Passed</span>
              </div> <!-- reporter-method-output-div -->
            </div> <!-- reporter-method-div -->
            <div class="reporter-method-div">
              <span class="reporter-method-name">CheckAllPaymentsMethods_Testcase_12</span>
              <div class="reporter-method-output-div">
                <span class="reporter-method-output">Test Case Started</span>
                <span class="reporter-method-output">Routing to the login Page is Done</span>
                <span class="reporter-method-output">Sucessful Login is Done</span>
                <span class="reporter-method-output">Search for Shoe/product is Done</span>
                <span class="reporter-method-output">Search for Shoe/product is Done</span>
                <span class="reporter-method-output">Routing to the Product details is Done</span>
                <span class="reporter-method-output">Adding Product to the cart is Done</span>
                <span class="reporter-method-output">Routing to the Cart is Done</span>
                <span class="reporter-method-output">Routing to the Payments page is Done</span>
                <span class="reporter-method-output">Click on diff payment methods is Done</span>
                <span class="reporter-method-output">Adding credit card deatils is Done</span>
                <span class="reporter-method-output">Click on Order is Done</span>
                <span class="reporter-method-output">Test has Passed</span>
              </div> <!-- reporter-method-output-div -->
            </div> <!-- reporter-method-div -->
            <div class="reporter-method-div">
              <span class="reporter-method-name">ProductCheckOutToOrderReview_Testcase_11</span>
              <div class="reporter-method-output-div">
                <span class="reporter-method-output">Test Case Started</span>
                <span class="reporter-method-output">Routing to the login Page is Done</span>
                <span class="reporter-method-output">Routing to the login Page is Done</span>
                <span class="reporter-method-output">Search for Shoe/product is Done</span>
                <span class="reporter-method-output">Search for Shoe/product is Done</span>
                <span class="reporter-method-output">Routing to the Product details is Done</span>
                <span class="reporter-method-output">Adding Product to the cart is Done</span>
                <span class="reporter-method-output">Routing to the Cart is Done</span>
                <span class="reporter-method-output">Routing to the Payments page is Done</span>
                <span class="reporter-method-output">Adding credit card deatils is Done</span>
                <span class="reporter-method-output">Click on Order is Done</span>
                <span class="reporter-method-output">Test has Passed</span>
              </div> <!-- reporter-method-output-div -->
            </div> <!-- reporter-method-div -->
            <div class="reporter-method-div">
              <span class="reporter-method-name">SucessfulLogin_Testcase_2</span>
              <div class="reporter-method-output-div">
                <span class="reporter-method-output">Test Case Started</span>
                <span class="reporter-method-output">Routing to the login Page is Done</span>
                <span class="reporter-method-output">Sucessful login is Done</span>
                <span class="reporter-method-output">Test has Passed</span>
              </div> <!-- reporter-method-output-div -->
            </div> <!-- reporter-method-div -->
            <div class="reporter-method-div">
              <span class="reporter-method-name">EditUserdetails_Testcase_4</span>
              <div class="reporter-method-output-div">
                <span class="reporter-method-output">Test Case Started</span>
                <span class="reporter-method-output">Routing to the login Page is Done</span>
                <span class="reporter-method-output">Sucessful Login is Done</span>
                <span class="reporter-method-output">Sucessful Editing the User deatils is Done</span>
                <span class="reporter-method-output">Test has Passed</span>
              </div> <!-- reporter-method-output-div -->
            </div> <!-- reporter-method-div -->
            <div class="reporter-method-div">
              <span class="reporter-method-name">SearchShoesWithFilters_Testcase_6</span>
              <div class="reporter-method-output-div">
                <span class="reporter-method-output">Test Case Started</span>
                <span class="reporter-method-output">Routing to the login Page is Done</span>
                <span class="reporter-method-output">Sucessful Login is Done</span>
                <span class="reporter-method-output">Search for Shoe/product is Done</span>
                <span class="reporter-method-output">Applying filters is Done</span>
                <span class="reporter-method-output">Test has Passed</span>
              </div> <!-- reporter-method-output-div -->
            </div> <!-- reporter-method-div -->
            <div class="reporter-method-div">
              <span class="reporter-method-name">AddToCart_Testcase_9</span>
              <div class="reporter-method-output-div">
                <span class="reporter-method-output">Test Case Started</span>
                <span class="reporter-method-output">Routing to the login Page is Done</span>
                <span class="reporter-method-output">Sucessful Login is Done</span>
                <span class="reporter-method-output">Search for Shoe/product is Done</span>
                <span class="reporter-method-output">Routing to the Product details is Done</span>
                <span class="reporter-method-output">Adding Product to the cart is Done</span>
                <span class="reporter-method-output">Test has Passed</span>
              </div> <!-- reporter-method-output-div -->
            </div> <!-- reporter-method-div -->
            <div class="reporter-method-div">
              <span class="reporter-method-name">OpenProductDetailsPage_Testcase_7</span>
              <div class="reporter-method-output-div">
                <span class="reporter-method-output">Test Case Started</span>
                <span class="reporter-method-output">Routing to the login Page is Done</span>
                <span class="reporter-method-output">Sucessful Login is Done</span>
                <span class="reporter-method-output">Search for Shoe/product is Done</span>
                <span class="reporter-method-output">Applying filters is Done</span>
                <span class="reporter-method-output">Search for Shoe/product is Done</span>
                <span class="reporter-method-output">Routing to the Product details is Done</span>
                <span class="reporter-method-output">Test has Passed</span>
              </div> <!-- reporter-method-output-div -->
            </div> <!-- reporter-method-div -->
            <div class="reporter-method-div">
              <span class="reporter-method-name">EditCartPage_Testcase_10</span>
              <div class="reporter-method-output-div">
                <span class="reporter-method-output">Test Case Started</span>
                <span class="reporter-method-output">Routing to the login Page is Done</span>
                <span class="reporter-method-output">Sucessful Login is Done</span>
                <span class="reporter-method-output">Search for Shoe/product is Done</span>
                <span class="reporter-method-output">Search for Shoe/product is Done</span>
                <span class="reporter-method-output">Routing to the Product details is Done</span>
                <span class="reporter-method-output">Adding Product to the cart is Done</span>
                <span class="reporter-method-output">Routing to the Cart is Done</span>
                <span class="reporter-method-output">Changing the product quantities in the Cart is Done</span>
                <span class="reporter-method-output">Deleting the product in the Cart is Done</span>
                <span class="reporter-method-output">Test has Passed</span>
              </div> <!-- reporter-method-output-div -->
            </div> <!-- reporter-method-div -->
            <div class="reporter-method-div">
              <span class="reporter-method-name">ProductReview_Testcase_14</span>
              <div class="reporter-method-output-div">
                <span class="reporter-method-output">Test Case Started</span>
                <span class="reporter-method-output">Routing to the login Page is Done</span>
                <span class="reporter-method-output">Sucessful Login is Done</span>
                <span class="reporter-method-output">Routing to the order listing page is Done</span>
                <span class="reporter-method-output">Routing to the Add review page is Done</span>
                <span class="reporter-method-output">Adding the product review is Done</span>
                <span class="reporter-method-output">Test has Passed</span>
              </div> <!-- reporter-method-output-div -->
            </div> <!-- reporter-method-div -->
            <div class="reporter-method-div">
              <span class="reporter-method-name">SearchShoes_Testcase_5</span>
              <div class="reporter-method-output-div">
                <span class="reporter-method-output">Test Case Started</span>
                <span class="reporter-method-output">Routing to the login Page is Done</span>
                <span class="reporter-method-output">Sucessful Login is Done</span>
                <span class="reporter-method-output">Search for Shoe/product is Done</span>
                <span class="reporter-method-output">Test has Passed</span>
              </div> <!-- reporter-method-output-div -->
            </div> <!-- reporter-method-div -->
            <div class="reporter-method-div">
              <span class="reporter-method-name">ApplyCouponCode_Testcase_13</span>
              <div class="reporter-method-output-div">
                <span class="reporter-method-output">Test Case Started</span>
                <span class="reporter-method-output">Routing to the login Page is Done</span>
                <span class="reporter-method-output">Sucessful Login is Done</span>
                <span class="reporter-method-output">Search for Shoe/product is Done</span>
                <span class="reporter-method-output">Search for Shoe/product is Done</span>
                <span class="reporter-method-output">Routing to the Product details is Done</span>
                <span class="reporter-method-output">Adding Product to the cart is Done</span>
                <span class="reporter-method-output">Routing to the Cart is Done</span>
                <span class="reporter-method-output">Routing to the Payments page is Done</span>
                <span class="reporter-method-output">Click on Order is Done</span>
                <span class="reporter-method-output">Adding the coupon details is Done</span>
                <span class="reporter-method-output">Test has Passed</span>
              </div> <!-- reporter-method-output-div -->
            </div> <!-- reporter-method-div -->
            <div class="reporter-method-div">
              <span class="reporter-method-name">ReachCartWithoutLogin_Testcase_15</span>
              <div class="reporter-method-output-div">
                <span class="reporter-method-output">Test Case Started</span>
                <span class="reporter-method-output">Search for Shoe/product is Done</span>
                <span class="reporter-method-output">Search for Shoe/product is Done</span>
                <span class="reporter-method-output">Adding Product to the cart is Done</span>
                <span class="reporter-method-output">Routing to the Cart is Done</span>
                <span class="reporter-method-output">Test has Passed</span>
              </div> <!-- reporter-method-output-div -->
            </div> <!-- reporter-method-div -->
            <div class="reporter-method-div">
              <span class="reporter-method-name">SortProductBasedOnrelevance_Testcase_8</span>
              <div class="reporter-method-output-div">
                <span class="reporter-method-output">Test Case Started</span>
                <span class="reporter-method-output">Routing to the login Page is Done</span>
                <span class="reporter-method-output">Sucessful Login is Done</span>
                <span class="reporter-method-output">Search for Shoe/product is Done</span>
                <span class="reporter-method-output">Changing the relevance is Done</span>
                <span class="reporter-method-output">Test has Passed</span>
              </div> <!-- reporter-method-output-div -->
            </div> <!-- reporter-method-div -->
            <div class="reporter-method-div">
              <span class="reporter-method-name">UnSucessfulLogin_Testcase_3</span>
              <div class="reporter-method-output-div">
                <span class="reporter-method-output">Test Case Started</span>
              </div> <!-- reporter-method-output-div -->
            </div> <!-- reporter-method-div -->
            <div class="reporter-method-div">
              <span class="reporter-method-name">ProductReview_Testcase_14</span>
              <div class="reporter-method-output-div">
                <span class="reporter-method-output">Test Case Started</span>
                <span class="reporter-method-output">Routing to the login Page is Done</span>
                <span class="reporter-method-output">Sucessful Login is Done</span>
              </div> <!-- reporter-method-output-div -->
            </div> <!-- reporter-method-div -->
            <div class="reporter-method-div">
              <span class="reporter-method-name">UnSucessfulLogin_Testcase_3</span>
              <div class="reporter-method-output-div">
                <span class="reporter-method-output">Test Case Started</span>
              </div> <!-- reporter-method-output-div -->
            </div> <!-- reporter-method-div -->
            <div class="reporter-method-div">
              <span class="reporter-method-name">UnSucessfulLogin_Testcase_3</span>
              <div class="reporter-method-output-div">
                <span class="reporter-method-output">Test Case Started</span>
              </div> <!-- reporter-method-output-div -->
            </div> <!-- reporter-method-div -->
            <div class="reporter-method-div">
              <span class="reporter-method-name">ProductReview_Testcase_14</span>
              <div class="reporter-method-output-div">
                <span class="reporter-method-output">Test Case Started</span>
                <span class="reporter-method-output">Routing to the login Page is Done</span>
                <span class="reporter-method-output">Sucessful Login is Done</span>
              </div> <!-- reporter-method-output-div -->
            </div> <!-- reporter-method-div -->
            <div class="reporter-method-div">
              <span class="reporter-method-name">UnSucessfulLogin_Testcase_3</span>
              <div class="reporter-method-output-div">
                <span class="reporter-method-output">Test Case Started</span>
              </div> <!-- reporter-method-output-div -->
            </div> <!-- reporter-method-div -->
          </div> <!-- main-panel-content rounded-window-bottom -->
        </div> <!-- panel -->
        <div panel-name="ignored-methods-ProjectSuite" class="panel">
          <div class="main-panel-header rounded-window-top">
            <span class="header-content">0 ignored methods</span>
          </div> <!-- main-panel-header rounded-window-top -->
          <div class="main-panel-content rounded-window-bottom">
          </div> <!-- main-panel-content rounded-window-bottom -->
        </div> <!-- panel -->
        <div panel-name="chronological-ProjectSuite" class="panel">
          <div class="main-panel-header rounded-window-top">
            <span class="header-content">Methods in chronological order</span>
          </div> <!-- main-panel-header rounded-window-top -->
          <div class="main-panel-content rounded-window-bottom">
            <div class="chronological-class">
              <div class="chronological-class-name">Amazon.ProjectOne.Testcase_1</div> <!-- chronological-class-name -->
              <div class="configuration-method before">
                <span class="method-name">precondition(edge)</span>
                <span class="method-start">0 ms</span>
              </div> <!-- configuration-method before -->
              <div class="test-method">
                <span class="method-name">SucesfulRegisterNewUser_Testcase_1</span>
                <span class="method-start">8879 ms</span>
              </div> <!-- test-method -->
              <div class="configuration-method after">
                <span class="method-name">closure_activity</span>
                <span class="method-start">13047 ms</span>
              </div> <!-- configuration-method after -->
            </div> <!-- chronological-class -->
            <div class="chronological-class">
              <div class="chronological-class-name">Amazon.ProjectOne.Testcase_2</div> <!-- chronological-class-name -->
              <div class="configuration-method before">
                <span class="method-name">precondition(edge)</span>
                <span class="method-start">17641 ms</span>
              </div> <!-- configuration-method before -->
              <div class="test-method">
                <span class="method-name">SucessfulLogin_Testcase_2</span>
                <span class="method-start">24190 ms</span>
              </div> <!-- test-method -->
              <div class="configuration-method after">
                <span class="method-name">closure_activity</span>
                <span class="method-start">33204 ms</span>
              </div> <!-- configuration-method after -->
            </div> <!-- chronological-class -->
            <div class="chronological-class">
              <div class="chronological-class-name">Amazon.ProjectOne.Testcase_3</div> <!-- chronological-class-name -->
              <div class="configuration-method before">
                <span class="method-name">precondition(edge)</span>
                <span class="method-start">38079 ms</span>
              </div> <!-- configuration-method before -->
              <div class="test-method">
                <span class="method-name">UnSucessfulLogin_Testcase_3</span>
                <span class="method-start">52160 ms</span>
              </div> <!-- test-method -->
              <div class="configuration-method after">
                <span class="method-name">closure_activity</span>
                <span class="method-start">73729 ms</span>
              </div> <!-- configuration-method after -->
              <div class="configuration-method before">
                <span class="method-name">precondition(edge)</span>
                <span class="method-start">78470 ms</span>
              </div> <!-- configuration-method before -->
              <div class="test-method">
                <span class="method-name">UnSucessfulLogin_Testcase_3</span>
                <span class="method-start">89342 ms</span>
              </div> <!-- test-method -->
              <div class="configuration-method after">
                <span class="method-name">closure_activity</span>
                <span class="method-start">108857 ms</span>
              </div> <!-- configuration-method after -->
              <div class="configuration-method before">
                <span class="method-name">precondition(edge)</span>
                <span class="method-start">114048 ms</span>
              </div> <!-- configuration-method before -->
              <div class="test-method">
                <span class="method-name">UnSucessfulLogin_Testcase_3</span>
                <span class="method-start">125686 ms</span>
              </div> <!-- test-method -->
              <div class="configuration-method after">
                <span class="method-name">closure_activity</span>
                <span class="method-start">149624 ms</span>
              </div> <!-- configuration-method after -->
              <div class="configuration-method before">
                <span class="method-name">precondition(edge)</span>
                <span class="method-start">154202 ms</span>
              </div> <!-- configuration-method before -->
              <div class="test-method">
                <img src="failed.png">
                </img>
                <span class="method-name">UnSucessfulLogin_Testcase_3</span>
                <span class="method-start">164814 ms</span>
              </div> <!-- test-method -->
              <div class="configuration-method after">
                <span class="method-name">closure_activity</span>
                <span class="method-start">181756 ms</span>
              </div> <!-- configuration-method after -->
            </div> <!-- chronological-class -->
            <div class="chronological-class">
              <div class="chronological-class-name">Amazon.ProjectOne.Testcase_4</div> <!-- chronological-class-name -->
              <div class="configuration-method before">
                <span class="method-name">precondition(edge)</span>
                <span class="method-start">186192 ms</span>
              </div> <!-- configuration-method before -->
              <div class="test-method">
                <span class="method-name">EditUserdetails_Testcase_4</span>
                <span class="method-start">195714 ms</span>
              </div> <!-- test-method -->
              <div class="configuration-method after">
                <span class="method-name">closure_activity</span>
                <span class="method-start">219652 ms</span>
              </div> <!-- configuration-method after -->
            </div> <!-- chronological-class -->
            <div class="chronological-class">
              <div class="chronological-class-name">Amazon.ProjectOne.Testcase_5</div> <!-- chronological-class-name -->
              <div class="configuration-method before">
                <span class="method-name">precondition(edge)</span>
                <span class="method-start">224080 ms</span>
              </div> <!-- configuration-method before -->
              <div class="test-method">
                <span class="method-name">SearchShoes_Testcase_5</span>
                <span class="method-start">234371 ms</span>
              </div> <!-- test-method -->
              <div class="configuration-method after">
                <span class="method-name">closure_activity</span>
                <span class="method-start">247392 ms</span>
              </div> <!-- configuration-method after -->
            </div> <!-- chronological-class -->
            <div class="chronological-class">
              <div class="chronological-class-name">Amazon.ProjectOne.Testcase_6</div> <!-- chronological-class-name -->
              <div class="configuration-method before">
                <span class="method-name">precondition(edge)</span>
                <span class="method-start">251837 ms</span>
              </div> <!-- configuration-method before -->
              <div class="test-method">
                <span class="method-name">SearchShoesWithFilters_Testcase_6</span>
                <span class="method-start">264742 ms</span>
              </div> <!-- test-method -->
              <div class="configuration-method after">
                <span class="method-name">closure_activity</span>
                <span class="method-start">304915 ms</span>
              </div> <!-- configuration-method after -->
            </div> <!-- chronological-class -->
            <div class="chronological-class">
              <div class="chronological-class-name">Amazon.ProjectOne.Testcase_7</div> <!-- chronological-class-name -->
              <div class="configuration-method before">
                <span class="method-name">precondition(edge)</span>
                <span class="method-start">309346 ms</span>
              </div> <!-- configuration-method before -->
              <div class="test-method">
                <span class="method-name">OpenProductDetailsPage_Testcase_7</span>
                <span class="method-start">320377 ms</span>
              </div> <!-- test-method -->
              <div class="configuration-method after">
                <span class="method-name">closure_activity</span>
                <span class="method-start">376533 ms</span>
              </div> <!-- configuration-method after -->
            </div> <!-- chronological-class -->
            <div class="chronological-class">
              <div class="chronological-class-name">Amazon.ProjectOne.Testcase_8</div> <!-- chronological-class-name -->
              <div class="configuration-method before">
                <span class="method-name">precondition(edge)</span>
                <span class="method-start">381327 ms</span>
              </div> <!-- configuration-method before -->
              <div class="test-method">
                <span class="method-name">SortProductBasedOnrelevance_Testcase_8</span>
                <span class="method-start">390288 ms</span>
              </div> <!-- test-method -->
              <div class="configuration-method after">
                <span class="method-name">closure_activity</span>
                <span class="method-start">410589 ms</span>
              </div> <!-- configuration-method after -->
            </div> <!-- chronological-class -->
            <div class="chronological-class">
              <div class="chronological-class-name">Amazon.ProjectOne.Testcase_9</div> <!-- chronological-class-name -->
              <div class="configuration-method before">
                <span class="method-name">precondition(edge)</span>
                <span class="method-start">415180 ms</span>
              </div> <!-- configuration-method before -->
              <div class="test-method">
                <span class="method-name">AddToCart_Testcase_9</span>
                <span class="method-start">422383 ms</span>
              </div> <!-- test-method -->
              <div class="configuration-method after">
                <span class="method-name">closure_activity</span>
                <span class="method-start">447594 ms</span>
              </div> <!-- configuration-method after -->
            </div> <!-- chronological-class -->
            <div class="chronological-class">
              <div class="chronological-class-name">Amazon.ProjectOne.Testcase_10</div> <!-- chronological-class-name -->
              <div class="configuration-method before">
                <span class="method-name">precondition(edge)</span>
                <span class="method-start">452543 ms</span>
              </div> <!-- configuration-method before -->
              <div class="test-method">
                <span class="method-name">EditCartPage_Testcase_10</span>
                <span class="method-start">464217 ms</span>
              </div> <!-- test-method -->
              <div class="configuration-method after">
                <span class="method-name">closure_activity</span>
                <span class="method-start">506642 ms</span>
              </div> <!-- configuration-method after -->
            </div> <!-- chronological-class -->
            <div class="chronological-class">
              <div class="chronological-class-name">Amazon.ProjectOne.Testcase_11</div> <!-- chronological-class-name -->
              <div class="configuration-method before">
                <span class="method-name">precondition(edge)</span>
                <span class="method-start">512384 ms</span>
              </div> <!-- configuration-method before -->
              <div class="test-method">
                <span class="method-name">ProductCheckOutToOrderReview_Testcase_11</span>
                <span class="method-start">521128 ms</span>
              </div> <!-- test-method -->
              <div class="configuration-method after">
                <span class="method-name">closure_activity</span>
                <span class="method-start">604418 ms</span>
              </div> <!-- configuration-method after -->
            </div> <!-- chronological-class -->
            <div class="chronological-class">
              <div class="chronological-class-name">Amazon.ProjectOne.Testcase_12</div> <!-- chronological-class-name -->
              <div class="configuration-method before">
                <span class="method-name">precondition(edge)</span>
                <span class="method-start">608891 ms</span>
              </div> <!-- configuration-method before -->
              <div class="test-method">
                <span class="method-name">CheckAllPaymentsMethods_Testcase_12</span>
                <span class="method-start">617645 ms</span>
              </div> <!-- test-method -->
              <div class="configuration-method after">
                <span class="method-name">closure_activity</span>
                <span class="method-start">733230 ms</span>
              </div> <!-- configuration-method after -->
            </div> <!-- chronological-class -->
            <div class="chronological-class">
              <div class="chronological-class-name">Amazon.ProjectOne.Testcase_13</div> <!-- chronological-class-name -->
              <div class="configuration-method before">
                <span class="method-name">precondition(edge)</span>
                <span class="method-start">738068 ms</span>
              </div> <!-- configuration-method before -->
              <div class="test-method">
                <span class="method-name">ApplyCouponCode_Testcase_13</span>
                <span class="method-start">751708 ms</span>
              </div> <!-- test-method -->
              <div class="configuration-method after">
                <span class="method-name">closure_activity</span>
                <span class="method-start">818309 ms</span>
              </div> <!-- configuration-method after -->
            </div> <!-- chronological-class -->
            <div class="chronological-class">
              <div class="chronological-class-name">Amazon.ProjectOne.Testcase_14</div> <!-- chronological-class-name -->
              <div class="configuration-method before">
                <span class="method-name">precondition(edge)</span>
                <span class="method-start">823323 ms</span>
              </div> <!-- configuration-method before -->
              <div class="test-method">
                <span class="method-name">ProductReview_Testcase_14</span>
                <span class="method-start">833621 ms</span>
              </div> <!-- test-method -->
              <div class="configuration-method after">
                <span class="method-name">closure_activity</span>
                <span class="method-start">857155 ms</span>
              </div> <!-- configuration-method after -->
              <div class="configuration-method before">
                <span class="method-name">precondition(edge)</span>
                <span class="method-start">861775 ms</span>
              </div> <!-- configuration-method before -->
              <div class="test-method">
                <span class="method-name">ProductReview_Testcase_14</span>
                <span class="method-start">872678 ms</span>
              </div> <!-- test-method -->
              <div class="configuration-method after">
                <span class="method-name">closure_activity</span>
                <span class="method-start">892993 ms</span>
              </div> <!-- configuration-method after -->
              <div class="configuration-method before">
                <span class="method-name">precondition(edge)</span>
                <span class="method-start">898108 ms</span>
              </div> <!-- configuration-method before -->
              <div class="test-method">
                <span class="method-name">ProductReview_Testcase_14</span>
                <span class="method-start">911074 ms</span>
              </div> <!-- test-method -->
              <div class="configuration-method after">
                <span class="method-name">closure_activity</span>
                <span class="method-start">946924 ms</span>
              </div> <!-- configuration-method after -->
            </div> <!-- chronological-class -->
            <div class="chronological-class">
              <div class="chronological-class-name">Amazon.ProjectOne.Testcase_15</div> <!-- chronological-class-name -->
              <div class="configuration-method before">
                <span class="method-name">precondition(edge)</span>
                <span class="method-start">951857 ms</span>
              </div> <!-- configuration-method before -->
              <div class="test-method">
                <span class="method-name">ReachCartWithoutLogin_Testcase_15</span>
                <span class="method-start">961335 ms</span>
              </div> <!-- test-method -->
              <div class="configuration-method after">
                <span class="method-name">closure_activity</span>
                <span class="method-start">983867 ms</span>
              </div> <!-- configuration-method after -->
          </div> <!-- main-panel-content rounded-window-bottom -->
        </div> <!-- panel -->
      </div> <!-- main-panel-root -->
    </div> <!-- wrapper -->
  </body>
<script type="text/javascript" src="testng-reports2.js"></script>
</html>
