<?xml version="1.0" encoding="UTF-8"?>
<testng-results retried="5" ignored="0" total="20" passed="14" failed="1" skipped="0">
  <reporter-output>
    <line>
      <![CDATA[Test Suite Started]]>
    </line>
    <line>
      <![CDATA[Test Case Started]]>
    </line>
    <line>
      <![CDATA[Routing to the Registration is Done]]>
    </line>
    <line>
      <![CDATA[New Profile is creation is Done]]>
    </line>
    <line>
      <![CDATA[Test has Passed]]>
    </line>
    <line>
      <![CDATA[Test Case Started]]>
    </line>
    <line>
      <![CDATA[Routing to the login Page is Done]]>
    </line>
    <line>
      <![CDATA[Sucessful login is Done]]>
    </line>
    <line>
      <![CDATA[Test has Passed]]>
    </line>
    <line>
      <![CDATA[Test Case Started]]>
    </line>
    <line>
      <![CDATA[Test Case Started]]>
    </line>
    <line>
      <![CDATA[Test Case Started]]>
    </line>
    <line>
      <![CDATA[Test Case Started]]>
    </line>
    <line>
      <![CDATA[Test Case Started]]>
    </line>
    <line>
      <![CDATA[Routing to the login Page is Done]]>
    </line>
    <line>
      <![CDATA[Sucessful Login is Done]]>
    </line>
    <line>
      <![CDATA[Sucessful Editing the User deatils is Done]]>
    </line>
    <line>
      <![CDATA[Test has Passed]]>
    </line>
    <line>
      <![CDATA[Test Case Started]]>
    </line>
    <line>
      <![CDATA[Routing to the login Page is Done]]>
    </line>
    <line>
      <![CDATA[Sucessful Login is Done]]>
    </line>
    <line>
      <![CDATA[Search for Shoe/product is Done]]>
    </line>
    <line>
      <![CDATA[Test has Passed]]>
    </line>
    <line>
      <![CDATA[Test Case Started]]>
    </line>
    <line>
      <![CDATA[Routing to the login Page is Done]]>
    </line>
    <line>
      <![CDATA[Sucessful Login is Done]]>
    </line>
    <line>
      <![CDATA[Search for Shoe/product is Done]]>
    </line>
    <line>
      <![CDATA[Applying filters is Done]]>
    </line>
    <line>
      <![CDATA[Test has Passed]]>
    </line>
    <line>
      <![CDATA[Test Case Started]]>
    </line>
    <line>
      <![CDATA[Routing to the login Page is Done]]>
    </line>
    <line>
      <![CDATA[Sucessful Login is Done]]>
    </line>
    <line>
      <![CDATA[Search for Shoe/product is Done]]>
    </line>
    <line>
      <![CDATA[Applying filters is Done]]>
    </line>
    <line>
      <![CDATA[Search for Shoe/product is Done]]>
    </line>
    <line>
      <![CDATA[Routing to the Product details is Done]]>
    </line>
    <line>
      <![CDATA[Test has Passed]]>
    </line>
    <line>
      <![CDATA[Test Case Started]]>
    </line>
    <line>
      <![CDATA[Routing to the login Page is Done]]>
    </line>
    <line>
      <![CDATA[Sucessful Login is Done]]>
    </line>
    <line>
      <![CDATA[Search for Shoe/product is Done]]>
    </line>
    <line>
      <![CDATA[Changing the relevance is Done]]>
    </line>
    <line>
      <![CDATA[Test has Passed]]>
    </line>
    <line>
      <![CDATA[Test Case Started]]>
    </line>
    <line>
      <![CDATA[Routing to the login Page is Done]]>
    </line>
    <line>
      <![CDATA[Sucessful Login is Done]]>
    </line>
    <line>
      <![CDATA[Search for Shoe/product is Done]]>
    </line>
    <line>
      <![CDATA[Routing to the Product details is Done]]>
    </line>
    <line>
      <![CDATA[Adding Product to the cart is Done]]>
    </line>
    <line>
      <![CDATA[Test has Passed]]>
    </line>
    <line>
      <![CDATA[Test Case Started]]>
    </line>
    <line>
      <![CDATA[Routing to the login Page is Done]]>
    </line>
    <line>
      <![CDATA[Sucessful Login is Done]]>
    </line>
    <line>
      <![CDATA[Search for Shoe/product is Done]]>
    </line>
    <line>
      <![CDATA[Search for Shoe/product is Done]]>
    </line>
    <line>
      <![CDATA[Routing to the Product details is Done]]>
    </line>
    <line>
      <![CDATA[Adding Product to the cart is Done]]>
    </line>
    <line>
      <![CDATA[Routing to the Cart is Done]]>
    </line>
    <line>
      <![CDATA[Changing the product quantities in the Cart is Done]]>
    </line>
    <line>
      <![CDATA[Deleting the product in the Cart is Done]]>
    </line>
    <line>
      <![CDATA[Test has Passed]]>
    </line>
    <line>
      <![CDATA[Test Case Started]]>
    </line>
    <line>
      <![CDATA[Routing to the login Page is Done]]>
    </line>
    <line>
      <![CDATA[Routing to the login Page is Done]]>
    </line>
    <line>
      <![CDATA[Search for Shoe/product is Done]]>
    </line>
    <line>
      <![CDATA[Search for Shoe/product is Done]]>
    </line>
    <line>
      <![CDATA[Routing to the Product details is Done]]>
    </line>
    <line>
      <![CDATA[Adding Product to the cart is Done]]>
    </line>
    <line>
      <![CDATA[Routing to the Cart is Done]]>
    </line>
    <line>
      <![CDATA[Routing to the Payments page is Done]]>
    </line>
    <line>
      <![CDATA[Adding credit card deatils is Done]]>
    </line>
    <line>
      <![CDATA[Click on Order is Done]]>
    </line>
    <line>
      <![CDATA[Test has Passed]]>
    </line>
    <line>
      <![CDATA[Test Case Started]]>
    </line>
    <line>
      <![CDATA[Routing to the login Page is Done]]>
    </line>
    <line>
      <![CDATA[Sucessful Login is Done]]>
    </line>
    <line>
      <![CDATA[Search for Shoe/product is Done]]>
    </line>
    <line>
      <![CDATA[Search for Shoe/product is Done]]>
    </line>
    <line>
      <![CDATA[Routing to the Product details is Done]]>
    </line>
    <line>
      <![CDATA[Adding Product to the cart is Done]]>
    </line>
    <line>
      <![CDATA[Routing to the Cart is Done]]>
    </line>
    <line>
      <![CDATA[Routing to the Payments page is Done]]>
    </line>
    <line>
      <![CDATA[Click on diff payment methods is Done]]>
    </line>
    <line>
      <![CDATA[Adding credit card deatils is Done]]>
    </line>
    <line>
      <![CDATA[Click on Order is Done]]>
    </line>
    <line>
      <![CDATA[Test has Passed]]>
    </line>
    <line>
      <![CDATA[Test Case Started]]>
    </line>
    <line>
      <![CDATA[Routing to the login Page is Done]]>
    </line>
    <line>
      <![CDATA[Sucessful Login is Done]]>
    </line>
    <line>
      <![CDATA[Search for Shoe/product is Done]]>
    </line>
    <line>
      <![CDATA[Search for Shoe/product is Done]]>
    </line>
    <line>
      <![CDATA[Routing to the Product details is Done]]>
    </line>
    <line>
      <![CDATA[Adding Product to the cart is Done]]>
    </line>
    <line>
      <![CDATA[Routing to the Cart is Done]]>
    </line>
    <line>
      <![CDATA[Routing to the Payments page is Done]]>
    </line>
    <line>
      <![CDATA[Click on Order is Done]]>
    </line>
    <line>
      <![CDATA[Adding the coupon details is Done]]>
    </line>
    <line>
      <![CDATA[Test has Passed]]>
    </line>
    <line>
      <![CDATA[Test Case Started]]>
    </line>
    <line>
      <![CDATA[Routing to the login Page is Done]]>
    </line>
    <line>
      <![CDATA[Sucessful Login is Done]]>
    </line>
    <line>
      <![CDATA[Test Case Started]]>
    </line>
    <line>
      <![CDATA[Routing to the login Page is Done]]>
    </line>
    <line>
      <![CDATA[Sucessful Login is Done]]>
    </line>
    <line>
      <![CDATA[Test Case Started]]>
    </line>
    <line>
      <![CDATA[Routing to the login Page is Done]]>
    </line>
    <line>
      <![CDATA[Sucessful Login is Done]]>
    </line>
    <line>
      <![CDATA[Routing to the order listing page is Done]]>
    </line>
    <line>
      <![CDATA[Routing to the Add review page is Done]]>
    </line>
    <line>
      <![CDATA[Adding the product review is Done]]>
    </line>
    <line>
      <![CDATA[Test has Passed]]>
    </line>
    <line>
      <![CDATA[Test Case Started]]>
    </line>
    <line>
      <![CDATA[Search for Shoe/product is Done]]>
    </line>
    <line>
      <![CDATA[Search for Shoe/product is Done]]>
    </line>
    <line>
      <![CDATA[Adding Product to the cart is Done]]>
    </line>
    <line>
      <![CDATA[Routing to the Cart is Done]]>
    </line>
    <line>
      <![CDATA[Test has Passed]]>
    </line>
  </reporter-output>
  <suite started-at="2024-03-29T18:31:47 IST" name="ProjectSuite" finished-at="2024-03-29T18:48:16 IST" duration-ms="988628">
    <groups>
    </groups>
    <test started-at="2024-03-29T18:31:47 IST" name="EdgeTest" finished-at="2024-03-29T18:48:16 IST" duration-ms="988628">
      <class name="Amazon.ProjectOne.Testcase_6">
        <test-method is-config="true" signature="precondition(java.lang.String)[pri:0, instance:Amazon.ProjectOne.Testcase_6@a38c7fe]" started-at="2024-03-29T18:35:59 IST" name="precondition" finished-at="2024-03-29T18:36:12 IST" duration-ms="12905" status="PASS">
          <params>
            <param index="0">
              <value>
                <![CDATA[edge]]>
              </value>
            </param>
          </params>
          <reporter-output>
          </reporter-output>
        </test-method> <!-- precondition -->
        <test-method signature="SearchShoesWithFilters_Testcase_6()[pri:0, instance:Amazon.ProjectOne.Testcase_6@a38c7fe]" started-at="2024-03-29T18:36:12 IST" name="SearchShoesWithFilters_Testcase_6" finished-at="2024-03-29T18:36:52 IST" duration-ms="39848" status="PASS">
          <reporter-output>
            <line>
              <![CDATA[Test Case Started]]>
            </line>
            <line>
              <![CDATA[Routing to the login Page is Done]]>
            </line>
            <line>
              <![CDATA[Sucessful Login is Done]]>
            </line>
            <line>
              <![CDATA[Search for Shoe/product is Done]]>
            </line>
            <line>
              <![CDATA[Applying filters is Done]]>
            </line>
            <line>
              <![CDATA[Test has Passed]]>
            </line>
          </reporter-output>
        </test-method> <!-- SearchShoesWithFilters_Testcase_6 -->
        <test-method is-config="true" signature="closure_activity()[pri:0, instance:Amazon.ProjectOne.Testcase_6@a38c7fe]" started-at="2024-03-29T18:36:52 IST" name="closure_activity" finished-at="2024-03-29T18:36:57 IST" duration-ms="4430" status="PASS">
          <reporter-output>
          </reporter-output>
        </test-method> <!-- closure_activity -->
      </class> <!-- Amazon.ProjectOne.Testcase_6 -->
      <class name="Amazon.ProjectOne.Testcase_14">
        <test-method is-config="true" signature="precondition(java.lang.String)[pri:0, instance:Amazon.ProjectOne.Testcase_14@5824a83d]" started-at="2024-03-29T18:45:31 IST" name="precondition" finished-at="2024-03-29T18:45:41 IST" duration-ms="10298" status="PASS">
          <params>
            <param index="0">
              <value>
                <![CDATA[edge]]>
              </value>
            </param>
          </params>
          <reporter-output>
          </reporter-output>
        </test-method> <!-- precondition -->
        <test-method retried="true" signature="ProductReview_Testcase_14()[pri:0, instance:Amazon.ProjectOne.Testcase_14@5824a83d]" started-at="2024-03-29T18:45:41 IST" name="ProductReview_Testcase_14" finished-at="2024-03-29T18:46:01 IST" duration-ms="20343" status="SKIP">
          <exception class="org.openqa.selenium.json.JsonException">
            <message>
              <![CDATA[java.lang.reflect.InvocationTargetException
Build info: version: '4.16.1', revision: '9b4c83354e'
System info: os.name: 'Windows 11', os.arch: 'amd64', os.version: '10.0', java.version: '17.0.9'
Driver info: org.openqa.selenium.edge.EdgeDriver
Command: [fcdb6528edc01ee55b0a99d685837326, actions {actions=[org.openqa.selenium.interactions.Sequence@73a116d]}]
Capabilities {acceptInsecureCerts: false, browserName: MicrosoftEdge, browserVersion: 122.0.2365.92, fedcm:accounts: true, ms:edgeOptions: {debuggerAddress: localhost:58780}, msedge: {msedgedriverVersion: 122.0.2365.106 (a5761ec7165..., userDataDir: C:\Users\Richard\AppData\Lo...}, networkConnectionEnabled: false, pageLoadStrategy: normal, platformName: windows, proxy: Proxy(), se:cdp: ws://localhost:58780/devtoo..., se:cdpVersion: 122.0.2365.92, setWindowRect: true, strictFileInteractability: false, timeouts: {implicit: 0, pageLoad: 300000, script: 30000}, unhandledPromptBehavior: dismiss and notify, webauthn:extension:credBlob: true, webauthn:extension:largeBlob: true, webauthn:extension:minPinLength: true, webauthn:extension:prf: true, webauthn:virtualAuthenticators: true}
Session ID: fcdb6528edc01ee55b0a99d685837326]]>
            </message>
            <full-stacktrace>
              <![CDATA[org.openqa.selenium.json.JsonException: java.lang.reflect.InvocationTargetException
Build info: version: '4.16.1', revision: '9b4c83354e'
System info: os.name: 'Windows 11', os.arch: 'amd64', os.version: '10.0', java.version: '17.0.9'
Driver info: org.openqa.selenium.edge.EdgeDriver
Command: [fcdb6528edc01ee55b0a99d685837326, actions {actions=[org.openqa.selenium.interactions.Sequence@73a116d]}]
Capabilities {acceptInsecureCerts: false, browserName: MicrosoftEdge, browserVersion: 122.0.2365.92, fedcm:accounts: true, ms:edgeOptions: {debuggerAddress: localhost:58780}, msedge: {msedgedriverVersion: 122.0.2365.106 (a5761ec7165..., userDataDir: C:\Users\Richard\AppData\Lo...}, networkConnectionEnabled: false, pageLoadStrategy: normal, platformName: windows, proxy: Proxy(), se:cdp: ws://localhost:58780/devtoo..., se:cdpVersion: 122.0.2365.92, setWindowRect: true, strictFileInteractability: false, timeouts: {implicit: 0, pageLoad: 300000, script: 30000}, unhandledPromptBehavior: dismiss and notify, webauthn:extension:credBlob: true, webauthn:extension:largeBlob: true, webauthn:extension:minPinLength: true, webauthn:extension:prf: true, webauthn:virtualAuthenticators: true}
Session ID: fcdb6528edc01ee55b0a99d685837326
at org.openqa.selenium.json.JsonOutput.convertUsingMethod(JsonOutput.java:520)
at org.openqa.selenium.json.JsonOutput.lambda$new$16(JsonOutput.java:182)
at org.openqa.selenium.json.JsonOutput.write0(JsonOutput.java:409)
at org.openqa.selenium.json.JsonOutput.lambda$new$22(JsonOutput.java:204)
at java.base/java.util.stream.ForEachOps$ForEachOp$OfRef.accept(ForEachOps.java:183)
at java.base/java.util.stream.ReferencePipeline$2$1.accept(ReferencePipeline.java:179)
at java.base/java.util.Iterator.forEachRemaining(Iterator.java:133)
at java.base/java.util.Spliterators$IteratorSpliterator.forEachRemaining(Spliterators.java:1845)
at java.base/java.util.stream.AbstractPipeline.copyInto(AbstractPipeline.java:509)
at java.base/java.util.stream.AbstractPipeline.wrapAndCopyInto(AbstractPipeline.java:499)
at java.base/java.util.stream.ForEachOps$ForEachOp.evaluateSequential(ForEachOps.java:150)
at java.base/java.util.stream.ForEachOps$ForEachOp$OfRef.evaluateSequential(ForEachOps.java:173)
at java.base/java.util.stream.AbstractPipeline.evaluate(AbstractPipeline.java:234)
at java.base/java.util.stream.ReferencePipeline.forEach(ReferencePipeline.java:596)
at org.openqa.selenium.json.JsonOutput.lambda$new$23(JsonOutput.java:204)
at org.openqa.selenium.json.JsonOutput.write0(JsonOutput.java:409)
at org.openqa.selenium.json.JsonOutput.lambda$new$24(JsonOutput.java:222)
at com.google.common.collect.SingletonImmutableBiMap.forEach(SingletonImmutableBiMap.java:68)
at org.openqa.selenium.json.JsonOutput.lambda$new$25(JsonOutput.java:217)
at org.openqa.selenium.json.JsonOutput.write0(JsonOutput.java:409)
at org.openqa.selenium.json.JsonOutput.write(JsonOutput.java:400)
at org.openqa.selenium.json.Json.toJson(Json.java:133)
at org.openqa.selenium.json.Json.toJson(Json.java:119)
at org.openqa.selenium.remote.codec.AbstractHttpCommandCodec.encode(AbstractHttpCommandCodec.java:280)
at org.openqa.selenium.remote.codec.AbstractHttpCommandCodec.encode(AbstractHttpCommandCodec.java:130)
at org.openqa.selenium.remote.HttpCommandExecutor.execute(HttpCommandExecutor.java:179)
at org.openqa.selenium.remote.service.DriverCommandExecutor.invokeExecute(DriverCommandExecutor.java:200)
at org.openqa.selenium.remote.service.DriverCommandExecutor.execute(DriverCommandExecutor.java:175)
at org.openqa.selenium.remote.RemoteWebDriver.execute(RemoteWebDriver.java:523)
at org.openqa.selenium.remote.RemoteWebDriver.perform(RemoteWebDriver.java:609)
at org.openqa.selenium.interactions.Actions$BuiltAction.perform(Actions.java:598)
at org.openqa.selenium.interactions.Actions.perform(Actions.java:567)
at Amazon.ProjectOne.Testcase_14.ProductReview_Testcase_14(Testcase_14.java:52)
at java.base/jdk.internal.reflect.NativeMethodAccessorImpl.invoke0(Native Method)
at java.base/jdk.internal.reflect.NativeMethodAccessorImpl.invoke(NativeMethodAccessorImpl.java:77)
at java.base/jdk.internal.reflect.DelegatingMethodAccessorImpl.invoke(DelegatingMethodAccessorImpl.java:43)
at java.base/java.lang.reflect.Method.invoke(Method.java:568)
at org.testng.internal.MethodInvocationHelper.invokeMethod(MethodInvocationHelper.java:133)
at org.testng.internal.TestInvoker.invokeMethod(TestInvoker.java:598)
at org.testng.internal.TestInvoker.invokeTestMethod(TestInvoker.java:173)
at org.testng.internal.MethodRunner.runInSequence(MethodRunner.java:46)
at org.testng.internal.TestInvoker$MethodInvocationAgent.invoke(TestInvoker.java:824)
at org.testng.internal.TestInvoker.invokeTestMethods(TestInvoker.java:146)
at org.testng.internal.TestMethodWorker.invokeTestMethods(TestMethodWorker.java:146)
at org.testng.internal.TestMethodWorker.run(TestMethodWorker.java:128)
at java.base/java.util.ArrayList.forEach(ArrayList.java:1511)
at org.testng.TestRunner.privateRun(TestRunner.java:794)
at org.testng.TestRunner.run(TestRunner.java:596)
at org.testng.SuiteRunner.runTest(SuiteRunner.java:377)
at org.testng.SuiteRunner.runSequentially(SuiteRunner.java:371)
at org.testng.SuiteRunner.privateRun(SuiteRunner.java:332)
at org.testng.SuiteRunner.run(SuiteRunner.java:276)
at org.testng.SuiteRunnerWorker.runSuite(SuiteRunnerWorker.java:53)
at org.testng.SuiteRunnerWorker.run(SuiteRunnerWorker.java:96)
at org.testng.TestNG.runSuitesSequentially(TestNG.java:1212)
at org.testng.TestNG.runSuitesLocally(TestNG.java:1134)
at org.testng.TestNG.runSuites(TestNG.java:1063)
at org.testng.TestNG.run(TestNG.java:1031)
at org.testng.remote.AbstractRemoteTestNG.run(AbstractRemoteTestNG.java:115)
at org.testng.remote.RemoteTestNG.initAndRun(RemoteTestNG.java:251)
at org.testng.remote.RemoteTestNG.main(RemoteTestNG.java:77)
Suppressed: org.openqa.selenium.json.JsonException: Attempting to close incomplete json stream
Build info: version: '4.16.1', revision: '9b4c83354e'
System info: os.name: 'Windows 11', os.arch: 'amd64', os.version: '10.0', java.version: '17.0.9'
Driver info: driver.version: RemoteWebDriver
at org.openqa.selenium.json.JsonOutput.close(JsonOutput.java:431)
at org.openqa.selenium.json.Json.toJson(Json.java:131)
... 39 more
Caused by: java.lang.reflect.InvocationTargetException
at java.base/jdk.internal.reflect.NativeMethodAccessorImpl.invoke0(Native Method)
at java.base/jdk.internal.reflect.NativeMethodAccessorImpl.invoke(NativeMethodAccessorImpl.java:77)
at java.base/jdk.internal.reflect.DelegatingMethodAccessorImpl.invoke(DelegatingMethodAccessorImpl.java:43)
at java.base/java.lang.reflect.Method.invoke(Method.java:568)
at org.openqa.selenium.json.JsonOutput.convertUsingMethod(JsonOutput.java:516)
... 60 more
Caused by: org.openqa.selenium.NoSuchElementException: no such element: Unable to locate element: {"method":"xpath","selector":"(//span[@class='nav-icon nav-arrow'])[2]"}
  (Session info: MicrosoftEdge=122.0.2365.92)
For documentation on this error, please visit: https://www.selenium.dev/documentation/webdriver/troubleshooting/errors#no-such-element-exception
Build info: version: '4.16.1', revision: '9b4c83354e'
System info: os.name: 'Windows 11', os.arch: 'amd64', os.version: '10.0', java.version: '17.0.9'
Driver info: org.openqa.selenium.edge.EdgeDriver
Command: [fcdb6528edc01ee55b0a99d685837326, findElement {using=xpath, value=(//span[@class='nav-icon nav-arrow'])[2]}]
Capabilities {acceptInsecureCerts: false, browserName: MicrosoftEdge, browserVersion: 122.0.2365.92, fedcm:accounts: true, ms:edgeOptions: {debuggerAddress: localhost:58780}, msedge: {msedgedriverVersion: 122.0.2365.106 (a5761ec7165..., userDataDir: C:\Users\Richard\AppData\Lo...}, networkConnectionEnabled: false, pageLoadStrategy: normal, platformName: windows, proxy: Proxy(), se:cdp: ws://localhost:58780/devtoo..., se:cdpVersion: 122.0.2365.92, setWindowRect: true, strictFileInteractability: false, timeouts: {implicit: 0, pageLoad: 300000, script: 30000}, unhandledPromptBehavior: dismiss and notify, webauthn:extension:credBlob: true, webauthn:extension:largeBlob: true, webauthn:extension:minPinLength: true, webauthn:extension:prf: true, webauthn:virtualAuthenticators: true}
Session ID: fcdb6528edc01ee55b0a99d685837326
at java.base/jdk.internal.reflect.NativeConstructorAccessorImpl.newInstance0(Native Method)
at java.base/jdk.internal.reflect.NativeConstructorAccessorImpl.newInstance(NativeConstructorAccessorImpl.java:77)
at java.base/jdk.internal.reflect.DelegatingConstructorAccessorImpl.newInstance(DelegatingConstructorAccessorImpl.java:45)
at java.base/java.lang.reflect.Constructor.newInstanceWithCaller(Constructor.java:499)
at java.base/java.lang.reflect.Constructor.newInstance(Constructor.java:480)
at org.openqa.selenium.remote.codec.w3c.W3CHttpResponseCodec.createException(W3CHttpResponseCodec.java:200)
at org.openqa.selenium.remote.codec.w3c.W3CHttpResponseCodec.decode(W3CHttpResponseCodec.java:133)
at org.openqa.selenium.remote.codec.w3c.W3CHttpResponseCodec.decode(W3CHttpResponseCodec.java:52)
at org.openqa.selenium.remote.HttpCommandExecutor.execute(HttpCommandExecutor.java:191)
at org.openqa.selenium.remote.service.DriverCommandExecutor.invokeExecute(DriverCommandExecutor.java:200)
at org.openqa.selenium.remote.service.DriverCommandExecutor.execute(DriverCommandExecutor.java:175)
at org.openqa.selenium.remote.RemoteWebDriver.execute(RemoteWebDriver.java:523)
at org.openqa.selenium.remote.ElementLocation$ElementFinder$2.findElement(ElementLocation.java:165)
at org.openqa.selenium.remote.ElementLocation.findElement(ElementLocation.java:59)
at org.openqa.selenium.remote.RemoteWebDriver.findElement(RemoteWebDriver.java:360)
at org.openqa.selenium.remote.RemoteWebDriver.findElement(RemoteWebDriver.java:354)
at org.openqa.selenium.support.pagefactory.DefaultElementLocator.findElement(DefaultElementLocator.java:68)
at org.openqa.selenium.support.pagefactory.internal.LocatingElementHandler.invoke(LocatingElementHandler.java:38)
at jdk.proxy2/jdk.proxy2.$Proxy15.getWrappedElement(Unknown Source)
at org.openqa.selenium.interactions.PointerInput$Origin.asArg(PointerInput.java:259)
at org.openqa.selenium.interactions.PointerInput$Move.encode(PointerInput.java:208)
at org.openqa.selenium.interactions.Sequence.encode(Sequence.java:72)
at org.openqa.selenium.interactions.Sequence.toJson(Sequence.java:81)
... 65 more
]]>
            </full-stacktrace>
          </exception> <!-- org.openqa.selenium.json.JsonException -->
          <reporter-output>
            <line>
              <![CDATA[Test Case Started]]>
            </line>
            <line>
              <![CDATA[Routing to the login Page is Done]]>
            </line>
            <line>
              <![CDATA[Sucessful Login is Done]]>
            </line>
          </reporter-output>
        </test-method> <!-- ProductReview_Testcase_14 -->
        <test-method is-config="true" signature="closure_activity()[pri:0, instance:Amazon.ProjectOne.Testcase_14@5824a83d]" started-at="2024-03-29T18:46:04 IST" name="closure_activity" finished-at="2024-03-29T18:46:09 IST" duration-ms="4620" status="PASS">
          <reporter-output>
          </reporter-output>
        </test-method> <!-- closure_activity -->
        <test-method is-config="true" signature="precondition(java.lang.String)[pri:0, instance:Amazon.ProjectOne.Testcase_14@5824a83d]" started-at="2024-03-29T18:46:09 IST" name="precondition" finished-at="2024-03-29T18:46:20 IST" duration-ms="10903" status="PASS">
          <params>
            <param index="0">
              <value>
                <![CDATA[edge]]>
              </value>
            </param>
          </params>
          <reporter-output>
          </reporter-output>
        </test-method> <!-- precondition -->
        <test-method retried="true" signature="ProductReview_Testcase_14()[pri:0, instance:Amazon.ProjectOne.Testcase_14@5824a83d]" started-at="2024-03-29T18:46:20 IST" name="ProductReview_Testcase_14" finished-at="2024-03-29T18:46:37 IST" duration-ms="17034" status="SKIP">
          <exception class="org.openqa.selenium.json.JsonException">
            <message>
              <![CDATA[java.lang.reflect.InvocationTargetException
Build info: version: '4.16.1', revision: '9b4c83354e'
System info: os.name: 'Windows 11', os.arch: 'amd64', os.version: '10.0', java.version: '17.0.9'
Driver info: org.openqa.selenium.edge.EdgeDriver
Command: [457291bed3e026b98a42882cdef8a82d, actions {actions=[org.openqa.selenium.interactions.Sequence@44618fe6]}]
Capabilities {acceptInsecureCerts: false, browserName: MicrosoftEdge, browserVersion: 122.0.2365.92, fedcm:accounts: true, ms:edgeOptions: {debuggerAddress: localhost:58925}, msedge: {msedgedriverVersion: 122.0.2365.106 (a5761ec7165..., userDataDir: C:\Users\Richard\AppData\Lo...}, networkConnectionEnabled: false, pageLoadStrategy: normal, platformName: windows, proxy: Proxy(), se:cdp: ws://localhost:58925/devtoo..., se:cdpVersion: 122.0.2365.92, setWindowRect: true, strictFileInteractability: false, timeouts: {implicit: 0, pageLoad: 300000, script: 30000}, unhandledPromptBehavior: dismiss and notify, webauthn:extension:credBlob: true, webauthn:extension:largeBlob: true, webauthn:extension:minPinLength: true, webauthn:extension:prf: true, webauthn:virtualAuthenticators: true}
Session ID: 457291bed3e026b98a42882cdef8a82d]]>
            </message>
            <full-stacktrace>
              <![CDATA[org.openqa.selenium.json.JsonException: java.lang.reflect.InvocationTargetException
Build info: version: '4.16.1', revision: '9b4c83354e'
System info: os.name: 'Windows 11', os.arch: 'amd64', os.version: '10.0', java.version: '17.0.9'
Driver info: org.openqa.selenium.edge.EdgeDriver
Command: [457291bed3e026b98a42882cdef8a82d, actions {actions=[org.openqa.selenium.interactions.Sequence@44618fe6]}]
Capabilities {acceptInsecureCerts: false, browserName: MicrosoftEdge, browserVersion: 122.0.2365.92, fedcm:accounts: true, ms:edgeOptions: {debuggerAddress: localhost:58925}, msedge: {msedgedriverVersion: 122.0.2365.106 (a5761ec7165..., userDataDir: C:\Users\Richard\AppData\Lo...}, networkConnectionEnabled: false, pageLoadStrategy: normal, platformName: windows, proxy: Proxy(), se:cdp: ws://localhost:58925/devtoo..., se:cdpVersion: 122.0.2365.92, setWindowRect: true, strictFileInteractability: false, timeouts: {implicit: 0, pageLoad: 300000, script: 30000}, unhandledPromptBehavior: dismiss and notify, webauthn:extension:credBlob: true, webauthn:extension:largeBlob: true, webauthn:extension:minPinLength: true, webauthn:extension:prf: true, webauthn:virtualAuthenticators: true}
Session ID: 457291bed3e026b98a42882cdef8a82d
at org.openqa.selenium.json.JsonOutput.convertUsingMethod(JsonOutput.java:520)
at org.openqa.selenium.json.JsonOutput.lambda$new$16(JsonOutput.java:182)
at org.openqa.selenium.json.JsonOutput.write0(JsonOutput.java:409)
at org.openqa.selenium.json.JsonOutput.lambda$new$22(JsonOutput.java:204)
at java.base/java.util.stream.ForEachOps$ForEachOp$OfRef.accept(ForEachOps.java:183)
at java.base/java.util.stream.ReferencePipeline$2$1.accept(ReferencePipeline.java:179)
at java.base/java.util.Iterator.forEachRemaining(Iterator.java:133)
at java.base/java.util.Spliterators$IteratorSpliterator.forEachRemaining(Spliterators.java:1845)
at java.base/java.util.stream.AbstractPipeline.copyInto(AbstractPipeline.java:509)
at java.base/java.util.stream.AbstractPipeline.wrapAndCopyInto(AbstractPipeline.java:499)
at java.base/java.util.stream.ForEachOps$ForEachOp.evaluateSequential(ForEachOps.java:150)
at java.base/java.util.stream.ForEachOps$ForEachOp$OfRef.evaluateSequential(ForEachOps.java:173)
at java.base/java.util.stream.AbstractPipeline.evaluate(AbstractPipeline.java:234)
at java.base/java.util.stream.ReferencePipeline.forEach(ReferencePipeline.java:596)
at org.openqa.selenium.json.JsonOutput.lambda$new$23(JsonOutput.java:204)
at org.openqa.selenium.json.JsonOutput.write0(JsonOutput.java:409)
at org.openqa.selenium.json.JsonOutput.lambda$new$24(JsonOutput.java:222)
at com.google.common.collect.SingletonImmutableBiMap.forEach(SingletonImmutableBiMap.java:68)
at org.openqa.selenium.json.JsonOutput.lambda$new$25(JsonOutput.java:217)
at org.openqa.selenium.json.JsonOutput.write0(JsonOutput.java:409)
at org.openqa.selenium.json.JsonOutput.write(JsonOutput.java:400)
at org.openqa.selenium.json.Json.toJson(Json.java:133)
at org.openqa.selenium.json.Json.toJson(Json.java:119)
at org.openqa.selenium.remote.codec.AbstractHttpCommandCodec.encode(AbstractHttpCommandCodec.java:280)
at org.openqa.selenium.remote.codec.AbstractHttpCommandCodec.encode(AbstractHttpCommandCodec.java:130)
at org.openqa.selenium.remote.HttpCommandExecutor.execute(HttpCommandExecutor.java:179)
at org.openqa.selenium.remote.service.DriverCommandExecutor.invokeExecute(DriverCommandExecutor.java:200)
at org.openqa.selenium.remote.service.DriverCommandExecutor.execute(DriverCommandExecutor.java:175)
at org.openqa.selenium.remote.RemoteWebDriver.execute(RemoteWebDriver.java:523)
at org.openqa.selenium.remote.RemoteWebDriver.perform(RemoteWebDriver.java:609)
at org.openqa.selenium.interactions.Actions$BuiltAction.perform(Actions.java:598)
at org.openqa.selenium.interactions.Actions.perform(Actions.java:567)
at Amazon.ProjectOne.Testcase_14.ProductReview_Testcase_14(Testcase_14.java:52)
at java.base/jdk.internal.reflect.NativeMethodAccessorImpl.invoke0(Native Method)
at java.base/jdk.internal.reflect.NativeMethodAccessorImpl.invoke(NativeMethodAccessorImpl.java:77)
at java.base/jdk.internal.reflect.DelegatingMethodAccessorImpl.invoke(DelegatingMethodAccessorImpl.java:43)
at java.base/java.lang.reflect.Method.invoke(Method.java:568)
at org.testng.internal.MethodInvocationHelper.invokeMethod(MethodInvocationHelper.java:133)
at org.testng.internal.TestInvoker.invokeMethod(TestInvoker.java:598)
at org.testng.internal.TestInvoker.retryFailed(TestInvoker.java:213)
at org.testng.internal.MethodRunner.runInSequence(MethodRunner.java:58)
at org.testng.internal.TestInvoker$MethodInvocationAgent.invoke(TestInvoker.java:824)
at org.testng.internal.TestInvoker.invokeTestMethods(TestInvoker.java:146)
at org.testng.internal.TestMethodWorker.invokeTestMethods(TestMethodWorker.java:146)
at org.testng.internal.TestMethodWorker.run(TestMethodWorker.java:128)
at java.base/java.util.ArrayList.forEach(ArrayList.java:1511)
at org.testng.TestRunner.privateRun(TestRunner.java:794)
at org.testng.TestRunner.run(TestRunner.java:596)
at org.testng.SuiteRunner.runTest(SuiteRunner.java:377)
at org.testng.SuiteRunner.runSequentially(SuiteRunner.java:371)
at org.testng.SuiteRunner.privateRun(SuiteRunner.java:332)
at org.testng.SuiteRunner.run(SuiteRunner.java:276)
at org.testng.SuiteRunnerWorker.runSuite(SuiteRunnerWorker.java:53)
at org.testng.SuiteRunnerWorker.run(SuiteRunnerWorker.java:96)
at org.testng.TestNG.runSuitesSequentially(TestNG.java:1212)
at org.testng.TestNG.runSuitesLocally(TestNG.java:1134)
at org.testng.TestNG.runSuites(TestNG.java:1063)
at org.testng.TestNG.run(TestNG.java:1031)
at org.testng.remote.AbstractRemoteTestNG.run(AbstractRemoteTestNG.java:115)
at org.testng.remote.RemoteTestNG.initAndRun(RemoteTestNG.java:251)
at org.testng.remote.RemoteTestNG.main(RemoteTestNG.java:77)
Suppressed: org.openqa.selenium.json.JsonException: Attempting to close incomplete json stream
Build info: version: '4.16.1', revision: '9b4c83354e'
System info: os.name: 'Windows 11', os.arch: 'amd64', os.version: '10.0', java.version: '17.0.9'
Driver info: driver.version: RemoteWebDriver
at org.openqa.selenium.json.JsonOutput.close(JsonOutput.java:431)
at org.openqa.selenium.json.Json.toJson(Json.java:131)
... 39 more
Caused by: java.lang.reflect.InvocationTargetException
at java.base/jdk.internal.reflect.NativeMethodAccessorImpl.invoke0(Native Method)
at java.base/jdk.internal.reflect.NativeMethodAccessorImpl.invoke(NativeMethodAccessorImpl.java:77)
at java.base/jdk.internal.reflect.DelegatingMethodAccessorImpl.invoke(DelegatingMethodAccessorImpl.java:43)
at java.base/java.lang.reflect.Method.invoke(Method.java:568)
at org.openqa.selenium.json.JsonOutput.convertUsingMethod(JsonOutput.java:516)
... 60 more
Caused by: org.openqa.selenium.NoSuchElementException: no such element: Unable to locate element: {"method":"xpath","selector":"(//span[@class='nav-icon nav-arrow'])[2]"}
  (Session info: MicrosoftEdge=122.0.2365.92)
For documentation on this error, please visit: https://www.selenium.dev/documentation/webdriver/troubleshooting/errors#no-such-element-exception
Build info: version: '4.16.1', revision: '9b4c83354e'
System info: os.name: 'Windows 11', os.arch: 'amd64', os.version: '10.0', java.version: '17.0.9'
Driver info: org.openqa.selenium.edge.EdgeDriver
Command: [457291bed3e026b98a42882cdef8a82d, findElement {using=xpath, value=(//span[@class='nav-icon nav-arrow'])[2]}]
Capabilities {acceptInsecureCerts: false, browserName: MicrosoftEdge, browserVersion: 122.0.2365.92, fedcm:accounts: true, ms:edgeOptions: {debuggerAddress: localhost:58925}, msedge: {msedgedriverVersion: 122.0.2365.106 (a5761ec7165..., userDataDir: C:\Users\Richard\AppData\Lo...}, networkConnectionEnabled: false, pageLoadStrategy: normal, platformName: windows, proxy: Proxy(), se:cdp: ws://localhost:58925/devtoo..., se:cdpVersion: 122.0.2365.92, setWindowRect: true, strictFileInteractability: false, timeouts: {implicit: 0, pageLoad: 300000, script: 30000}, unhandledPromptBehavior: dismiss and notify, webauthn:extension:credBlob: true, webauthn:extension:largeBlob: true, webauthn:extension:minPinLength: true, webauthn:extension:prf: true, webauthn:virtualAuthenticators: true}
Session ID: 457291bed3e026b98a42882cdef8a82d
at java.base/jdk.internal.reflect.NativeConstructorAccessorImpl.newInstance0(Native Method)
at java.base/jdk.internal.reflect.NativeConstructorAccessorImpl.newInstance(NativeConstructorAccessorImpl.java:77)
at java.base/jdk.internal.reflect.DelegatingConstructorAccessorImpl.newInstance(DelegatingConstructorAccessorImpl.java:45)
at java.base/java.lang.reflect.Constructor.newInstanceWithCaller(Constructor.java:499)
at java.base/java.lang.reflect.Constructor.newInstance(Constructor.java:480)
at org.openqa.selenium.remote.codec.w3c.W3CHttpResponseCodec.createException(W3CHttpResponseCodec.java:200)
at org.openqa.selenium.remote.codec.w3c.W3CHttpResponseCodec.decode(W3CHttpResponseCodec.java:133)
at org.openqa.selenium.remote.codec.w3c.W3CHttpResponseCodec.decode(W3CHttpResponseCodec.java:52)
at org.openqa.selenium.remote.HttpCommandExecutor.execute(HttpCommandExecutor.java:191)
at org.openqa.selenium.remote.service.DriverCommandExecutor.invokeExecute(DriverCommandExecutor.java:200)
at org.openqa.selenium.remote.service.DriverCommandExecutor.execute(DriverCommandExecutor.java:175)
at org.openqa.selenium.remote.RemoteWebDriver.execute(RemoteWebDriver.java:523)
at org.openqa.selenium.remote.ElementLocation$ElementFinder$2.findElement(ElementLocation.java:165)
at org.openqa.selenium.remote.ElementLocation.findElement(ElementLocation.java:59)
at org.openqa.selenium.remote.RemoteWebDriver.findElement(RemoteWebDriver.java:360)
at org.openqa.selenium.remote.RemoteWebDriver.findElement(RemoteWebDriver.java:354)
at org.openqa.selenium.support.pagefactory.DefaultElementLocator.findElement(DefaultElementLocator.java:68)
at org.openqa.selenium.support.pagefactory.internal.LocatingElementHandler.invoke(LocatingElementHandler.java:38)
at jdk.proxy2/jdk.proxy2.$Proxy15.getWrappedElement(Unknown Source)
at org.openqa.selenium.interactions.PointerInput$Origin.asArg(PointerInput.java:259)
at org.openqa.selenium.interactions.PointerInput$Move.encode(PointerInput.java:208)
at org.openqa.selenium.interactions.Sequence.encode(Sequence.java:72)
at org.openqa.selenium.interactions.Sequence.toJson(Sequence.java:81)
... 65 more
]]>
            </full-stacktrace>
          </exception> <!-- org.openqa.selenium.json.JsonException -->
          <reporter-output>
            <line>
              <![CDATA[Test Case Started]]>
            </line>
            <line>
              <![CDATA[Routing to the login Page is Done]]>
            </line>
            <line>
              <![CDATA[Sucessful Login is Done]]>
            </line>
          </reporter-output>
        </test-method> <!-- ProductReview_Testcase_14 -->
        <test-method is-config="true" signature="closure_activity()[pri:0, instance:Amazon.ProjectOne.Testcase_14@5824a83d]" started-at="2024-03-29T18:46:40 IST" name="closure_activity" finished-at="2024-03-29T18:46:45 IST" duration-ms="5115" status="PASS">
          <reporter-output>
          </reporter-output>
        </test-method> <!-- closure_activity -->
        <test-method is-config="true" signature="precondition(java.lang.String)[pri:0, instance:Amazon.ProjectOne.Testcase_14@5824a83d]" started-at="2024-03-29T18:46:45 IST" name="precondition" finished-at="2024-03-29T18:46:58 IST" duration-ms="12965" status="PASS">
          <params>
            <param index="0">
              <value>
                <![CDATA[edge]]>
              </value>
            </param>
          </params>
          <reporter-output>
          </reporter-output>
        </test-method> <!-- precondition -->
        <test-method signature="ProductReview_Testcase_14()[pri:0, instance:Amazon.ProjectOne.Testcase_14@5824a83d]" started-at="2024-03-29T18:46:58 IST" name="ProductReview_Testcase_14" finished-at="2024-03-29T18:47:34 IST" duration-ms="35487" status="PASS">
          <reporter-output>
            <line>
              <![CDATA[Test Case Started]]>
            </line>
            <line>
              <![CDATA[Routing to the login Page is Done]]>
            </line>
            <line>
              <![CDATA[Sucessful Login is Done]]>
            </line>
            <line>
              <![CDATA[Routing to the order listing page is Done]]>
            </line>
            <line>
              <![CDATA[Routing to the Add review page is Done]]>
            </line>
            <line>
              <![CDATA[Adding the product review is Done]]>
            </line>
            <line>
              <![CDATA[Test has Passed]]>
            </line>
          </reporter-output>
        </test-method> <!-- ProductReview_Testcase_14 -->
        <test-method is-config="true" signature="closure_activity()[pri:0, instance:Amazon.ProjectOne.Testcase_14@5824a83d]" started-at="2024-03-29T18:47:34 IST" name="closure_activity" finished-at="2024-03-29T18:47:39 IST" duration-ms="4932" status="PASS">
          <reporter-output>
          </reporter-output>
        </test-method> <!-- closure_activity -->
      </class> <!-- Amazon.ProjectOne.Testcase_14 -->
      <class name="Amazon.ProjectOne.Testcase_13">
        <test-method is-config="true" signature="precondition(java.lang.String)[pri:0, instance:Amazon.ProjectOne.Testcase_13@7b36aa0c]" started-at="2024-03-29T18:44:05 IST" name="precondition" finished-at="2024-03-29T18:44:19 IST" duration-ms="13640" status="PASS">
          <params>
            <param index="0">
              <value>
                <![CDATA[edge]]>
              </value>
            </param>
          </params>
          <reporter-output>
          </reporter-output>
        </test-method> <!-- precondition -->
        <test-method signature="ApplyCouponCode_Testcase_13()[pri:0, instance:Amazon.ProjectOne.Testcase_13@7b36aa0c]" started-at="2024-03-29T18:44:19 IST" name="ApplyCouponCode_Testcase_13" finished-at="2024-03-29T18:45:25 IST" duration-ms="66270" status="PASS">
          <reporter-output>
            <line>
              <![CDATA[Test Case Started]]>
            </line>
            <line>
              <![CDATA[Routing to the login Page is Done]]>
            </line>
            <line>
              <![CDATA[Sucessful Login is Done]]>
            </line>
            <line>
              <![CDATA[Search for Shoe/product is Done]]>
            </line>
            <line>
              <![CDATA[Search for Shoe/product is Done]]>
            </line>
            <line>
              <![CDATA[Routing to the Product details is Done]]>
            </line>
            <line>
              <![CDATA[Adding Product to the cart is Done]]>
            </line>
            <line>
              <![CDATA[Routing to the Cart is Done]]>
            </line>
            <line>
              <![CDATA[Routing to the Payments page is Done]]>
            </line>
            <line>
              <![CDATA[Click on Order is Done]]>
            </line>
            <line>
              <![CDATA[Adding the coupon details is Done]]>
            </line>
            <line>
              <![CDATA[Test has Passed]]>
            </line>
          </reporter-output>
        </test-method> <!-- ApplyCouponCode_Testcase_13 -->
        <test-method is-config="true" signature="closure_activity()[pri:0, instance:Amazon.ProjectOne.Testcase_13@7b36aa0c]" started-at="2024-03-29T18:45:26 IST" name="closure_activity" finished-at="2024-03-29T18:45:31 IST" duration-ms="5014" status="PASS">
          <reporter-output>
          </reporter-output>
        </test-method> <!-- closure_activity -->
      </class> <!-- Amazon.ProjectOne.Testcase_13 -->
      <class name="Amazon.ProjectOne.Testcase_7">
        <test-method is-config="true" signature="precondition(java.lang.String)[pri:0, instance:Amazon.ProjectOne.Testcase_7@6fdbe764]" started-at="2024-03-29T18:36:57 IST" name="precondition" finished-at="2024-03-29T18:37:08 IST" duration-ms="11031" status="PASS">
          <params>
            <param index="0">
              <value>
                <![CDATA[edge]]>
              </value>
            </param>
          </params>
          <reporter-output>
          </reporter-output>
        </test-method> <!-- precondition -->
        <test-method signature="OpenProductDetailsPage_Testcase_7()[pri:0, instance:Amazon.ProjectOne.Testcase_7@6fdbe764]" started-at="2024-03-29T18:37:08 IST" name="OpenProductDetailsPage_Testcase_7" finished-at="2024-03-29T18:38:04 IST" duration-ms="55915" status="PASS">
          <reporter-output>
            <line>
              <![CDATA[Test Case Started]]>
            </line>
            <line>
              <![CDATA[Routing to the login Page is Done]]>
            </line>
            <line>
              <![CDATA[Sucessful Login is Done]]>
            </line>
            <line>
              <![CDATA[Search for Shoe/product is Done]]>
            </line>
            <line>
              <![CDATA[Applying filters is Done]]>
            </line>
            <line>
              <![CDATA[Search for Shoe/product is Done]]>
            </line>
            <line>
              <![CDATA[Routing to the Product details is Done]]>
            </line>
            <line>
              <![CDATA[Test has Passed]]>
            </line>
          </reporter-output>
        </test-method> <!-- OpenProductDetailsPage_Testcase_7 -->
        <test-method is-config="true" signature="closure_activity()[pri:0, instance:Amazon.ProjectOne.Testcase_7@6fdbe764]" started-at="2024-03-29T18:38:04 IST" name="closure_activity" finished-at="2024-03-29T18:38:09 IST" duration-ms="4792" status="PASS">
          <reporter-output>
          </reporter-output>
        </test-method> <!-- closure_activity -->
      </class> <!-- Amazon.ProjectOne.Testcase_7 -->
      <class name="Amazon.ProjectOne.Testcase_8">
        <test-method is-config="true" signature="precondition(java.lang.String)[pri:0, instance:Amazon.ProjectOne.Testcase_8@6221a451]" started-at="2024-03-29T18:38:09 IST" name="precondition" finished-at="2024-03-29T18:38:18 IST" duration-ms="8961" status="PASS">
          <params>
            <param index="0">
              <value>
                <![CDATA[edge]]>
              </value>
            </param>
          </params>
          <reporter-output>
          </reporter-output>
        </test-method> <!-- precondition -->
        <test-method signature="SortProductBasedOnrelevance_Testcase_8()[pri:0, instance:Amazon.ProjectOne.Testcase_8@6221a451]" started-at="2024-03-29T18:38:18 IST" name="SortProductBasedOnrelevance_Testcase_8" finished-at="2024-03-29T18:38:37 IST" duration-ms="19328" status="PASS">
          <reporter-output>
            <line>
              <![CDATA[Test Case Started]]>
            </line>
            <line>
              <![CDATA[Routing to the login Page is Done]]>
            </line>
            <line>
              <![CDATA[Sucessful Login is Done]]>
            </line>
            <line>
              <![CDATA[Search for Shoe/product is Done]]>
            </line>
            <line>
              <![CDATA[Changing the relevance is Done]]>
            </line>
            <line>
              <![CDATA[Test has Passed]]>
            </line>
          </reporter-output>
        </test-method> <!-- SortProductBasedOnrelevance_Testcase_8 -->
        <test-method is-config="true" signature="closure_activity()[pri:0, instance:Amazon.ProjectOne.Testcase_8@6221a451]" started-at="2024-03-29T18:38:38 IST" name="closure_activity" finished-at="2024-03-29T18:38:42 IST" duration-ms="4591" status="PASS">
          <reporter-output>
          </reporter-output>
        </test-method> <!-- closure_activity -->
      </class> <!-- Amazon.ProjectOne.Testcase_8 -->
      <class name="Amazon.ProjectOne.Testcase_15">
        <test-method is-config="true" signature="precondition(java.lang.String)[pri:0, instance:Amazon.ProjectOne.Testcase_15@537f60bf]" started-at="2024-03-29T18:47:39 IST" name="precondition" finished-at="2024-03-29T18:47:49 IST" duration-ms="9478" status="PASS">
          <params>
            <param index="0">
              <value>
                <![CDATA[edge]]>
              </value>
            </param>
          </params>
          <reporter-output>
          </reporter-output>
        </test-method> <!-- precondition -->
        <test-method signature="ReachCartWithoutLogin_Testcase_15()[pri:0, instance:Amazon.ProjectOne.Testcase_15@537f60bf]" started-at="2024-03-29T18:47:49 IST" name="ReachCartWithoutLogin_Testcase_15" finished-at="2024-03-29T18:48:11 IST" duration-ms="22287" status="PASS">
          <reporter-output>
            <line>
              <![CDATA[Test Case Started]]>
            </line>
            <line>
              <![CDATA[Search for Shoe/product is Done]]>
            </line>
            <line>
              <![CDATA[Search for Shoe/product is Done]]>
            </line>
            <line>
              <![CDATA[Adding Product to the cart is Done]]>
            </line>
            <line>
              <![CDATA[Routing to the Cart is Done]]>
            </line>
            <line>
              <![CDATA[Test has Passed]]>
            </line>
          </reporter-output>
        </test-method> <!-- ReachCartWithoutLogin_Testcase_15 -->
        <test-method is-config="true" signature="closure_activity()[pri:0, instance:Amazon.ProjectOne.Testcase_15@537f60bf]" started-at="2024-03-29T18:48:11 IST" name="closure_activity" finished-at="2024-03-29T18:48:16 IST" duration-ms="4717" status="PASS">
          <reporter-output>
          </reporter-output>
        </test-method> <!-- closure_activity -->
      </class> <!-- Amazon.ProjectOne.Testcase_15 -->
      <class name="Amazon.ProjectOne.Testcase_9">
        <test-method is-config="true" signature="precondition(java.lang.String)[pri:0, instance:Amazon.ProjectOne.Testcase_9@52719fb6]" started-at="2024-03-29T18:38:42 IST" name="precondition" finished-at="2024-03-29T18:38:50 IST" duration-ms="7203" status="PASS">
          <params>
            <param index="0">
              <value>
                <![CDATA[edge]]>
              </value>
            </param>
          </params>
          <reporter-output>
          </reporter-output>
        </test-method> <!-- precondition -->
        <test-method signature="AddToCart_Testcase_9()[pri:0, instance:Amazon.ProjectOne.Testcase_9@52719fb6]" started-at="2024-03-29T18:38:50 IST" name="AddToCart_Testcase_9" finished-at="2024-03-29T18:39:14 IST" duration-ms="24809" status="PASS">
          <reporter-output>
            <line>
              <![CDATA[Test Case Started]]>
            </line>
            <line>
              <![CDATA[Routing to the login Page is Done]]>
            </line>
            <line>
              <![CDATA[Sucessful Login is Done]]>
            </line>
            <line>
              <![CDATA[Search for Shoe/product is Done]]>
            </line>
            <line>
              <![CDATA[Routing to the Product details is Done]]>
            </line>
            <line>
              <![CDATA[Adding Product to the cart is Done]]>
            </line>
            <line>
              <![CDATA[Test has Passed]]>
            </line>
          </reporter-output>
        </test-method> <!-- AddToCart_Testcase_9 -->
        <test-method is-config="true" signature="closure_activity()[pri:0, instance:Amazon.ProjectOne.Testcase_9@52719fb6]" started-at="2024-03-29T18:39:15 IST" name="closure_activity" finished-at="2024-03-29T18:39:20 IST" duration-ms="4947" status="PASS">
          <reporter-output>
          </reporter-output>
        </test-method> <!-- closure_activity -->
      </class> <!-- Amazon.ProjectOne.Testcase_9 -->
      <class name="Amazon.ProjectOne.Testcase_10">
        <test-method is-config="true" signature="precondition(java.lang.String)[pri:0, instance:Amazon.ProjectOne.Testcase_10@3012646b]" started-at="2024-03-29T18:39:20 IST" name="precondition" finished-at="2024-03-29T18:39:31 IST" duration-ms="11674" status="PASS">
          <params>
            <param index="0">
              <value>
                <![CDATA[edge]]>
              </value>
            </param>
          </params>
          <reporter-output>
          </reporter-output>
        </test-method> <!-- precondition -->
        <test-method signature="EditCartPage_Testcase_10()[pri:0, instance:Amazon.ProjectOne.Testcase_10@3012646b]" started-at="2024-03-29T18:39:31 IST" name="EditCartPage_Testcase_10" finished-at="2024-03-29T18:40:14 IST" duration-ms="42179" status="PASS">
          <reporter-output>
            <line>
              <![CDATA[Test Case Started]]>
            </line>
            <line>
              <![CDATA[Routing to the login Page is Done]]>
            </line>
            <line>
              <![CDATA[Sucessful Login is Done]]>
            </line>
            <line>
              <![CDATA[Search for Shoe/product is Done]]>
            </line>
            <line>
              <![CDATA[Search for Shoe/product is Done]]>
            </line>
            <line>
              <![CDATA[Routing to the Product details is Done]]>
            </line>
            <line>
              <![CDATA[Adding Product to the cart is Done]]>
            </line>
            <line>
              <![CDATA[Routing to the Cart is Done]]>
            </line>
            <line>
              <![CDATA[Changing the product quantities in the Cart is Done]]>
            </line>
            <line>
              <![CDATA[Deleting the product in the Cart is Done]]>
            </line>
            <line>
              <![CDATA[Test has Passed]]>
            </line>
          </reporter-output>
        </test-method> <!-- EditCartPage_Testcase_10 -->
        <test-method is-config="true" signature="closure_activity()[pri:0, instance:Amazon.ProjectOne.Testcase_10@3012646b]" started-at="2024-03-29T18:40:14 IST" name="closure_activity" finished-at="2024-03-29T18:40:20 IST" duration-ms="5741" status="PASS">
          <reporter-output>
          </reporter-output>
        </test-method> <!-- closure_activity -->
      </class> <!-- Amazon.ProjectOne.Testcase_10 -->
      <class name="Amazon.ProjectOne.Testcase_12">
        <test-method is-config="true" signature="precondition(java.lang.String)[pri:0, instance:Amazon.ProjectOne.Testcase_12@25641d39]" started-at="2024-03-29T18:41:56 IST" name="precondition" finished-at="2024-03-29T18:42:05 IST" duration-ms="8753" status="PASS">
          <params>
            <param index="0">
              <value>
                <![CDATA[edge]]>
              </value>
            </param>
          </params>
          <reporter-output>
          </reporter-output>
        </test-method> <!-- precondition -->
        <test-method signature="CheckAllPaymentsMethods_Testcase_12()[pri:0, instance:Amazon.ProjectOne.Testcase_12@25641d39]" started-at="2024-03-29T18:42:05 IST" name="CheckAllPaymentsMethods_Testcase_12" finished-at="2024-03-29T18:44:00 IST" duration-ms="115285" status="PASS">
          <reporter-output>
            <line>
              <![CDATA[Test Case Started]]>
            </line>
            <line>
              <![CDATA[Routing to the login Page is Done]]>
            </line>
            <line>
              <![CDATA[Sucessful Login is Done]]>
            </line>
            <line>
              <![CDATA[Search for Shoe/product is Done]]>
            </line>
            <line>
              <![CDATA[Search for Shoe/product is Done]]>
            </line>
            <line>
              <![CDATA[Routing to the Product details is Done]]>
            </line>
            <line>
              <![CDATA[Adding Product to the cart is Done]]>
            </line>
            <line>
              <![CDATA[Routing to the Cart is Done]]>
            </line>
            <line>
              <![CDATA[Routing to the Payments page is Done]]>
            </line>
            <line>
              <![CDATA[Click on diff payment methods is Done]]>
            </line>
            <line>
              <![CDATA[Adding credit card deatils is Done]]>
            </line>
            <line>
              <![CDATA[Click on Order is Done]]>
            </line>
            <line>
              <![CDATA[Test has Passed]]>
            </line>
          </reporter-output>
        </test-method> <!-- CheckAllPaymentsMethods_Testcase_12 -->
        <test-method is-config="true" signature="closure_activity()[pri:0, instance:Amazon.ProjectOne.Testcase_12@25641d39]" started-at="2024-03-29T18:44:00 IST" name="closure_activity" finished-at="2024-03-29T18:44:05 IST" duration-ms="4836" status="PASS">
          <reporter-output>
          </reporter-output>
        </test-method> <!-- closure_activity -->
      </class> <!-- Amazon.ProjectOne.Testcase_12 -->
      <class name="Amazon.ProjectOne.Testcase_11">
        <test-method is-config="true" signature="precondition(java.lang.String)[pri:0, instance:Amazon.ProjectOne.Testcase_11@4a883b15]" started-at="2024-03-29T18:40:20 IST" name="precondition" finished-at="2024-03-29T18:40:28 IST" duration-ms="8744" status="PASS">
          <params>
            <param index="0">
              <value>
                <![CDATA[edge]]>
              </value>
            </param>
          </params>
          <reporter-output>
          </reporter-output>
        </test-method> <!-- precondition -->
        <test-method signature="ProductCheckOutToOrderReview_Testcase_11()[pri:0, instance:Amazon.ProjectOne.Testcase_11@4a883b15]" started-at="2024-03-29T18:40:28 IST" name="ProductCheckOutToOrderReview_Testcase_11" finished-at="2024-03-29T18:41:52 IST" duration-ms="83139" status="PASS">
          <reporter-output>
            <line>
              <![CDATA[Test Case Started]]>
            </line>
            <line>
              <![CDATA[Routing to the login Page is Done]]>
            </line>
            <line>
              <![CDATA[Routing to the login Page is Done]]>
            </line>
            <line>
              <![CDATA[Search for Shoe/product is Done]]>
            </line>
            <line>
              <![CDATA[Search for Shoe/product is Done]]>
            </line>
            <line>
              <![CDATA[Routing to the Product details is Done]]>
            </line>
            <line>
              <![CDATA[Adding Product to the cart is Done]]>
            </line>
            <line>
              <![CDATA[Routing to the Cart is Done]]>
            </line>
            <line>
              <![CDATA[Routing to the Payments page is Done]]>
            </line>
            <line>
              <![CDATA[Adding credit card deatils is Done]]>
            </line>
            <line>
              <![CDATA[Click on Order is Done]]>
            </line>
            <line>
              <![CDATA[Test has Passed]]>
            </line>
          </reporter-output>
        </test-method> <!-- ProductCheckOutToOrderReview_Testcase_11 -->
        <test-method is-config="true" signature="closure_activity()[pri:0, instance:Amazon.ProjectOne.Testcase_11@4a883b15]" started-at="2024-03-29T18:41:52 IST" name="closure_activity" finished-at="2024-03-29T18:41:56 IST" duration-ms="4473" status="PASS">
          <reporter-output>
          </reporter-output>
        </test-method> <!-- closure_activity -->
      </class> <!-- Amazon.ProjectOne.Testcase_11 -->
      <class name="Amazon.ProjectOne.Testcase_2">
        <test-method is-config="true" signature="precondition(java.lang.String)[pri:0, instance:Amazon.ProjectOne.Testcase_2@5d534f5d]" started-at="2024-03-29T18:32:05 IST" name="precondition" finished-at="2024-03-29T18:32:11 IST" duration-ms="6548" status="PASS">
          <params>
            <param index="0">
              <value>
                <![CDATA[edge]]>
              </value>
            </param>
          </params>
          <reporter-output>
          </reporter-output>
        </test-method> <!-- precondition -->
        <test-method signature="SucessfulLogin_Testcase_2()[pri:0, instance:Amazon.ProjectOne.Testcase_2@5d534f5d]" started-at="2024-03-29T18:32:11 IST" name="SucessfulLogin_Testcase_2" finished-at="2024-03-29T18:32:20 IST" duration-ms="8519" status="PASS">
          <reporter-output>
            <line>
              <![CDATA[Test Case Started]]>
            </line>
            <line>
              <![CDATA[Routing to the login Page is Done]]>
            </line>
            <line>
              <![CDATA[Sucessful login is Done]]>
            </line>
            <line>
              <![CDATA[Test has Passed]]>
            </line>
          </reporter-output>
        </test-method> <!-- SucessfulLogin_Testcase_2 -->
        <test-method is-config="true" signature="closure_activity()[pri:0, instance:Amazon.ProjectOne.Testcase_2@5d534f5d]" started-at="2024-03-29T18:32:20 IST" name="closure_activity" finished-at="2024-03-29T18:32:25 IST" duration-ms="4874" status="PASS">
          <reporter-output>
          </reporter-output>
        </test-method> <!-- closure_activity -->
      </class> <!-- Amazon.ProjectOne.Testcase_2 -->
      <class name="Amazon.ProjectOne.Testcase_3">
        <test-method is-config="true" signature="precondition(java.lang.String)[pri:0, instance:Amazon.ProjectOne.Testcase_3@2e3967ea]" started-at="2024-03-29T18:32:25 IST" name="precondition" finished-at="2024-03-29T18:32:39 IST" duration-ms="14081" status="PASS">
          <params>
            <param index="0">
              <value>
                <![CDATA[edge]]>
              </value>
            </param>
          </params>
          <reporter-output>
          </reporter-output>
        </test-method> <!-- precondition -->
        <test-method retried="true" signature="UnSucessfulLogin_Testcase_3()[pri:0, instance:Amazon.ProjectOne.Testcase_3@2e3967ea]" started-at="2024-03-29T18:32:39 IST" name="UnSucessfulLogin_Testcase_3" finished-at="2024-03-29T18:32:58 IST" duration-ms="18143" status="SKIP">
          <exception class="org.openqa.selenium.NoSuchElementException">
            <message>
              <![CDATA[no such element: Unable to locate element: {"method":"xpath","selector":"//span[@class='a-list-item']"}
  (Session info: MicrosoftEdge=122.0.2365.92)
For documentation on this error, please visit: https://www.selenium.dev/documentation/webdriver/troubleshooting/errors#no-such-element-exception
Build info: version: '4.16.1', revision: '9b4c83354e'
System info: os.name: 'Windows 11', os.arch: 'amd64', os.version: '10.0', java.version: '17.0.9'
Driver info: org.openqa.selenium.edge.EdgeDriver
Command: [a9f74d478e64eb10ff05e4d623a08b04, findElement {using=xpath, value=//span[@class='a-list-item']}]
Capabilities {acceptInsecureCerts: false, browserName: MicrosoftEdge, browserVersion: 122.0.2365.92, fedcm:accounts: true, ms:edgeOptions: {debuggerAddress: localhost:55865}, msedge: {msedgedriverVersion: 122.0.2365.106 (a5761ec7165..., userDataDir: C:\Users\Richard\AppData\Lo...}, networkConnectionEnabled: false, pageLoadStrategy: normal, platformName: windows, proxy: Proxy(), se:cdp: ws://localhost:55865/devtoo..., se:cdpVersion: 122.0.2365.92, setWindowRect: true, strictFileInteractability: false, timeouts: {implicit: 0, pageLoad: 300000, script: 30000}, unhandledPromptBehavior: dismiss and notify, webauthn:extension:credBlob: true, webauthn:extension:largeBlob: true, webauthn:extension:minPinLength: true, webauthn:extension:prf: true, webauthn:virtualAuthenticators: true}
Session ID: a9f74d478e64eb10ff05e4d623a08b04]]>
            </message>
            <full-stacktrace>
              <![CDATA[org.openqa.selenium.NoSuchElementException: no such element: Unable to locate element: {"method":"xpath","selector":"//span[@class='a-list-item']"}
  (Session info: MicrosoftEdge=122.0.2365.92)
For documentation on this error, please visit: https://www.selenium.dev/documentation/webdriver/troubleshooting/errors#no-such-element-exception
Build info: version: '4.16.1', revision: '9b4c83354e'
System info: os.name: 'Windows 11', os.arch: 'amd64', os.version: '10.0', java.version: '17.0.9'
Driver info: org.openqa.selenium.edge.EdgeDriver
Command: [a9f74d478e64eb10ff05e4d623a08b04, findElement {using=xpath, value=//span[@class='a-list-item']}]
Capabilities {acceptInsecureCerts: false, browserName: MicrosoftEdge, browserVersion: 122.0.2365.92, fedcm:accounts: true, ms:edgeOptions: {debuggerAddress: localhost:55865}, msedge: {msedgedriverVersion: 122.0.2365.106 (a5761ec7165..., userDataDir: C:\Users\Richard\AppData\Lo...}, networkConnectionEnabled: false, pageLoadStrategy: normal, platformName: windows, proxy: Proxy(), se:cdp: ws://localhost:55865/devtoo..., se:cdpVersion: 122.0.2365.92, setWindowRect: true, strictFileInteractability: false, timeouts: {implicit: 0, pageLoad: 300000, script: 30000}, unhandledPromptBehavior: dismiss and notify, webauthn:extension:credBlob: true, webauthn:extension:largeBlob: true, webauthn:extension:minPinLength: true, webauthn:extension:prf: true, webauthn:virtualAuthenticators: true}
Session ID: a9f74d478e64eb10ff05e4d623a08b04
at java.base/jdk.internal.reflect.NativeConstructorAccessorImpl.newInstance0(Native Method)
at java.base/jdk.internal.reflect.NativeConstructorAccessorImpl.newInstance(NativeConstructorAccessorImpl.java:77)
at java.base/jdk.internal.reflect.DelegatingConstructorAccessorImpl.newInstance(DelegatingConstructorAccessorImpl.java:45)
at java.base/java.lang.reflect.Constructor.newInstanceWithCaller(Constructor.java:499)
at java.base/java.lang.reflect.Constructor.newInstance(Constructor.java:480)
at org.openqa.selenium.remote.codec.w3c.W3CHttpResponseCodec.createException(W3CHttpResponseCodec.java:200)
at org.openqa.selenium.remote.codec.w3c.W3CHttpResponseCodec.decode(W3CHttpResponseCodec.java:133)
at org.openqa.selenium.remote.codec.w3c.W3CHttpResponseCodec.decode(W3CHttpResponseCodec.java:52)
at org.openqa.selenium.remote.HttpCommandExecutor.execute(HttpCommandExecutor.java:191)
at org.openqa.selenium.remote.service.DriverCommandExecutor.invokeExecute(DriverCommandExecutor.java:200)
at org.openqa.selenium.remote.service.DriverCommandExecutor.execute(DriverCommandExecutor.java:175)
at org.openqa.selenium.remote.RemoteWebDriver.execute(RemoteWebDriver.java:523)
at org.openqa.selenium.remote.ElementLocation$ElementFinder$2.findElement(ElementLocation.java:165)
at org.openqa.selenium.remote.ElementLocation.findElement(ElementLocation.java:59)
at org.openqa.selenium.remote.RemoteWebDriver.findElement(RemoteWebDriver.java:360)
at org.openqa.selenium.remote.RemoteWebDriver.findElement(RemoteWebDriver.java:354)
at org.openqa.selenium.support.pagefactory.DefaultElementLocator.findElement(DefaultElementLocator.java:68)
at org.openqa.selenium.support.pagefactory.internal.LocatingElementHandler.invoke(LocatingElementHandler.java:38)
at jdk.proxy2/jdk.proxy2.$Proxy15.isDisplayed(Unknown Source)
at Amazon.ProjectOne.Amz_B2C_Sign_In_Page_4.ChectText(Amz_B2C_Sign_In_Page_4.java:22)
at Amazon.ProjectOne.Testcase_3.UnSucessfulLogin_Testcase_3(Testcase_3.java:41)
at java.base/jdk.internal.reflect.NativeMethodAccessorImpl.invoke0(Native Method)
at java.base/jdk.internal.reflect.NativeMethodAccessorImpl.invoke(NativeMethodAccessorImpl.java:77)
at java.base/jdk.internal.reflect.DelegatingMethodAccessorImpl.invoke(DelegatingMethodAccessorImpl.java:43)
at java.base/java.lang.reflect.Method.invoke(Method.java:568)
at org.testng.internal.MethodInvocationHelper.invokeMethod(MethodInvocationHelper.java:133)
at org.testng.internal.TestInvoker.invokeMethod(TestInvoker.java:598)
at org.testng.internal.TestInvoker.invokeTestMethod(TestInvoker.java:173)
at org.testng.internal.MethodRunner.runInSequence(MethodRunner.java:46)
at org.testng.internal.TestInvoker$MethodInvocationAgent.invoke(TestInvoker.java:824)
at org.testng.internal.TestInvoker.invokeTestMethods(TestInvoker.java:146)
at org.testng.internal.TestMethodWorker.invokeTestMethods(TestMethodWorker.java:146)
at org.testng.internal.TestMethodWorker.run(TestMethodWorker.java:128)
at java.base/java.util.ArrayList.forEach(ArrayList.java:1511)
at org.testng.TestRunner.privateRun(TestRunner.java:794)
at org.testng.TestRunner.run(TestRunner.java:596)
at org.testng.SuiteRunner.runTest(SuiteRunner.java:377)
at org.testng.SuiteRunner.runSequentially(SuiteRunner.java:371)
at org.testng.SuiteRunner.privateRun(SuiteRunner.java:332)
at org.testng.SuiteRunner.run(SuiteRunner.java:276)
at org.testng.SuiteRunnerWorker.runSuite(SuiteRunnerWorker.java:53)
at org.testng.SuiteRunnerWorker.run(SuiteRunnerWorker.java:96)
at org.testng.TestNG.runSuitesSequentially(TestNG.java:1212)
at org.testng.TestNG.runSuitesLocally(TestNG.java:1134)
at org.testng.TestNG.runSuites(TestNG.java:1063)
at org.testng.TestNG.run(TestNG.java:1031)
at org.testng.remote.AbstractRemoteTestNG.run(AbstractRemoteTestNG.java:115)
at org.testng.remote.RemoteTestNG.initAndRun(RemoteTestNG.java:251)
at org.testng.remote.RemoteTestNG.main(RemoteTestNG.java:77)
]]>
            </full-stacktrace>
          </exception> <!-- org.openqa.selenium.NoSuchElementException -->
          <reporter-output>
            <line>
              <![CDATA[Test Case Started]]>
            </line>
          </reporter-output>
        </test-method> <!-- UnSucessfulLogin_Testcase_3 -->
        <test-method is-config="true" signature="closure_activity()[pri:0, instance:Amazon.ProjectOne.Testcase_3@2e3967ea]" started-at="2024-03-29T18:33:01 IST" name="closure_activity" finished-at="2024-03-29T18:33:06 IST" duration-ms="4741" status="PASS">
          <reporter-output>
          </reporter-output>
        </test-method> <!-- closure_activity -->
        <test-method is-config="true" signature="precondition(java.lang.String)[pri:0, instance:Amazon.ProjectOne.Testcase_3@2e3967ea]" started-at="2024-03-29T18:33:06 IST" name="precondition" finished-at="2024-03-29T18:33:17 IST" duration-ms="10872" status="PASS">
          <params>
            <param index="0">
              <value>
                <![CDATA[edge]]>
              </value>
            </param>
          </params>
          <reporter-output>
          </reporter-output>
        </test-method> <!-- precondition -->
        <test-method retried="true" signature="UnSucessfulLogin_Testcase_3()[pri:0, instance:Amazon.ProjectOne.Testcase_3@2e3967ea]" started-at="2024-03-29T18:33:17 IST" name="UnSucessfulLogin_Testcase_3" finished-at="2024-03-29T18:33:33 IST" duration-ms="16189" status="SKIP">
          <exception class="org.openqa.selenium.NoSuchElementException">
            <message>
              <![CDATA[no such element: Unable to locate element: {"method":"xpath","selector":"//span[@class='a-list-item']"}
  (Session info: MicrosoftEdge=122.0.2365.92)
For documentation on this error, please visit: https://www.selenium.dev/documentation/webdriver/troubleshooting/errors#no-such-element-exception
Build info: version: '4.16.1', revision: '9b4c83354e'
System info: os.name: 'Windows 11', os.arch: 'amd64', os.version: '10.0', java.version: '17.0.9'
Driver info: org.openqa.selenium.edge.EdgeDriver
Command: [07b95cb3d95b94754fef3263b19837f5, findElement {using=xpath, value=//span[@class='a-list-item']}]
Capabilities {acceptInsecureCerts: false, browserName: MicrosoftEdge, browserVersion: 122.0.2365.92, fedcm:accounts: true, ms:edgeOptions: {debuggerAddress: localhost:56021}, msedge: {msedgedriverVersion: 122.0.2365.106 (a5761ec7165..., userDataDir: C:\Users\Richard\AppData\Lo...}, networkConnectionEnabled: false, pageLoadStrategy: normal, platformName: windows, proxy: Proxy(), se:cdp: ws://localhost:56021/devtoo..., se:cdpVersion: 122.0.2365.92, setWindowRect: true, strictFileInteractability: false, timeouts: {implicit: 0, pageLoad: 300000, script: 30000}, unhandledPromptBehavior: dismiss and notify, webauthn:extension:credBlob: true, webauthn:extension:largeBlob: true, webauthn:extension:minPinLength: true, webauthn:extension:prf: true, webauthn:virtualAuthenticators: true}
Session ID: 07b95cb3d95b94754fef3263b19837f5]]>
            </message>
            <full-stacktrace>
              <![CDATA[org.openqa.selenium.NoSuchElementException: no such element: Unable to locate element: {"method":"xpath","selector":"//span[@class='a-list-item']"}
  (Session info: MicrosoftEdge=122.0.2365.92)
For documentation on this error, please visit: https://www.selenium.dev/documentation/webdriver/troubleshooting/errors#no-such-element-exception
Build info: version: '4.16.1', revision: '9b4c83354e'
System info: os.name: 'Windows 11', os.arch: 'amd64', os.version: '10.0', java.version: '17.0.9'
Driver info: org.openqa.selenium.edge.EdgeDriver
Command: [07b95cb3d95b94754fef3263b19837f5, findElement {using=xpath, value=//span[@class='a-list-item']}]
Capabilities {acceptInsecureCerts: false, browserName: MicrosoftEdge, browserVersion: 122.0.2365.92, fedcm:accounts: true, ms:edgeOptions: {debuggerAddress: localhost:56021}, msedge: {msedgedriverVersion: 122.0.2365.106 (a5761ec7165..., userDataDir: C:\Users\Richard\AppData\Lo...}, networkConnectionEnabled: false, pageLoadStrategy: normal, platformName: windows, proxy: Proxy(), se:cdp: ws://localhost:56021/devtoo..., se:cdpVersion: 122.0.2365.92, setWindowRect: true, strictFileInteractability: false, timeouts: {implicit: 0, pageLoad: 300000, script: 30000}, unhandledPromptBehavior: dismiss and notify, webauthn:extension:credBlob: true, webauthn:extension:largeBlob: true, webauthn:extension:minPinLength: true, webauthn:extension:prf: true, webauthn:virtualAuthenticators: true}
Session ID: 07b95cb3d95b94754fef3263b19837f5
at java.base/jdk.internal.reflect.NativeConstructorAccessorImpl.newInstance0(Native Method)
at java.base/jdk.internal.reflect.NativeConstructorAccessorImpl.newInstance(NativeConstructorAccessorImpl.java:77)
at java.base/jdk.internal.reflect.DelegatingConstructorAccessorImpl.newInstance(DelegatingConstructorAccessorImpl.java:45)
at java.base/java.lang.reflect.Constructor.newInstanceWithCaller(Constructor.java:499)
at java.base/java.lang.reflect.Constructor.newInstance(Constructor.java:480)
at org.openqa.selenium.remote.codec.w3c.W3CHttpResponseCodec.createException(W3CHttpResponseCodec.java:200)
at org.openqa.selenium.remote.codec.w3c.W3CHttpResponseCodec.decode(W3CHttpResponseCodec.java:133)
at org.openqa.selenium.remote.codec.w3c.W3CHttpResponseCodec.decode(W3CHttpResponseCodec.java:52)
at org.openqa.selenium.remote.HttpCommandExecutor.execute(HttpCommandExecutor.java:191)
at org.openqa.selenium.remote.service.DriverCommandExecutor.invokeExecute(DriverCommandExecutor.java:200)
at org.openqa.selenium.remote.service.DriverCommandExecutor.execute(DriverCommandExecutor.java:175)
at org.openqa.selenium.remote.RemoteWebDriver.execute(RemoteWebDriver.java:523)
at org.openqa.selenium.remote.ElementLocation$ElementFinder$2.findElement(ElementLocation.java:165)
at org.openqa.selenium.remote.ElementLocation.findElement(ElementLocation.java:59)
at org.openqa.selenium.remote.RemoteWebDriver.findElement(RemoteWebDriver.java:360)
at org.openqa.selenium.remote.RemoteWebDriver.findElement(RemoteWebDriver.java:354)
at org.openqa.selenium.support.pagefactory.DefaultElementLocator.findElement(DefaultElementLocator.java:68)
at org.openqa.selenium.support.pagefactory.internal.LocatingElementHandler.invoke(LocatingElementHandler.java:38)
at jdk.proxy2/jdk.proxy2.$Proxy15.isDisplayed(Unknown Source)
at Amazon.ProjectOne.Amz_B2C_Sign_In_Page_4.ChectText(Amz_B2C_Sign_In_Page_4.java:22)
at Amazon.ProjectOne.Testcase_3.UnSucessfulLogin_Testcase_3(Testcase_3.java:41)
at java.base/jdk.internal.reflect.NativeMethodAccessorImpl.invoke0(Native Method)
at java.base/jdk.internal.reflect.NativeMethodAccessorImpl.invoke(NativeMethodAccessorImpl.java:77)
at java.base/jdk.internal.reflect.DelegatingMethodAccessorImpl.invoke(DelegatingMethodAccessorImpl.java:43)
at java.base/java.lang.reflect.Method.invoke(Method.java:568)
at org.testng.internal.MethodInvocationHelper.invokeMethod(MethodInvocationHelper.java:133)
at org.testng.internal.TestInvoker.invokeMethod(TestInvoker.java:598)
at org.testng.internal.TestInvoker.retryFailed(TestInvoker.java:213)
at org.testng.internal.MethodRunner.runInSequence(MethodRunner.java:58)
at org.testng.internal.TestInvoker$MethodInvocationAgent.invoke(TestInvoker.java:824)
at org.testng.internal.TestInvoker.invokeTestMethods(TestInvoker.java:146)
at org.testng.internal.TestMethodWorker.invokeTestMethods(TestMethodWorker.java:146)
at org.testng.internal.TestMethodWorker.run(TestMethodWorker.java:128)
at java.base/java.util.ArrayList.forEach(ArrayList.java:1511)
at org.testng.TestRunner.privateRun(TestRunner.java:794)
at org.testng.TestRunner.run(TestRunner.java:596)
at org.testng.SuiteRunner.runTest(SuiteRunner.java:377)
at org.testng.SuiteRunner.runSequentially(SuiteRunner.java:371)
at org.testng.SuiteRunner.privateRun(SuiteRunner.java:332)
at org.testng.SuiteRunner.run(SuiteRunner.java:276)
at org.testng.SuiteRunnerWorker.runSuite(SuiteRunnerWorker.java:53)
at org.testng.SuiteRunnerWorker.run(SuiteRunnerWorker.java:96)
at org.testng.TestNG.runSuitesSequentially(TestNG.java:1212)
at org.testng.TestNG.runSuitesLocally(TestNG.java:1134)
at org.testng.TestNG.runSuites(TestNG.java:1063)
at org.testng.TestNG.run(TestNG.java:1031)
at org.testng.remote.AbstractRemoteTestNG.run(AbstractRemoteTestNG.java:115)
at org.testng.remote.RemoteTestNG.initAndRun(RemoteTestNG.java:251)
at org.testng.remote.RemoteTestNG.main(RemoteTestNG.java:77)
]]>
            </full-stacktrace>
          </exception> <!-- org.openqa.selenium.NoSuchElementException -->
          <reporter-output>
            <line>
              <![CDATA[Test Case Started]]>
            </line>
          </reporter-output>
        </test-method> <!-- UnSucessfulLogin_Testcase_3 -->
        <test-method is-config="true" signature="closure_activity()[pri:0, instance:Amazon.ProjectOne.Testcase_3@2e3967ea]" started-at="2024-03-29T18:33:36 IST" name="closure_activity" finished-at="2024-03-29T18:33:41 IST" duration-ms="5190" status="PASS">
          <reporter-output>
          </reporter-output>
        </test-method> <!-- closure_activity -->
        <test-method is-config="true" signature="precondition(java.lang.String)[pri:0, instance:Amazon.ProjectOne.Testcase_3@2e3967ea]" started-at="2024-03-29T18:33:41 IST" name="precondition" finished-at="2024-03-29T18:33:53 IST" duration-ms="11638" status="PASS">
          <params>
            <param index="0">
              <value>
                <![CDATA[edge]]>
              </value>
            </param>
          </params>
          <reporter-output>
          </reporter-output>
        </test-method> <!-- precondition -->
        <test-method retried="true" signature="UnSucessfulLogin_Testcase_3()[pri:0, instance:Amazon.ProjectOne.Testcase_3@2e3967ea]" started-at="2024-03-29T18:33:53 IST" name="UnSucessfulLogin_Testcase_3" finished-at="2024-03-29T18:34:14 IST" duration-ms="20758" status="SKIP">
          <exception class="org.openqa.selenium.NoSuchElementException">
            <message>
              <![CDATA[no such element: Unable to locate element: {"method":"xpath","selector":"//span[@class='a-list-item']"}
  (Session info: MicrosoftEdge=122.0.2365.92)
For documentation on this error, please visit: https://www.selenium.dev/documentation/webdriver/troubleshooting/errors#no-such-element-exception
Build info: version: '4.16.1', revision: '9b4c83354e'
System info: os.name: 'Windows 11', os.arch: 'amd64', os.version: '10.0', java.version: '17.0.9'
Driver info: org.openqa.selenium.edge.EdgeDriver
Command: [f20a5999eefdc407f8f9dde248600022, findElement {using=xpath, value=//span[@class='a-list-item']}]
Capabilities {acceptInsecureCerts: false, browserName: MicrosoftEdge, browserVersion: 122.0.2365.92, fedcm:accounts: true, ms:edgeOptions: {debuggerAddress: localhost:56167}, msedge: {msedgedriverVersion: 122.0.2365.106 (a5761ec7165..., userDataDir: C:\Users\Richard\AppData\Lo...}, networkConnectionEnabled: false, pageLoadStrategy: normal, platformName: windows, proxy: Proxy(), se:cdp: ws://localhost:56167/devtoo..., se:cdpVersion: 122.0.2365.92, setWindowRect: true, strictFileInteractability: false, timeouts: {implicit: 0, pageLoad: 300000, script: 30000}, unhandledPromptBehavior: dismiss and notify, webauthn:extension:credBlob: true, webauthn:extension:largeBlob: true, webauthn:extension:minPinLength: true, webauthn:extension:prf: true, webauthn:virtualAuthenticators: true}
Session ID: f20a5999eefdc407f8f9dde248600022]]>
            </message>
            <full-stacktrace>
              <![CDATA[org.openqa.selenium.NoSuchElementException: no such element: Unable to locate element: {"method":"xpath","selector":"//span[@class='a-list-item']"}
  (Session info: MicrosoftEdge=122.0.2365.92)
For documentation on this error, please visit: https://www.selenium.dev/documentation/webdriver/troubleshooting/errors#no-such-element-exception
Build info: version: '4.16.1', revision: '9b4c83354e'
System info: os.name: 'Windows 11', os.arch: 'amd64', os.version: '10.0', java.version: '17.0.9'
Driver info: org.openqa.selenium.edge.EdgeDriver
Command: [f20a5999eefdc407f8f9dde248600022, findElement {using=xpath, value=//span[@class='a-list-item']}]
Capabilities {acceptInsecureCerts: false, browserName: MicrosoftEdge, browserVersion: 122.0.2365.92, fedcm:accounts: true, ms:edgeOptions: {debuggerAddress: localhost:56167}, msedge: {msedgedriverVersion: 122.0.2365.106 (a5761ec7165..., userDataDir: C:\Users\Richard\AppData\Lo...}, networkConnectionEnabled: false, pageLoadStrategy: normal, platformName: windows, proxy: Proxy(), se:cdp: ws://localhost:56167/devtoo..., se:cdpVersion: 122.0.2365.92, setWindowRect: true, strictFileInteractability: false, timeouts: {implicit: 0, pageLoad: 300000, script: 30000}, unhandledPromptBehavior: dismiss and notify, webauthn:extension:credBlob: true, webauthn:extension:largeBlob: true, webauthn:extension:minPinLength: true, webauthn:extension:prf: true, webauthn:virtualAuthenticators: true}
Session ID: f20a5999eefdc407f8f9dde248600022
at java.base/jdk.internal.reflect.NativeConstructorAccessorImpl.newInstance0(Native Method)
at java.base/jdk.internal.reflect.NativeConstructorAccessorImpl.newInstance(NativeConstructorAccessorImpl.java:77)
at java.base/jdk.internal.reflect.DelegatingConstructorAccessorImpl.newInstance(DelegatingConstructorAccessorImpl.java:45)
at java.base/java.lang.reflect.Constructor.newInstanceWithCaller(Constructor.java:499)
at java.base/java.lang.reflect.Constructor.newInstance(Constructor.java:480)
at org.openqa.selenium.remote.codec.w3c.W3CHttpResponseCodec.createException(W3CHttpResponseCodec.java:200)
at org.openqa.selenium.remote.codec.w3c.W3CHttpResponseCodec.decode(W3CHttpResponseCodec.java:133)
at org.openqa.selenium.remote.codec.w3c.W3CHttpResponseCodec.decode(W3CHttpResponseCodec.java:52)
at org.openqa.selenium.remote.HttpCommandExecutor.execute(HttpCommandExecutor.java:191)
at org.openqa.selenium.remote.service.DriverCommandExecutor.invokeExecute(DriverCommandExecutor.java:200)
at org.openqa.selenium.remote.service.DriverCommandExecutor.execute(DriverCommandExecutor.java:175)
at org.openqa.selenium.remote.RemoteWebDriver.execute(RemoteWebDriver.java:523)
at org.openqa.selenium.remote.ElementLocation$ElementFinder$2.findElement(ElementLocation.java:165)
at org.openqa.selenium.remote.ElementLocation.findElement(ElementLocation.java:59)
at org.openqa.selenium.remote.RemoteWebDriver.findElement(RemoteWebDriver.java:360)
at org.openqa.selenium.remote.RemoteWebDriver.findElement(RemoteWebDriver.java:354)
at org.openqa.selenium.support.pagefactory.DefaultElementLocator.findElement(DefaultElementLocator.java:68)
at org.openqa.selenium.support.pagefactory.internal.LocatingElementHandler.invoke(LocatingElementHandler.java:38)
at jdk.proxy2/jdk.proxy2.$Proxy15.isDisplayed(Unknown Source)
at Amazon.ProjectOne.Amz_B2C_Sign_In_Page_4.ChectText(Amz_B2C_Sign_In_Page_4.java:22)
at Amazon.ProjectOne.Testcase_3.UnSucessfulLogin_Testcase_3(Testcase_3.java:41)
at java.base/jdk.internal.reflect.NativeMethodAccessorImpl.invoke0(Native Method)
at java.base/jdk.internal.reflect.NativeMethodAccessorImpl.invoke(NativeMethodAccessorImpl.java:77)
at java.base/jdk.internal.reflect.DelegatingMethodAccessorImpl.invoke(DelegatingMethodAccessorImpl.java:43)
at java.base/java.lang.reflect.Method.invoke(Method.java:568)
at org.testng.internal.MethodInvocationHelper.invokeMethod(MethodInvocationHelper.java:133)
at org.testng.internal.TestInvoker.invokeMethod(TestInvoker.java:598)
at org.testng.internal.TestInvoker.retryFailed(TestInvoker.java:213)
at org.testng.internal.MethodRunner.runInSequence(MethodRunner.java:58)
at org.testng.internal.TestInvoker$MethodInvocationAgent.invoke(TestInvoker.java:824)
at org.testng.internal.TestInvoker.invokeTestMethods(TestInvoker.java:146)
at org.testng.internal.TestMethodWorker.invokeTestMethods(TestMethodWorker.java:146)
at org.testng.internal.TestMethodWorker.run(TestMethodWorker.java:128)
at java.base/java.util.ArrayList.forEach(ArrayList.java:1511)
at org.testng.TestRunner.privateRun(TestRunner.java:794)
at org.testng.TestRunner.run(TestRunner.java:596)
at org.testng.SuiteRunner.runTest(SuiteRunner.java:377)
at org.testng.SuiteRunner.runSequentially(SuiteRunner.java:371)
at org.testng.SuiteRunner.privateRun(SuiteRunner.java:332)
at org.testng.SuiteRunner.run(SuiteRunner.java:276)
at org.testng.SuiteRunnerWorker.runSuite(SuiteRunnerWorker.java:53)
at org.testng.SuiteRunnerWorker.run(SuiteRunnerWorker.java:96)
at org.testng.TestNG.runSuitesSequentially(TestNG.java:1212)
at org.testng.TestNG.runSuitesLocally(TestNG.java:1134)
at org.testng.TestNG.runSuites(TestNG.java:1063)
at org.testng.TestNG.run(TestNG.java:1031)
at org.testng.remote.AbstractRemoteTestNG.run(AbstractRemoteTestNG.java:115)
at org.testng.remote.RemoteTestNG.initAndRun(RemoteTestNG.java:251)
at org.testng.remote.RemoteTestNG.main(RemoteTestNG.java:77)
]]>
            </full-stacktrace>
          </exception> <!-- org.openqa.selenium.NoSuchElementException -->
          <reporter-output>
            <line>
              <![CDATA[Test Case Started]]>
            </line>
          </reporter-output>
        </test-method> <!-- UnSucessfulLogin_Testcase_3 -->
        <test-method is-config="true" signature="closure_activity()[pri:0, instance:Amazon.ProjectOne.Testcase_3@2e3967ea]" started-at="2024-03-29T18:34:17 IST" name="closure_activity" finished-at="2024-03-29T18:34:21 IST" duration-ms="4577" status="PASS">
          <reporter-output>
          </reporter-output>
        </test-method> <!-- closure_activity -->
        <test-method is-config="true" signature="precondition(java.lang.String)[pri:0, instance:Amazon.ProjectOne.Testcase_3@2e3967ea]" started-at="2024-03-29T18:34:21 IST" name="precondition" finished-at="2024-03-29T18:34:32 IST" duration-ms="10612" status="PASS">
          <params>
            <param index="0">
              <value>
                <![CDATA[edge]]>
              </value>
            </param>
          </params>
          <reporter-output>
          </reporter-output>
        </test-method> <!-- precondition -->
        <test-method signature="UnSucessfulLogin_Testcase_3()[pri:0, instance:Amazon.ProjectOne.Testcase_3@2e3967ea]" started-at="2024-03-29T18:34:32 IST" name="UnSucessfulLogin_Testcase_3" finished-at="2024-03-29T18:34:46 IST" duration-ms="13455" status="FAIL">
          <exception class="org.openqa.selenium.NoSuchElementException">
            <message>
              <![CDATA[no such element: Unable to locate element: {"method":"xpath","selector":"//span[@class='a-list-item']"}
  (Session info: MicrosoftEdge=122.0.2365.92)
For documentation on this error, please visit: https://www.selenium.dev/documentation/webdriver/troubleshooting/errors#no-such-element-exception
Build info: version: '4.16.1', revision: '9b4c83354e'
System info: os.name: 'Windows 11', os.arch: 'amd64', os.version: '10.0', java.version: '17.0.9'
Driver info: org.openqa.selenium.edge.EdgeDriver
Command: [bdcf8cd65a60909fb059d49658a2faa5, findElement {using=xpath, value=//span[@class='a-list-item']}]
Capabilities {acceptInsecureCerts: false, browserName: MicrosoftEdge, browserVersion: 122.0.2365.92, fedcm:accounts: true, ms:edgeOptions: {debuggerAddress: localhost:56318}, msedge: {msedgedriverVersion: 122.0.2365.106 (a5761ec7165..., userDataDir: C:\Users\Richard\AppData\Lo...}, networkConnectionEnabled: false, pageLoadStrategy: normal, platformName: windows, proxy: Proxy(), se:cdp: ws://localhost:56318/devtoo..., se:cdpVersion: 122.0.2365.92, setWindowRect: true, strictFileInteractability: false, timeouts: {implicit: 0, pageLoad: 300000, script: 30000}, unhandledPromptBehavior: dismiss and notify, webauthn:extension:credBlob: true, webauthn:extension:largeBlob: true, webauthn:extension:minPinLength: true, webauthn:extension:prf: true, webauthn:virtualAuthenticators: true}
Session ID: bdcf8cd65a60909fb059d49658a2faa5]]>
            </message>
            <full-stacktrace>
              <![CDATA[org.openqa.selenium.NoSuchElementException: no such element: Unable to locate element: {"method":"xpath","selector":"//span[@class='a-list-item']"}
  (Session info: MicrosoftEdge=122.0.2365.92)
For documentation on this error, please visit: https://www.selenium.dev/documentation/webdriver/troubleshooting/errors#no-such-element-exception
Build info: version: '4.16.1', revision: '9b4c83354e'
System info: os.name: 'Windows 11', os.arch: 'amd64', os.version: '10.0', java.version: '17.0.9'
Driver info: org.openqa.selenium.edge.EdgeDriver
Command: [bdcf8cd65a60909fb059d49658a2faa5, findElement {using=xpath, value=//span[@class='a-list-item']}]
Capabilities {acceptInsecureCerts: false, browserName: MicrosoftEdge, browserVersion: 122.0.2365.92, fedcm:accounts: true, ms:edgeOptions: {debuggerAddress: localhost:56318}, msedge: {msedgedriverVersion: 122.0.2365.106 (a5761ec7165..., userDataDir: C:\Users\Richard\AppData\Lo...}, networkConnectionEnabled: false, pageLoadStrategy: normal, platformName: windows, proxy: Proxy(), se:cdp: ws://localhost:56318/devtoo..., se:cdpVersion: 122.0.2365.92, setWindowRect: true, strictFileInteractability: false, timeouts: {implicit: 0, pageLoad: 300000, script: 30000}, unhandledPromptBehavior: dismiss and notify, webauthn:extension:credBlob: true, webauthn:extension:largeBlob: true, webauthn:extension:minPinLength: true, webauthn:extension:prf: true, webauthn:virtualAuthenticators: true}
Session ID: bdcf8cd65a60909fb059d49658a2faa5
at java.base/jdk.internal.reflect.NativeConstructorAccessorImpl.newInstance0(Native Method)
at java.base/jdk.internal.reflect.NativeConstructorAccessorImpl.newInstance(NativeConstructorAccessorImpl.java:77)
at java.base/jdk.internal.reflect.DelegatingConstructorAccessorImpl.newInstance(DelegatingConstructorAccessorImpl.java:45)
at java.base/java.lang.reflect.Constructor.newInstanceWithCaller(Constructor.java:499)
at java.base/java.lang.reflect.Constructor.newInstance(Constructor.java:480)
at org.openqa.selenium.remote.codec.w3c.W3CHttpResponseCodec.createException(W3CHttpResponseCodec.java:200)
at org.openqa.selenium.remote.codec.w3c.W3CHttpResponseCodec.decode(W3CHttpResponseCodec.java:133)
at org.openqa.selenium.remote.codec.w3c.W3CHttpResponseCodec.decode(W3CHttpResponseCodec.java:52)
at org.openqa.selenium.remote.HttpCommandExecutor.execute(HttpCommandExecutor.java:191)
at org.openqa.selenium.remote.service.DriverCommandExecutor.invokeExecute(DriverCommandExecutor.java:200)
at org.openqa.selenium.remote.service.DriverCommandExecutor.execute(DriverCommandExecutor.java:175)
at org.openqa.selenium.remote.RemoteWebDriver.execute(RemoteWebDriver.java:523)
at org.openqa.selenium.remote.ElementLocation$ElementFinder$2.findElement(ElementLocation.java:165)
at org.openqa.selenium.remote.ElementLocation.findElement(ElementLocation.java:59)
at org.openqa.selenium.remote.RemoteWebDriver.findElement(RemoteWebDriver.java:360)
at org.openqa.selenium.remote.RemoteWebDriver.findElement(RemoteWebDriver.java:354)
at org.openqa.selenium.support.pagefactory.DefaultElementLocator.findElement(DefaultElementLocator.java:68)
at org.openqa.selenium.support.pagefactory.internal.LocatingElementHandler.invoke(LocatingElementHandler.java:38)
at jdk.proxy2/jdk.proxy2.$Proxy15.isDisplayed(Unknown Source)
at Amazon.ProjectOne.Amz_B2C_Sign_In_Page_4.ChectText(Amz_B2C_Sign_In_Page_4.java:22)
at Amazon.ProjectOne.Testcase_3.UnSucessfulLogin_Testcase_3(Testcase_3.java:41)
at java.base/jdk.internal.reflect.NativeMethodAccessorImpl.invoke0(Native Method)
at java.base/jdk.internal.reflect.NativeMethodAccessorImpl.invoke(NativeMethodAccessorImpl.java:77)
at java.base/jdk.internal.reflect.DelegatingMethodAccessorImpl.invoke(DelegatingMethodAccessorImpl.java:43)
at java.base/java.lang.reflect.Method.invoke(Method.java:568)
at org.testng.internal.MethodInvocationHelper.invokeMethod(MethodInvocationHelper.java:133)
at org.testng.internal.TestInvoker.invokeMethod(TestInvoker.java:598)
at org.testng.internal.TestInvoker.retryFailed(TestInvoker.java:213)
at org.testng.internal.MethodRunner.runInSequence(MethodRunner.java:58)
at org.testng.internal.TestInvoker$MethodInvocationAgent.invoke(TestInvoker.java:824)
at org.testng.internal.TestInvoker.invokeTestMethods(TestInvoker.java:146)
at org.testng.internal.TestMethodWorker.invokeTestMethods(TestMethodWorker.java:146)
at org.testng.internal.TestMethodWorker.run(TestMethodWorker.java:128)
at java.base/java.util.ArrayList.forEach(ArrayList.java:1511)
at org.testng.TestRunner.privateRun(TestRunner.java:794)
at org.testng.TestRunner.run(TestRunner.java:596)
at org.testng.SuiteRunner.runTest(SuiteRunner.java:377)
at org.testng.SuiteRunner.runSequentially(SuiteRunner.java:371)
at org.testng.SuiteRunner.privateRun(SuiteRunner.java:332)
at org.testng.SuiteRunner.run(SuiteRunner.java:276)
at org.testng.SuiteRunnerWorker.runSuite(SuiteRunnerWorker.java:53)
at org.testng.SuiteRunnerWorker.run(SuiteRunnerWorker.java:96)
at org.testng.TestNG.runSuitesSequentially(TestNG.java:1212)
at org.testng.TestNG.runSuitesLocally(TestNG.java:1134)
at org.testng.TestNG.runSuites(TestNG.java:1063)
at org.testng.TestNG.run(TestNG.java:1031)
at org.testng.remote.AbstractRemoteTestNG.run(AbstractRemoteTestNG.java:115)
at org.testng.remote.RemoteTestNG.initAndRun(RemoteTestNG.java:251)
at org.testng.remote.RemoteTestNG.main(RemoteTestNG.java:77)
]]>
            </full-stacktrace>
          </exception> <!-- org.openqa.selenium.NoSuchElementException -->
          <reporter-output>
            <line>
              <![CDATA[Test Case Started]]>
            </line>
          </reporter-output>
        </test-method> <!-- UnSucessfulLogin_Testcase_3 -->
        <test-method is-config="true" signature="closure_activity()[pri:0, instance:Amazon.ProjectOne.Testcase_3@2e3967ea]" started-at="2024-03-29T18:34:49 IST" name="closure_activity" finished-at="2024-03-29T18:34:53 IST" duration-ms="4435" status="PASS">
          <reporter-output>
          </reporter-output>
        </test-method> <!-- closure_activity -->
      </class> <!-- Amazon.ProjectOne.Testcase_3 -->
      <class name="Amazon.ProjectOne.Testcase_4">
        <test-method is-config="true" signature="precondition(java.lang.String)[pri:0, instance:Amazon.ProjectOne.Testcase_4@70e9c95d]" started-at="2024-03-29T18:34:53 IST" name="precondition" finished-at="2024-03-29T18:35:03 IST" duration-ms="9521" status="PASS">
          <params>
            <param index="0">
              <value>
                <![CDATA[edge]]>
              </value>
            </param>
          </params>
          <reporter-output>
          </reporter-output>
        </test-method> <!-- precondition -->
        <test-method signature="EditUserdetails_Testcase_4()[pri:0, instance:Amazon.ProjectOne.Testcase_4@70e9c95d]" started-at="2024-03-29T18:35:03 IST" name="EditUserdetails_Testcase_4" finished-at="2024-03-29T18:35:26 IST" duration-ms="23356" status="PASS">
          <reporter-output>
            <line>
              <![CDATA[Test Case Started]]>
            </line>
            <line>
              <![CDATA[Routing to the login Page is Done]]>
            </line>
            <line>
              <![CDATA[Sucessful Login is Done]]>
            </line>
            <line>
              <![CDATA[Sucessful Editing the User deatils is Done]]>
            </line>
            <line>
              <![CDATA[Test has Passed]]>
            </line>
          </reporter-output>
        </test-method> <!-- EditUserdetails_Testcase_4 -->
        <test-method is-config="true" signature="closure_activity()[pri:0, instance:Amazon.ProjectOne.Testcase_4@70e9c95d]" started-at="2024-03-29T18:35:27 IST" name="closure_activity" finished-at="2024-03-29T18:35:31 IST" duration-ms="4427" status="PASS">
          <reporter-output>
          </reporter-output>
        </test-method> <!-- closure_activity -->
      </class> <!-- Amazon.ProjectOne.Testcase_4 -->
      <class name="Amazon.ProjectOne.Testcase_5">
        <test-method is-config="true" signature="precondition(java.lang.String)[pri:0, instance:Amazon.ProjectOne.Testcase_5@4d5650ae]" started-at="2024-03-29T18:35:31 IST" name="precondition" finished-at="2024-03-29T18:35:42 IST" duration-ms="10290" status="PASS">
          <params>
            <param index="0">
              <value>
                <![CDATA[edge]]>
              </value>
            </param>
          </params>
          <reporter-output>
          </reporter-output>
        </test-method> <!-- precondition -->
        <test-method signature="SearchShoes_Testcase_5()[pri:0, instance:Amazon.ProjectOne.Testcase_5@4d5650ae]" started-at="2024-03-29T18:35:42 IST" name="SearchShoes_Testcase_5" finished-at="2024-03-29T18:35:54 IST" duration-ms="12724" status="PASS">
          <reporter-output>
            <line>
              <![CDATA[Test Case Started]]>
            </line>
            <line>
              <![CDATA[Routing to the login Page is Done]]>
            </line>
            <line>
              <![CDATA[Sucessful Login is Done]]>
            </line>
            <line>
              <![CDATA[Search for Shoe/product is Done]]>
            </line>
            <line>
              <![CDATA[Test has Passed]]>
            </line>
          </reporter-output>
        </test-method> <!-- SearchShoes_Testcase_5 -->
        <test-method is-config="true" signature="closure_activity()[pri:0, instance:Amazon.ProjectOne.Testcase_5@4d5650ae]" started-at="2024-03-29T18:35:55 IST" name="closure_activity" finished-at="2024-03-29T18:35:59 IST" duration-ms="4445" status="PASS">
          <reporter-output>
          </reporter-output>
        </test-method> <!-- closure_activity -->
      </class> <!-- Amazon.ProjectOne.Testcase_5 -->
      <class name="Amazon.ProjectOne.Testcase_1">
        <test-method is-config="true" signature="precondition(java.lang.String)[pri:0, instance:Amazon.ProjectOne.Testcase_1@316bcf94]" started-at="2024-03-29T18:31:47 IST" name="precondition" finished-at="2024-03-29T18:31:56 IST" duration-ms="8877" status="PASS">
          <params>
            <param index="0">
              <value>
                <![CDATA[edge]]>
              </value>
            </param>
          </params>
          <reporter-output>
          </reporter-output>
        </test-method> <!-- precondition -->
        <test-method signature="SucesfulRegisterNewUser_Testcase_1()[pri:0, instance:Amazon.ProjectOne.Testcase_1@316bcf94]" started-at="2024-03-29T18:31:56 IST" name="SucesfulRegisterNewUser_Testcase_1" finished-at="2024-03-29T18:32:00 IST" duration-ms="4021" status="PASS">
          <reporter-output>
            <line>
              <![CDATA[Test Case Started]]>
            </line>
            <line>
              <![CDATA[Routing to the Registration is Done]]>
            </line>
            <line>
              <![CDATA[New Profile is creation is Done]]>
            </line>
            <line>
              <![CDATA[Test has Passed]]>
            </line>
          </reporter-output>
        </test-method> <!-- SucesfulRegisterNewUser_Testcase_1 -->
        <test-method is-config="true" signature="closure_activity()[pri:0, instance:Amazon.ProjectOne.Testcase_1@316bcf94]" started-at="2024-03-29T18:32:00 IST" name="closure_activity" finished-at="2024-03-29T18:32:05 IST" duration-ms="4590" status="PASS">
          <reporter-output>
          </reporter-output>
        </test-method> <!-- closure_activity -->
      </class> <!-- Amazon.ProjectOne.Testcase_1 -->
    </test> <!-- EdgeTest -->
  </suite> <!-- ProjectSuite -->
</testng-results>
