<?xml version="1.0" encoding="UTF-8"?>
<!-- Generated by org.testng.reporters.JUnitXMLReporter -->
<testsuite ignored="0" hostname="DESKTOP-GAA2U1H" failures="1" tests="20" name="EdgeTest" time="988.628" errors="0" timestamp="2024-03-29T18:48:16 IST">
  <testcase classname="Amazon.ProjectOne.Testcase_1" name="SucesfulRegisterNewUser_Testcase_1" time="4.021"/>
  <testcase classname="Amazon.ProjectOne.Testcase_2" name="SucessfulLogin_Testcase_2" time="8.519"/>
  <testcase classname="Amazon.ProjectOne.Testcase_3" name="UnSucessfulLogin_Testcase_3" time="18.143">
    <skipped/>
  </testcase> <!-- UnSucessfulLogin_Testcase_3 -->
  <testcase classname="Amazon.ProjectOne.Testcase_3" name="UnSucessfulLogin_Testcase_3" time="16.189">
    <skipped/>
  </testcase> <!-- UnSucessfulLogin_Testcase_3 -->
  <testcase classname="Amazon.ProjectOne.Testcase_3" name="UnSucessfulLogin_Testcase_3" time="20.758">
    <skipped/>
  </testcase> <!-- UnSucessfulLogin_Testcase_3 -->
  <testcase classname="Amazon.ProjectOne.Testcase_3" name="UnSucessfulLogin_Testcase_3" time="13.455">
    <failure type="org.openqa.selenium.NoSuchElementException" message="no such element: Unable to locate element: {&amp;quot;method&amp;quot;:&amp;quot;xpath&amp;quot;,&amp;quot;selector&amp;quot;:&amp;quot;//span[@class=&amp;apos;a-list-item&amp;apos;]&amp;quot;}
  (Session info: MicrosoftEdge=122.0.2365.92)
For documentation on this error, please visit: https://www.selenium.dev/documentation/webdriver/troubleshooting/errors#no-such-element-exception
Build info: version: &amp;apos;4.16.1&amp;apos;, revision: &amp;apos;9b4c83354e&amp;apos;
System info: os.name: &amp;apos;Windows 11&amp;apos;, os.arch: &amp;apos;amd64&amp;apos;, os.version: &amp;apos;10.0&amp;apos;, java.version: &amp;apos;17.0.9&amp;apos;
Driver info: org.openqa.selenium.edge.EdgeDriver
Command: [bdcf8cd65a60909fb059d49658a2faa5, findElement {using=xpath, value=//span[@class=&amp;apos;a-list-item&amp;apos;]}]
Capabilities {acceptInsecureCerts: false, browserName: MicrosoftEdge, browserVersion: 122.0.2365.92, fedcm:accounts: true, ms:edgeOptions: {debuggerAddress: localhost:56318}, msedge: {msedgedriverVersion: 122.0.2365.106 (a5761ec7165..., userDataDir: C:\Users\Richard\AppData\Lo...}, networkConnectionEnabled: false, pageLoadStrategy: normal, platformName: windows, proxy: Proxy(), se:cdp: ws://localhost:56318/devtoo..., se:cdpVersion: 122.0.2365.92, setWindowRect: true, strictFileInteractability: false, timeouts: {implicit: 0, pageLoad: 300000, script: 30000}, unhandledPromptBehavior: dismiss and notify, webauthn:extension:credBlob: true, webauthn:extension:largeBlob: true, webauthn:extension:minPinLength: true, webauthn:extension:prf: true, webauthn:virtualAuthenticators: true}
Session ID: bdcf8cd65a60909fb059d49658a2faa5">
      <![CDATA[org.openqa.selenium.NoSuchElementException: no such element: Unable to locate element: {"method":"xpath","selector":"//span[@class='a-list-item']"}
  (Session info: MicrosoftEdge=122.0.2365.92)
For documentation on this error, please visit: https://www.selenium.dev/documentation/webdriver/troubleshooting/errors#no-such-element-exception
Build info: version: '4.16.1', revision: '9b4c83354e'
System info: os.name: 'Windows 11', os.arch: 'amd64', os.version: '10.0', java.version: '17.0.9'
Driver info: org.openqa.selenium.edge.EdgeDriver
Command: [bdcf8cd65a60909fb059d49658a2faa5, findElement {using=xpath, value=//span[@class='a-list-item']}]
Capabilities {acceptInsecureCerts: false, browserName: MicrosoftEdge, browserVersion: 122.0.2365.92, fedcm:accounts: true, ms:edgeOptions: {debuggerAddress: localhost:56318}, msedge: {msedgedriverVersion: 122.0.2365.106 (a5761ec7165..., userDataDir: C:\Users\Richard\AppData\Lo...}, networkConnectionEnabled: false, pageLoadStrategy: normal, platformName: windows, proxy: Proxy(), se:cdp: ws://localhost:56318/devtoo..., se:cdpVersion: 122.0.2365.92, setWindowRect: true, strictFileInteractability: false, timeouts: {implicit: 0, pageLoad: 300000, script: 30000}, unhandledPromptBehavior: dismiss and notify, webauthn:extension:credBlob: true, webauthn:extension:largeBlob: true, webauthn:extension:minPinLength: true, webauthn:extension:prf: true, webauthn:virtualAuthenticators: true}
Session ID: bdcf8cd65a60909fb059d49658a2faa5
at org.openqa.selenium.remote.codec.w3c.W3CHttpResponseCodec.createException(W3CHttpResponseCodec.java:200)
at org.openqa.selenium.remote.codec.w3c.W3CHttpResponseCodec.decode(W3CHttpResponseCodec.java:133)
at org.openqa.selenium.remote.codec.w3c.W3CHttpResponseCodec.decode(W3CHttpResponseCodec.java:52)
at org.openqa.selenium.remote.HttpCommandExecutor.execute(HttpCommandExecutor.java:191)
at org.openqa.selenium.remote.service.DriverCommandExecutor.invokeExecute(DriverCommandExecutor.java:200)
at org.openqa.selenium.remote.service.DriverCommandExecutor.execute(DriverCommandExecutor.java:175)
at org.openqa.selenium.remote.RemoteWebDriver.execute(RemoteWebDriver.java:523)
at org.openqa.selenium.remote.ElementLocation$ElementFinder$2.findElement(ElementLocation.java:165)
at org.openqa.selenium.remote.ElementLocation.findElement(ElementLocation.java:59)
at org.openqa.selenium.remote.RemoteWebDriver.findElement(RemoteWebDriver.java:360)
at org.openqa.selenium.remote.RemoteWebDriver.findElement(RemoteWebDriver.java:354)
at org.openqa.selenium.support.pagefactory.DefaultElementLocator.findElement(DefaultElementLocator.java:68)
at org.openqa.selenium.support.pagefactory.internal.LocatingElementHandler.invoke(LocatingElementHandler.java:38)
at jdk.proxy2/jdk.proxy2.$Proxy15.isDisplayed(Unknown Source)
at Amazon.ProjectOne.Amz_B2C_Sign_In_Page_4.ChectText(Amz_B2C_Sign_In_Page_4.java:22)
at Amazon.ProjectOne.Testcase_3.UnSucessfulLogin_Testcase_3(Testcase_3.java:41)
at java.base/java.util.ArrayList.forEach(ArrayList.java:1511)
... Removed 32 stack frames]]>
    </failure>
  </testcase> <!-- UnSucessfulLogin_Testcase_3 -->
  <testcase classname="Amazon.ProjectOne.Testcase_4" name="EditUserdetails_Testcase_4" time="23.356"/>
  <testcase classname="Amazon.ProjectOne.Testcase_5" name="SearchShoes_Testcase_5" time="12.724"/>
  <testcase classname="Amazon.ProjectOne.Testcase_6" name="SearchShoesWithFilters_Testcase_6" time="39.848"/>
  <testcase classname="Amazon.ProjectOne.Testcase_7" name="OpenProductDetailsPage_Testcase_7" time="55.915"/>
  <testcase classname="Amazon.ProjectOne.Testcase_8" name="SortProductBasedOnrelevance_Testcase_8" time="19.328"/>
  <testcase classname="Amazon.ProjectOne.Testcase_9" name="AddToCart_Testcase_9" time="24.809"/>
  <testcase classname="Amazon.ProjectOne.Testcase_10" name="EditCartPage_Testcase_10" time="42.179"/>
  <testcase classname="Amazon.ProjectOne.Testcase_11" name="ProductCheckOutToOrderReview_Testcase_11" time="83.139"/>
  <testcase classname="Amazon.ProjectOne.Testcase_12" name="CheckAllPaymentsMethods_Testcase_12" time="115.285"/>
  <testcase classname="Amazon.ProjectOne.Testcase_13" name="ApplyCouponCode_Testcase_13" time="66.27"/>
  <testcase classname="Amazon.ProjectOne.Testcase_14" name="ProductReview_Testcase_14" time="20.343">
    <skipped/>
  </testcase> <!-- ProductReview_Testcase_14 -->
  <testcase classname="Amazon.ProjectOne.Testcase_14" name="ProductReview_Testcase_14" time="17.034">
    <skipped/>
  </testcase> <!-- ProductReview_Testcase_14 -->
  <testcase classname="Amazon.ProjectOne.Testcase_14" name="ProductReview_Testcase_14" time="35.487"/>
  <testcase classname="Amazon.ProjectOne.Testcase_15" name="ReachCartWithoutLogin_Testcase_15" time="22.287"/>
</testsuite> <!-- EdgeTest -->
